[2023-07-14 15:18:16,973] {taskinstance.py:1043} INFO - Dependencies all met for <TaskInstance: dagAlif.spark_submit scheduled__2023-07-13T01:00:00+00:00 [queued]>
[2023-07-14 15:18:16,990] {taskinstance.py:1043} INFO - Dependencies all met for <TaskInstance: dagAlif.spark_submit scheduled__2023-07-13T01:00:00+00:00 [queued]>
[2023-07-14 15:18:16,991] {taskinstance.py:1249} INFO - 
--------------------------------------------------------------------------------
[2023-07-14 15:18:16,991] {taskinstance.py:1250} INFO - Starting attempt 1 of 1
[2023-07-14 15:18:16,991] {taskinstance.py:1251} INFO - 
--------------------------------------------------------------------------------
[2023-07-14 15:18:17,012] {taskinstance.py:1270} INFO - Executing <Task(SparkSubmitOperator): spark_submit> on 2023-07-13 01:00:00+00:00
[2023-07-14 15:18:17,019] {standard_task_runner.py:52} INFO - Started process 23072 to run task
[2023-07-14 15:18:17,032] {standard_task_runner.py:79} INFO - Running: ['airflow', 'tasks', 'run', 'dagAlif', 'spark_submit', 'scheduled__2023-07-13T01:00:00+00:00', '--job-id', '200', '--raw', '--subdir', 'DAGS_FOLDER/dagAlif.py', '--cfg-path', '/tmp/tmp2j_4g1fj', '--error-file', '/tmp/tmpdkjits5d']
[2023-07-14 15:18:17,037] {standard_task_runner.py:80} INFO - Job 200: Subtask spark_submit
[2023-07-14 15:18:17,132] {logging_mixin.py:109} INFO - Running <TaskInstance: dagAlif.spark_submit scheduled__2023-07-13T01:00:00+00:00 [running]> on host cloud-virtual-machine.us-central1-a.c.bagas-project-386212.internal
[2023-07-14 15:18:17,279] {taskinstance.py:1448} INFO - Exporting the following env vars:
AIRFLOW_CTX_DAG_OWNER=airflow
AIRFLOW_CTX_DAG_ID=dagAlif
AIRFLOW_CTX_TASK_ID=spark_submit
AIRFLOW_CTX_EXECUTION_DATE=2023-07-13T01:00:00+00:00
AIRFLOW_CTX_DAG_RUN_ID=scheduled__2023-07-13T01:00:00+00:00
[2023-07-14 15:18:17,305] {base.py:79} INFO - Using connection to: id: spark-standalone. Host: spark://cloud-virtual-machine.us-central1-a.c.bagas-project-386212.internal, Port: 7077, Schema: , Login: , Password: None, extra: {}
[2023-07-14 15:18:17,309] {spark_submit.py:335} INFO - Spark-Submit cmd: spark-submit --master spark://cloud-virtual-machine.us-central1-a.c.bagas-project-386212.internal:7077 --name arrow-spark /home/dev/airflow/spark-code/project_5_alif.py
[2023-07-14 15:18:26,305] {spark_submit.py:488} INFO - 23/07/14 15:18:26 INFO SparkContext: Running Spark version 3.4.0
[2023-07-14 15:18:26,676] {spark_submit.py:488} INFO - 23/07/14 15:18:26 WARN NativeCodeLoader: Unable to load native-hadoop library for your platform... using builtin-java classes where applicable
[2023-07-14 15:18:27,020] {spark_submit.py:488} INFO - 23/07/14 15:18:27 INFO ResourceUtils: ==============================================================
[2023-07-14 15:18:27,021] {spark_submit.py:488} INFO - 23/07/14 15:18:27 INFO ResourceUtils: No custom resources configured for spark.driver.
[2023-07-14 15:18:27,022] {spark_submit.py:488} INFO - 23/07/14 15:18:27 INFO ResourceUtils: ==============================================================
[2023-07-14 15:18:27,023] {spark_submit.py:488} INFO - 23/07/14 15:18:27 INFO SparkContext: Submitted application: Project5_fuad
[2023-07-14 15:18:27,157] {spark_submit.py:488} INFO - 23/07/14 15:18:27 INFO ResourceProfile: Default ResourceProfile created, executor resources: Map(memory -> name: memory, amount: 1024, script: , vendor: , offHeap -> name: offHeap, amount: 0, script: , vendor: ), task resources: Map(cpus -> name: cpus, amount: 1.0)
[2023-07-14 15:18:27,208] {spark_submit.py:488} INFO - 23/07/14 15:18:27 INFO ResourceProfile: Limiting resource is cpu
[2023-07-14 15:18:27,220] {spark_submit.py:488} INFO - 23/07/14 15:18:27 INFO ResourceProfileManager: Added ResourceProfile id: 0
[2023-07-14 15:18:27,459] {spark_submit.py:488} INFO - 23/07/14 15:18:27 INFO SecurityManager: Changing view acls to: dev
[2023-07-14 15:18:27,461] {spark_submit.py:488} INFO - 23/07/14 15:18:27 INFO SecurityManager: Changing modify acls to: dev
[2023-07-14 15:18:27,462] {spark_submit.py:488} INFO - 23/07/14 15:18:27 INFO SecurityManager: Changing view acls groups to:
[2023-07-14 15:18:27,463] {spark_submit.py:488} INFO - 23/07/14 15:18:27 INFO SecurityManager: Changing modify acls groups to:
[2023-07-14 15:18:27,464] {spark_submit.py:488} INFO - 23/07/14 15:18:27 INFO SecurityManager: SecurityManager: authentication disabled; ui acls disabled; users with view permissions: dev; groups with view permissions: EMPTY; users with modify permissions: dev; groups with modify permissions: EMPTY
[2023-07-14 15:18:28,431] {spark_submit.py:488} INFO - 23/07/14 15:18:28 INFO Utils: Successfully started service 'sparkDriver' on port 34983.
[2023-07-14 15:18:28,512] {spark_submit.py:488} INFO - 23/07/14 15:18:28 INFO SparkEnv: Registering MapOutputTracker
[2023-07-14 15:18:28,623] {spark_submit.py:488} INFO - 23/07/14 15:18:28 INFO SparkEnv: Registering BlockManagerMaster
[2023-07-14 15:18:28,680] {spark_submit.py:488} INFO - 23/07/14 15:18:28 INFO BlockManagerMasterEndpoint: Using org.apache.spark.storage.DefaultTopologyMapper for getting topology information
[2023-07-14 15:18:28,681] {spark_submit.py:488} INFO - 23/07/14 15:18:28 INFO BlockManagerMasterEndpoint: BlockManagerMasterEndpoint up
[2023-07-14 15:18:28,695] {spark_submit.py:488} INFO - 23/07/14 15:18:28 INFO SparkEnv: Registering BlockManagerMasterHeartbeat
[2023-07-14 15:18:28,744] {spark_submit.py:488} INFO - 23/07/14 15:18:28 INFO DiskBlockManager: Created local directory at /tmp/blockmgr-31904399-09d4-46f8-bfdc-35a3ed0623ad
[2023-07-14 15:18:28,782] {spark_submit.py:488} INFO - 23/07/14 15:18:28 INFO MemoryStore: MemoryStore started with capacity 434.4 MiB
[2023-07-14 15:18:28,882] {spark_submit.py:488} INFO - 23/07/14 15:18:28 INFO SparkEnv: Registering OutputCommitCoordinator
[2023-07-14 15:18:29,381] {spark_submit.py:488} INFO - 23/07/14 15:18:29 INFO JettyUtils: Start Jetty 0.0.0.0:4040 for SparkUI
[2023-07-14 15:18:29,687] {spark_submit.py:488} INFO - 23/07/14 15:18:29 WARN Utils: Service 'SparkUI' could not bind on port 4040. Attempting port 4041.
[2023-07-14 15:18:29,727] {spark_submit.py:488} INFO - 23/07/14 15:18:29 INFO Utils: Successfully started service 'SparkUI' on port 4041.
[2023-07-14 15:18:30,316] {spark_submit.py:488} INFO - 23/07/14 15:18:30 INFO StandaloneAppClient$ClientEndpoint: Connecting to master spark://cloud-virtual-machine.us-central1-a.c.bagas-project-386212.internal:7077...
[2023-07-14 15:18:30,485] {spark_submit.py:488} INFO - 23/07/14 15:18:30 INFO TransportClientFactory: Successfully created connection to cloud-virtual-machine.us-central1-a.c.bagas-project-386212.internal/10.128.0.6:7077 after 110 ms (0 ms spent in bootstraps)
[2023-07-14 15:18:30,829] {spark_submit.py:488} INFO - 23/07/14 15:18:30 INFO StandaloneSchedulerBackend: Connected to Spark cluster with app ID app-20230714151830-0047
[2023-07-14 15:18:30,855] {spark_submit.py:488} INFO - 23/07/14 15:18:30 INFO StandaloneAppClient$ClientEndpoint: Executor added: app-20230714151830-0047/0 on worker-20230714071927-10.128.0.6-39719 (10.128.0.6:39719) with 1 core(s)
[2023-07-14 15:18:30,864] {spark_submit.py:488} INFO - 23/07/14 15:18:30 INFO StandaloneSchedulerBackend: Granted executor ID app-20230714151830-0047/0 on hostPort 10.128.0.6:39719 with 1 core(s), 1024.0 MiB RAM
[2023-07-14 15:18:30,875] {spark_submit.py:488} INFO - 23/07/14 15:18:30 INFO Utils: Successfully started service 'org.apache.spark.network.netty.NettyBlockTransferService' on port 37227.
[2023-07-14 15:18:30,876] {spark_submit.py:488} INFO - 23/07/14 15:18:30 INFO NettyBlockTransferService: Server created on cloud-virtual-machine.us-central1-a.c.bagas-project-386212.internal:37227
[2023-07-14 15:18:30,883] {spark_submit.py:488} INFO - 23/07/14 15:18:30 INFO BlockManager: Using org.apache.spark.storage.RandomBlockReplicationPolicy for block replication policy
[2023-07-14 15:18:30,925] {spark_submit.py:488} INFO - 23/07/14 15:18:30 INFO BlockManagerMaster: Registering BlockManager BlockManagerId(driver, cloud-virtual-machine.us-central1-a.c.bagas-project-386212.internal, 37227, None)
[2023-07-14 15:18:30,936] {spark_submit.py:488} INFO - 23/07/14 15:18:30 INFO BlockManagerMasterEndpoint: Registering block manager cloud-virtual-machine.us-central1-a.c.bagas-project-386212.internal:37227 with 434.4 MiB RAM, BlockManagerId(driver, cloud-virtual-machine.us-central1-a.c.bagas-project-386212.internal, 37227, None)
[2023-07-14 15:18:30,947] {spark_submit.py:488} INFO - 23/07/14 15:18:30 INFO BlockManagerMaster: Registered BlockManager BlockManagerId(driver, cloud-virtual-machine.us-central1-a.c.bagas-project-386212.internal, 37227, None)
[2023-07-14 15:18:30,951] {spark_submit.py:488} INFO - 23/07/14 15:18:30 INFO BlockManager: Initialized BlockManager: BlockManagerId(driver, cloud-virtual-machine.us-central1-a.c.bagas-project-386212.internal, 37227, None)
[2023-07-14 15:18:31,207] {spark_submit.py:488} INFO - 23/07/14 15:18:31 INFO StandaloneAppClient$ClientEndpoint: Executor updated: app-20230714151830-0047/0 is now RUNNING
[2023-07-14 15:18:32,116] {spark_submit.py:488} INFO - 23/07/14 15:18:32 INFO StandaloneSchedulerBackend: SchedulerBackend is ready for scheduling beginning after reached minRegisteredResourcesRatio: 0.0
[2023-07-14 15:18:32,332] {spark_submit.py:488} INFO - /opt/spark/python/lib/pyspark.zip/pyspark/context.py:317: FutureWarning: Python 3.7 support is deprecated in Spark 3.4.
[2023-07-14 15:18:32,332] {spark_submit.py:488} INFO - warnings.warn("Python 3.7 support is deprecated in Spark 3.4.", FutureWarning)
[2023-07-14 15:18:33,629] {spark_submit.py:488} INFO - 23/07/14 15:18:33 INFO SharedState: Setting hive.metastore.warehouse.dir ('null') to the value of spark.sql.warehouse.dir.
[2023-07-14 15:18:33,695] {spark_submit.py:488} INFO - 23/07/14 15:18:33 INFO SharedState: Warehouse path is 'file:/home/dev/spark-warehouse'.
[2023-07-14 15:18:40,638] {spark_submit.py:488} INFO - 23/07/14 15:18:40 INFO InMemoryFileIndex: It took 306 ms to list leaf files for 1 paths.
[2023-07-14 15:18:43,105] {spark_submit.py:488} INFO - 23/07/14 15:18:43 INFO SparkContext: Starting job: parquet at NativeMethodAccessorImpl.java:0
[2023-07-14 15:18:43,189] {spark_submit.py:488} INFO - 23/07/14 15:18:43 INFO DAGScheduler: Got job 0 (parquet at NativeMethodAccessorImpl.java:0) with 1 output partitions
[2023-07-14 15:18:43,195] {spark_submit.py:488} INFO - 23/07/14 15:18:43 INFO DAGScheduler: Final stage: ResultStage 0 (parquet at NativeMethodAccessorImpl.java:0)
[2023-07-14 15:18:43,196] {spark_submit.py:488} INFO - 23/07/14 15:18:43 INFO DAGScheduler: Parents of final stage: List()
[2023-07-14 15:18:43,206] {spark_submit.py:488} INFO - 23/07/14 15:18:43 INFO DAGScheduler: Missing parents: List()
[2023-07-14 15:18:43,220] {spark_submit.py:488} INFO - 23/07/14 15:18:43 INFO DAGScheduler: Submitting ResultStage 0 (MapPartitionsRDD[1] at parquet at NativeMethodAccessorImpl.java:0), which has no missing parents
[2023-07-14 15:18:43,567] {spark_submit.py:488} INFO - 23/07/14 15:18:43 INFO MemoryStore: Block broadcast_0 stored as values in memory (estimated size 103.2 KiB, free 434.3 MiB)
[2023-07-14 15:18:43,801] {spark_submit.py:488} INFO - 23/07/14 15:18:43 INFO MemoryStore: Block broadcast_0_piece0 stored as bytes in memory (estimated size 37.2 KiB, free 434.3 MiB)
[2023-07-14 15:18:43,820] {spark_submit.py:488} INFO - 23/07/14 15:18:43 INFO BlockManagerInfo: Added broadcast_0_piece0 in memory on cloud-virtual-machine.us-central1-a.c.bagas-project-386212.internal:37227 (size: 37.2 KiB, free: 434.4 MiB)
[2023-07-14 15:18:43,831] {spark_submit.py:488} INFO - 23/07/14 15:18:43 INFO SparkContext: Created broadcast 0 from broadcast at DAGScheduler.scala:1535
[2023-07-14 15:18:43,919] {spark_submit.py:488} INFO - 23/07/14 15:18:43 INFO DAGScheduler: Submitting 1 missing tasks from ResultStage 0 (MapPartitionsRDD[1] at parquet at NativeMethodAccessorImpl.java:0) (first 15 tasks are for partitions Vector(0))
[2023-07-14 15:18:43,931] {spark_submit.py:488} INFO - 23/07/14 15:18:43 INFO TaskSchedulerImpl: Adding task set 0.0 with 1 tasks resource profile 0
[2023-07-14 15:18:46,196] {spark_submit.py:488} INFO - 23/07/14 15:18:46 INFO StandaloneSchedulerBackend$StandaloneDriverEndpoint: Registered executor NettyRpcEndpointRef(spark-client://Executor) (10.128.0.6:37098) with ID 0,  ResourceProfileId 0
[2023-07-14 15:18:46,502] {spark_submit.py:488} INFO - 23/07/14 15:18:46 INFO BlockManagerMasterEndpoint: Registering block manager 10.128.0.6:35697 with 434.4 MiB RAM, BlockManagerId(0, 10.128.0.6, 35697, None)
[2023-07-14 15:18:46,735] {spark_submit.py:488} INFO - 23/07/14 15:18:46 INFO TaskSetManager: Starting task 0.0 in stage 0.0 (TID 0) (10.128.0.6, executor 0, partition 0, PROCESS_LOCAL, 7534 bytes)
[2023-07-14 15:18:47,803] {spark_submit.py:488} INFO - 23/07/14 15:18:47 INFO BlockManagerInfo: Added broadcast_0_piece0 in memory on 10.128.0.6:35697 (size: 37.2 KiB, free: 434.4 MiB)
[2023-07-14 15:18:51,204] {spark_submit.py:488} INFO - 23/07/14 15:18:51 INFO TaskSetManager: Finished task 0.0 in stage 0.0 (TID 0) in 4492 ms on 10.128.0.6 (executor 0) (1/1)
[2023-07-14 15:18:51,238] {spark_submit.py:488} INFO - 23/07/14 15:18:51 INFO TaskSchedulerImpl: Removed TaskSet 0.0, whose tasks have all completed, from pool
[2023-07-14 15:18:51,252] {spark_submit.py:488} INFO - 23/07/14 15:18:51 INFO DAGScheduler: ResultStage 0 (parquet at NativeMethodAccessorImpl.java:0) finished in 7.931 s
[2023-07-14 15:18:51,267] {spark_submit.py:488} INFO - 23/07/14 15:18:51 INFO DAGScheduler: Job 0 is finished. Cancelling potential speculative or zombie tasks for this job
[2023-07-14 15:18:51,281] {spark_submit.py:488} INFO - 23/07/14 15:18:51 INFO TaskSchedulerImpl: Killing all running tasks in stage 0: Stage finished
[2023-07-14 15:18:51,289] {spark_submit.py:488} INFO - 23/07/14 15:18:51 INFO DAGScheduler: Job 0 finished: parquet at NativeMethodAccessorImpl.java:0, took 8.170418 s
[2023-07-14 15:18:55,980] {spark_submit.py:488} INFO - 23/07/14 15:18:55 INFO BlockManagerInfo: Removed broadcast_0_piece0 on 10.128.0.6:35697 in memory (size: 37.2 KiB, free: 434.4 MiB)
[2023-07-14 15:18:56,007] {spark_submit.py:488} INFO - 23/07/14 15:18:56 INFO BlockManagerInfo: Removed broadcast_0_piece0 on cloud-virtual-machine.us-central1-a.c.bagas-project-386212.internal:37227 in memory (size: 37.2 KiB, free: 434.4 MiB)
[2023-07-14 15:18:58,575] {spark_submit.py:488} INFO - 23/07/14 15:18:58 INFO FileSourceStrategy: Pushed Filters:
[2023-07-14 15:18:58,579] {spark_submit.py:488} INFO - 23/07/14 15:18:58 INFO FileSourceStrategy: Post-Scan Filters:
[2023-07-14 15:19:00,420] {spark_submit.py:488} INFO - 23/07/14 15:19:00 INFO CodeGenerator: Code generated in 1215.454372 ms
[2023-07-14 15:19:00,553] {spark_submit.py:488} INFO - 23/07/14 15:19:00 INFO MemoryStore: Block broadcast_1 stored as values in memory (estimated size 201.8 KiB, free 434.2 MiB)
[2023-07-14 15:19:00,593] {spark_submit.py:488} INFO - 23/07/14 15:19:00 INFO MemoryStore: Block broadcast_1_piece0 stored as bytes in memory (estimated size 35.2 KiB, free 434.2 MiB)
[2023-07-14 15:19:00,595] {spark_submit.py:488} INFO - 23/07/14 15:19:00 INFO BlockManagerInfo: Added broadcast_1_piece0 in memory on cloud-virtual-machine.us-central1-a.c.bagas-project-386212.internal:37227 (size: 35.2 KiB, free: 434.4 MiB)
[2023-07-14 15:19:00,603] {spark_submit.py:488} INFO - 23/07/14 15:19:00 INFO SparkContext: Created broadcast 1 from showString at NativeMethodAccessorImpl.java:0
[2023-07-14 15:19:00,640] {spark_submit.py:488} INFO - 23/07/14 15:19:00 INFO FileSourceScanExec: Planning scan with bin packing, max size: 7419885 bytes, open cost is considered as scanning 4194304 bytes.
[2023-07-14 15:19:00,959] {spark_submit.py:488} INFO - 23/07/14 15:19:00 INFO SparkContext: Starting job: showString at NativeMethodAccessorImpl.java:0
[2023-07-14 15:19:00,967] {spark_submit.py:488} INFO - 23/07/14 15:19:00 INFO DAGScheduler: Got job 1 (showString at NativeMethodAccessorImpl.java:0) with 1 output partitions
[2023-07-14 15:19:00,968] {spark_submit.py:488} INFO - 23/07/14 15:19:00 INFO DAGScheduler: Final stage: ResultStage 1 (showString at NativeMethodAccessorImpl.java:0)
[2023-07-14 15:19:00,968] {spark_submit.py:488} INFO - 23/07/14 15:19:00 INFO DAGScheduler: Parents of final stage: List()
[2023-07-14 15:19:00,968] {spark_submit.py:488} INFO - 23/07/14 15:19:00 INFO DAGScheduler: Missing parents: List()
[2023-07-14 15:19:00,980] {spark_submit.py:488} INFO - 23/07/14 15:19:00 INFO DAGScheduler: Submitting ResultStage 1 (MapPartitionsRDD[5] at showString at NativeMethodAccessorImpl.java:0), which has no missing parents
[2023-07-14 15:19:01,069] {spark_submit.py:488} INFO - 23/07/14 15:19:01 INFO MemoryStore: Block broadcast_2 stored as values in memory (estimated size 18.3 KiB, free 434.2 MiB)
[2023-07-14 15:19:01,080] {spark_submit.py:488} INFO - 23/07/14 15:19:01 INFO MemoryStore: Block broadcast_2_piece0 stored as bytes in memory (estimated size 7.3 KiB, free 434.1 MiB)
[2023-07-14 15:19:01,083] {spark_submit.py:488} INFO - 23/07/14 15:19:01 INFO BlockManagerInfo: Added broadcast_2_piece0 in memory on cloud-virtual-machine.us-central1-a.c.bagas-project-386212.internal:37227 (size: 7.3 KiB, free: 434.4 MiB)
[2023-07-14 15:19:01,087] {spark_submit.py:488} INFO - 23/07/14 15:19:01 INFO SparkContext: Created broadcast 2 from broadcast at DAGScheduler.scala:1535
[2023-07-14 15:19:01,089] {spark_submit.py:488} INFO - 23/07/14 15:19:01 INFO DAGScheduler: Submitting 1 missing tasks from ResultStage 1 (MapPartitionsRDD[5] at showString at NativeMethodAccessorImpl.java:0) (first 15 tasks are for partitions Vector(0))
[2023-07-14 15:19:01,089] {spark_submit.py:488} INFO - 23/07/14 15:19:01 INFO TaskSchedulerImpl: Adding task set 1.0 with 1 tasks resource profile 0
[2023-07-14 15:19:01,104] {spark_submit.py:488} INFO - 23/07/14 15:19:01 INFO TaskSetManager: Starting task 0.0 in stage 1.0 (TID 1) (10.128.0.6, executor 0, partition 0, PROCESS_LOCAL, 7958 bytes)
[2023-07-14 15:19:01,243] {spark_submit.py:488} INFO - 23/07/14 15:19:01 INFO BlockManagerInfo: Added broadcast_2_piece0 in memory on 10.128.0.6:35697 (size: 7.3 KiB, free: 434.4 MiB)
[2023-07-14 15:19:03,021] {spark_submit.py:488} INFO - 23/07/14 15:19:03 INFO BlockManagerInfo: Added broadcast_1_piece0 in memory on 10.128.0.6:35697 (size: 35.2 KiB, free: 434.4 MiB)
[2023-07-14 15:19:05,382] {spark_submit.py:488} INFO - 23/07/14 15:19:05 INFO TaskSetManager: Finished task 0.0 in stage 1.0 (TID 1) in 4283 ms on 10.128.0.6 (executor 0) (1/1)
[2023-07-14 15:19:05,384] {spark_submit.py:488} INFO - 23/07/14 15:19:05 INFO TaskSchedulerImpl: Removed TaskSet 1.0, whose tasks have all completed, from pool
[2023-07-14 15:19:05,385] {spark_submit.py:488} INFO - 23/07/14 15:19:05 INFO DAGScheduler: ResultStage 1 (showString at NativeMethodAccessorImpl.java:0) finished in 4.391 s
[2023-07-14 15:19:05,385] {spark_submit.py:488} INFO - 23/07/14 15:19:05 INFO DAGScheduler: Job 1 is finished. Cancelling potential speculative or zombie tasks for this job
[2023-07-14 15:19:05,385] {spark_submit.py:488} INFO - 23/07/14 15:19:05 INFO TaskSchedulerImpl: Killing all running tasks in stage 1: Stage finished
[2023-07-14 15:19:05,393] {spark_submit.py:488} INFO - 23/07/14 15:19:05 INFO DAGScheduler: Job 1 finished: showString at NativeMethodAccessorImpl.java:0, took 4.426057 s
[2023-07-14 15:19:05,589] {spark_submit.py:488} INFO - 23/07/14 15:19:05 INFO CodeGenerator: Code generated in 105.638162 ms
[2023-07-14 15:19:05,674] {spark_submit.py:488} INFO - +--------------------+-------------------+-------------------+------------+------------+-------+----------------------+
[2023-07-14 15:19:05,674] {spark_submit.py:488} INFO - |dispatching_base_num|    pickup_datetime|   dropOff_datetime|PUlocationID|DOlocationID|SR_Flag|Affiliated_base_number|
[2023-07-14 15:19:05,674] {spark_submit.py:488} INFO - +--------------------+-------------------+-------------------+------------+------------+-------+----------------------+
[2023-07-14 15:19:05,674] {spark_submit.py:488} INFO - |              B00013|2021-02-01 00:01:00|2021-02-01 01:33:00|        null|        null|   null|                B00014|
[2023-07-14 15:19:05,674] {spark_submit.py:488} INFO - |     B00021         |2021-02-01 00:55:40|2021-02-01 01:06:20|       173.0|        82.0|   null|       B00021         |
[2023-07-14 15:19:05,674] {spark_submit.py:488} INFO - |     B00021         |2021-02-01 00:14:03|2021-02-01 00:28:37|       173.0|        56.0|   null|       B00021         |
[2023-07-14 15:19:05,675] {spark_submit.py:488} INFO - |     B00021         |2021-02-01 00:27:48|2021-02-01 00:35:45|        82.0|       129.0|   null|       B00021         |
[2023-07-14 15:19:05,677] {spark_submit.py:488} INFO - |              B00037|2021-02-01 00:12:50|2021-02-01 00:26:38|        null|       225.0|   null|                B00037|
[2023-07-14 15:19:05,678] {spark_submit.py:488} INFO - |              B00037|2021-02-01 00:00:37|2021-02-01 00:09:35|        null|        61.0|   null|                B00037|
[2023-07-14 15:19:05,678] {spark_submit.py:488} INFO - |              B00112|2021-02-01 00:30:25|2021-02-01 00:57:23|        null|        26.0|   null|                B00112|
[2023-07-14 15:19:05,678] {spark_submit.py:488} INFO - |              B00149|2021-02-01 00:43:16|2021-02-01 01:03:16|        null|        72.0|   null|                B00149|
[2023-07-14 15:19:05,678] {spark_submit.py:488} INFO - |              B00221|2021-02-01 00:20:45|2021-02-01 00:21:15|        null|       244.0|   null|                B00221|
[2023-07-14 15:19:05,678] {spark_submit.py:488} INFO - |              B00225|2021-02-01 00:23:27|2021-02-01 00:55:46|        null|       169.0|   null|                B00225|
[2023-07-14 15:19:05,678] {spark_submit.py:488} INFO - +--------------------+-------------------+-------------------+------------+------------+-------+----------------------+
[2023-07-14 15:19:05,678] {spark_submit.py:488} INFO - only showing top 10 rows
[2023-07-14 15:19:05,678] {spark_submit.py:488} INFO - 
[2023-07-14 15:19:05,792] {spark_submit.py:488} INFO - 23/07/14 15:19:05 INFO SparkContext: Invoking stop() from shutdown hook
[2023-07-14 15:19:05,793] {spark_submit.py:488} INFO - 23/07/14 15:19:05 INFO SparkContext: SparkContext is stopping with exitCode 0.
[2023-07-14 15:19:05,824] {spark_submit.py:488} INFO - 23/07/14 15:19:05 INFO SparkUI: Stopped Spark web UI at http://cloud-virtual-machine.us-central1-a.c.bagas-project-386212.internal:4041
[2023-07-14 15:19:05,841] {spark_submit.py:488} INFO - 23/07/14 15:19:05 INFO StandaloneSchedulerBackend: Shutting down all executors
[2023-07-14 15:19:05,845] {spark_submit.py:488} INFO - 23/07/14 15:19:05 INFO StandaloneSchedulerBackend$StandaloneDriverEndpoint: Asking each executor to shut down
[2023-07-14 15:19:05,958] {spark_submit.py:488} INFO - 23/07/14 15:19:05 INFO MapOutputTrackerMasterEndpoint: MapOutputTrackerMasterEndpoint stopped!
[2023-07-14 15:19:05,999] {spark_submit.py:488} INFO - 23/07/14 15:19:05 INFO MemoryStore: MemoryStore cleared
[2023-07-14 15:19:06,000] {spark_submit.py:488} INFO - 23/07/14 15:19:05 INFO BlockManager: BlockManager stopped
[2023-07-14 15:19:06,005] {spark_submit.py:488} INFO - 23/07/14 15:19:06 INFO BlockManagerMaster: BlockManagerMaster stopped
[2023-07-14 15:19:06,012] {spark_submit.py:488} INFO - 23/07/14 15:19:06 INFO OutputCommitCoordinator$OutputCommitCoordinatorEndpoint: OutputCommitCoordinator stopped!
[2023-07-14 15:19:06,056] {spark_submit.py:488} INFO - 23/07/14 15:19:06 INFO SparkContext: Successfully stopped SparkContext
[2023-07-14 15:19:06,056] {spark_submit.py:488} INFO - 23/07/14 15:19:06 INFO ShutdownHookManager: Shutdown hook called
[2023-07-14 15:19:06,058] {spark_submit.py:488} INFO - 23/07/14 15:19:06 INFO ShutdownHookManager: Deleting directory /tmp/spark-d2cc4253-95f5-4de8-8e99-c7894efaeb60
[2023-07-14 15:19:06,068] {spark_submit.py:488} INFO - 23/07/14 15:19:06 INFO ShutdownHookManager: Deleting directory /tmp/spark-0b437708-31a5-47ea-968d-27982074fbf2
[2023-07-14 15:19:06,079] {spark_submit.py:488} INFO - 23/07/14 15:19:06 INFO ShutdownHookManager: Deleting directory /tmp/spark-0b437708-31a5-47ea-968d-27982074fbf2/pyspark-f89b9957-5440-43f3-b9b0-c9d696fe7736
[2023-07-14 15:19:06,242] {taskinstance.py:1288} INFO - Marking task as SUCCESS. dag_id=dagAlif, task_id=spark_submit, execution_date=20230713T010000, start_date=20230714T151816, end_date=20230714T151906
[2023-07-14 15:19:06,277] {local_task_job.py:154} INFO - Task exited with return code 0
[2023-07-14 15:19:06,308] {local_task_job.py:264} INFO - 1 downstream tasks scheduled from follow-on schedule check
[2023-07-14 15:19:06,321] {dagrun.py:545} INFO - Marking run <DagRun dagAlif @ 2023-07-13 01:00:00+00:00: scheduled__2023-07-13T01:00:00+00:00, externally triggered: False> successful
[2023-07-14 15:19:06,323] {dagrun.py:605} INFO - DagRun Finished: dag_id=dagAlif, execution_date=2023-07-13 01:00:00+00:00, run_id=scheduled__2023-07-13T01:00:00+00:00, run_start_date=2023-07-14 15:18:12.303349+00:00, run_end_date=2023-07-14 15:19:06.322992+00:00, run_duration=54.019643, state=success, external_trigger=False, run_type=scheduled, data_interval_start=2023-07-13 01:00:00+00:00, data_interval_end=2023-07-14 01:00:00+00:00, dag_hash=2db96c62e2246386c85ae138778331e8
