[2023-07-14 15:59:21,662] {taskinstance.py:1043} INFO - Dependencies all met for <TaskInstance: dagAlif.spark_submit scheduled__2023-07-13T01:00:00+00:00 [queued]>
[2023-07-14 15:59:21,670] {taskinstance.py:1043} INFO - Dependencies all met for <TaskInstance: dagAlif.spark_submit scheduled__2023-07-13T01:00:00+00:00 [queued]>
[2023-07-14 15:59:21,670] {taskinstance.py:1249} INFO - 
--------------------------------------------------------------------------------
[2023-07-14 15:59:21,670] {taskinstance.py:1250} INFO - Starting attempt 2 of 2
[2023-07-14 15:59:21,670] {taskinstance.py:1251} INFO - 
--------------------------------------------------------------------------------
[2023-07-14 15:59:21,688] {taskinstance.py:1270} INFO - Executing <Task(SparkSubmitOperator): spark_submit> on 2023-07-13 01:00:00+00:00
[2023-07-14 15:59:21,693] {standard_task_runner.py:52} INFO - Started process 27358 to run task
[2023-07-14 15:59:21,703] {standard_task_runner.py:79} INFO - Running: ['airflow', 'tasks', 'run', 'dagAlif', 'spark_submit', 'scheduled__2023-07-13T01:00:00+00:00', '--job-id', '202', '--raw', '--subdir', 'DAGS_FOLDER/dagAlif.py', '--cfg-path', '/tmp/tmpbbis1391', '--error-file', '/tmp/tmp6qvw0x52']
[2023-07-14 15:59:21,706] {standard_task_runner.py:80} INFO - Job 202: Subtask spark_submit
[2023-07-14 15:59:21,774] {logging_mixin.py:109} INFO - Running <TaskInstance: dagAlif.spark_submit scheduled__2023-07-13T01:00:00+00:00 [running]> on host cloud-virtual-machine.us-central1-a.c.bagas-project-386212.internal
[2023-07-14 15:59:21,812] {taskinstance.py:1448} INFO - Exporting the following env vars:
AIRFLOW_CTX_DAG_OWNER=airflow
AIRFLOW_CTX_DAG_ID=dagAlif
AIRFLOW_CTX_TASK_ID=spark_submit
AIRFLOW_CTX_EXECUTION_DATE=2023-07-13T01:00:00+00:00
AIRFLOW_CTX_DAG_RUN_ID=scheduled__2023-07-13T01:00:00+00:00
[2023-07-14 15:59:21,817] {base.py:79} INFO - Using connection to: id: spark-standalone. Host: spark://cloud-virtual-machine.us-central1-a.c.bagas-project-386212.internal, Port: 7077, Schema: , Login: , Password: None, extra: {}
[2023-07-14 15:59:21,819] {spark_submit.py:335} INFO - Spark-Submit cmd: spark-submit --master spark://cloud-virtual-machine.us-central1-a.c.bagas-project-386212.internal:7077 --name arrow-spark /home/dev/airflow/spark-code/project_5_alif.py
[2023-07-14 15:59:27,997] {spark_submit.py:488} INFO - 23/07/14 15:59:27 INFO SparkContext: Running Spark version 3.4.0
[2023-07-14 15:59:28,238] {spark_submit.py:488} INFO - 23/07/14 15:59:28 WARN NativeCodeLoader: Unable to load native-hadoop library for your platform... using builtin-java classes where applicable
[2023-07-14 15:59:28,513] {spark_submit.py:488} INFO - 23/07/14 15:59:28 INFO ResourceUtils: ==============================================================
[2023-07-14 15:59:28,514] {spark_submit.py:488} INFO - 23/07/14 15:59:28 INFO ResourceUtils: No custom resources configured for spark.driver.
[2023-07-14 15:59:28,515] {spark_submit.py:488} INFO - 23/07/14 15:59:28 INFO ResourceUtils: ==============================================================
[2023-07-14 15:59:28,516] {spark_submit.py:488} INFO - 23/07/14 15:59:28 INFO SparkContext: Submitted application: project_5_alif
[2023-07-14 15:59:28,564] {spark_submit.py:488} INFO - 23/07/14 15:59:28 INFO ResourceProfile: Default ResourceProfile created, executor resources: Map(memory -> name: memory, amount: 1024, script: , vendor: , offHeap -> name: offHeap, amount: 0, script: , vendor: ), task resources: Map(cpus -> name: cpus, amount: 1.0)
[2023-07-14 15:59:28,591] {spark_submit.py:488} INFO - 23/07/14 15:59:28 INFO ResourceProfile: Limiting resource is cpu
[2023-07-14 15:59:28,593] {spark_submit.py:488} INFO - 23/07/14 15:59:28 INFO ResourceProfileManager: Added ResourceProfile id: 0
[2023-07-14 15:59:28,740] {spark_submit.py:488} INFO - 23/07/14 15:59:28 INFO SecurityManager: Changing view acls to: dev
[2023-07-14 15:59:28,741] {spark_submit.py:488} INFO - 23/07/14 15:59:28 INFO SecurityManager: Changing modify acls to: dev
[2023-07-14 15:59:28,742] {spark_submit.py:488} INFO - 23/07/14 15:59:28 INFO SecurityManager: Changing view acls groups to:
[2023-07-14 15:59:28,744] {spark_submit.py:488} INFO - 23/07/14 15:59:28 INFO SecurityManager: Changing modify acls groups to:
[2023-07-14 15:59:28,744] {spark_submit.py:488} INFO - 23/07/14 15:59:28 INFO SecurityManager: SecurityManager: authentication disabled; ui acls disabled; users with view permissions: dev; groups with view permissions: EMPTY; users with modify permissions: dev; groups with modify permissions: EMPTY
[2023-07-14 15:59:29,346] {spark_submit.py:488} INFO - 23/07/14 15:59:29 INFO Utils: Successfully started service 'sparkDriver' on port 38511.
[2023-07-14 15:59:29,494] {spark_submit.py:488} INFO - 23/07/14 15:59:29 INFO SparkEnv: Registering MapOutputTracker
[2023-07-14 15:59:29,671] {spark_submit.py:488} INFO - 23/07/14 15:59:29 INFO SparkEnv: Registering BlockManagerMaster
[2023-07-14 15:59:29,747] {spark_submit.py:488} INFO - 23/07/14 15:59:29 INFO BlockManagerMasterEndpoint: Using org.apache.spark.storage.DefaultTopologyMapper for getting topology information
[2023-07-14 15:59:29,751] {spark_submit.py:488} INFO - 23/07/14 15:59:29 INFO BlockManagerMasterEndpoint: BlockManagerMasterEndpoint up
[2023-07-14 15:59:29,761] {spark_submit.py:488} INFO - 23/07/14 15:59:29 INFO SparkEnv: Registering BlockManagerMasterHeartbeat
[2023-07-14 15:59:29,831] {spark_submit.py:488} INFO - 23/07/14 15:59:29 INFO DiskBlockManager: Created local directory at /tmp/blockmgr-504d1896-40a4-44a1-bcd4-bb39af37c98a
[2023-07-14 15:59:29,916] {spark_submit.py:488} INFO - 23/07/14 15:59:29 INFO MemoryStore: MemoryStore started with capacity 434.4 MiB
[2023-07-14 15:59:29,965] {spark_submit.py:488} INFO - 23/07/14 15:59:29 INFO SparkEnv: Registering OutputCommitCoordinator
[2023-07-14 15:59:30,413] {spark_submit.py:488} INFO - 23/07/14 15:59:30 INFO JettyUtils: Start Jetty 0.0.0.0:4040 for SparkUI
[2023-07-14 15:59:30,553] {spark_submit.py:488} INFO - 23/07/14 15:59:30 WARN Utils: Service 'SparkUI' could not bind on port 4040. Attempting port 4041.
[2023-07-14 15:59:30,579] {spark_submit.py:488} INFO - 23/07/14 15:59:30 INFO Utils: Successfully started service 'SparkUI' on port 4041.
[2023-07-14 15:59:30,926] {spark_submit.py:488} INFO - 23/07/14 15:59:30 INFO StandaloneAppClient$ClientEndpoint: Connecting to master spark://cloud-virtual-machine.us-central1-a.c.bagas-project-386212.internal:7077...
[2023-07-14 15:59:31,062] {spark_submit.py:488} INFO - 23/07/14 15:59:31 INFO TransportClientFactory: Successfully created connection to cloud-virtual-machine.us-central1-a.c.bagas-project-386212.internal/10.128.0.6:7077 after 77 ms (0 ms spent in bootstraps)
[2023-07-14 15:59:31,390] {spark_submit.py:488} INFO - 23/07/14 15:59:31 INFO StandaloneSchedulerBackend: Connected to Spark cluster with app ID app-20230714155931-0049
[2023-07-14 15:59:31,410] {spark_submit.py:488} INFO - 23/07/14 15:59:31 INFO StandaloneAppClient$ClientEndpoint: Executor added: app-20230714155931-0049/0 on worker-20230714071927-10.128.0.6-39719 (10.128.0.6:39719) with 1 core(s)
[2023-07-14 15:59:31,422] {spark_submit.py:488} INFO - 23/07/14 15:59:31 INFO StandaloneSchedulerBackend: Granted executor ID app-20230714155931-0049/0 on hostPort 10.128.0.6:39719 with 1 core(s), 1024.0 MiB RAM
[2023-07-14 15:59:31,448] {spark_submit.py:488} INFO - 23/07/14 15:59:31 INFO Utils: Successfully started service 'org.apache.spark.network.netty.NettyBlockTransferService' on port 35259.
[2023-07-14 15:59:31,449] {spark_submit.py:488} INFO - 23/07/14 15:59:31 INFO NettyBlockTransferService: Server created on cloud-virtual-machine.us-central1-a.c.bagas-project-386212.internal:35259
[2023-07-14 15:59:31,460] {spark_submit.py:488} INFO - 23/07/14 15:59:31 INFO BlockManager: Using org.apache.spark.storage.RandomBlockReplicationPolicy for block replication policy
[2023-07-14 15:59:31,539] {spark_submit.py:488} INFO - 23/07/14 15:59:31 INFO BlockManagerMaster: Registering BlockManager BlockManagerId(driver, cloud-virtual-machine.us-central1-a.c.bagas-project-386212.internal, 35259, None)
[2023-07-14 15:59:31,565] {spark_submit.py:488} INFO - 23/07/14 15:59:31 INFO BlockManagerMasterEndpoint: Registering block manager cloud-virtual-machine.us-central1-a.c.bagas-project-386212.internal:35259 with 434.4 MiB RAM, BlockManagerId(driver, cloud-virtual-machine.us-central1-a.c.bagas-project-386212.internal, 35259, None)
[2023-07-14 15:59:31,571] {spark_submit.py:488} INFO - 23/07/14 15:59:31 INFO BlockManagerMaster: Registered BlockManager BlockManagerId(driver, cloud-virtual-machine.us-central1-a.c.bagas-project-386212.internal, 35259, None)
[2023-07-14 15:59:31,581] {spark_submit.py:488} INFO - 23/07/14 15:59:31 INFO BlockManager: Initialized BlockManager: BlockManagerId(driver, cloud-virtual-machine.us-central1-a.c.bagas-project-386212.internal, 35259, None)
[2023-07-14 15:59:31,644] {spark_submit.py:488} INFO - 23/07/14 15:59:31 INFO StandaloneAppClient$ClientEndpoint: Executor updated: app-20230714155931-0049/0 is now RUNNING
[2023-07-14 15:59:32,492] {spark_submit.py:488} INFO - 23/07/14 15:59:32 INFO StandaloneSchedulerBackend: SchedulerBackend is ready for scheduling beginning after reached minRegisteredResourcesRatio: 0.0
[2023-07-14 15:59:32,636] {spark_submit.py:488} INFO - /opt/spark/python/lib/pyspark.zip/pyspark/context.py:317: FutureWarning: Python 3.7 support is deprecated in Spark 3.4.
[2023-07-14 15:59:32,636] {spark_submit.py:488} INFO - warnings.warn("Python 3.7 support is deprecated in Spark 3.4.", FutureWarning)
[2023-07-14 15:59:33,828] {spark_submit.py:488} INFO - 23/07/14 15:59:33 INFO SharedState: Setting hive.metastore.warehouse.dir ('null') to the value of spark.sql.warehouse.dir.
[2023-07-14 15:59:33,872] {spark_submit.py:488} INFO - 23/07/14 15:59:33 INFO SharedState: Warehouse path is 'file:/home/dev/spark-warehouse'.
[2023-07-14 15:59:38,521] {spark_submit.py:488} INFO - 23/07/14 15:59:38 INFO InMemoryFileIndex: It took 240 ms to list leaf files for 1 paths.
[2023-07-14 15:59:40,440] {spark_submit.py:488} INFO - 23/07/14 15:59:40 INFO SparkContext: Starting job: parquet at NativeMethodAccessorImpl.java:0
[2023-07-14 15:59:40,522] {spark_submit.py:488} INFO - 23/07/14 15:59:40 INFO DAGScheduler: Got job 0 (parquet at NativeMethodAccessorImpl.java:0) with 1 output partitions
[2023-07-14 15:59:40,523] {spark_submit.py:488} INFO - 23/07/14 15:59:40 INFO DAGScheduler: Final stage: ResultStage 0 (parquet at NativeMethodAccessorImpl.java:0)
[2023-07-14 15:59:40,542] {spark_submit.py:488} INFO - 23/07/14 15:59:40 INFO DAGScheduler: Parents of final stage: List()
[2023-07-14 15:59:40,545] {spark_submit.py:488} INFO - 23/07/14 15:59:40 INFO DAGScheduler: Missing parents: List()
[2023-07-14 15:59:40,569] {spark_submit.py:488} INFO - 23/07/14 15:59:40 INFO DAGScheduler: Submitting ResultStage 0 (MapPartitionsRDD[1] at parquet at NativeMethodAccessorImpl.java:0), which has no missing parents
[2023-07-14 15:59:40,895] {spark_submit.py:488} INFO - 23/07/14 15:59:40 INFO MemoryStore: Block broadcast_0 stored as values in memory (estimated size 103.2 KiB, free 434.3 MiB)
[2023-07-14 15:59:41,063] {spark_submit.py:488} INFO - 23/07/14 15:59:41 INFO MemoryStore: Block broadcast_0_piece0 stored as bytes in memory (estimated size 37.1 KiB, free 434.3 MiB)
[2023-07-14 15:59:41,073] {spark_submit.py:488} INFO - 23/07/14 15:59:41 INFO BlockManagerInfo: Added broadcast_0_piece0 in memory on cloud-virtual-machine.us-central1-a.c.bagas-project-386212.internal:35259 (size: 37.1 KiB, free: 434.4 MiB)
[2023-07-14 15:59:41,086] {spark_submit.py:488} INFO - 23/07/14 15:59:41 INFO SparkContext: Created broadcast 0 from broadcast at DAGScheduler.scala:1535
[2023-07-14 15:59:41,167] {spark_submit.py:488} INFO - 23/07/14 15:59:41 INFO DAGScheduler: Submitting 1 missing tasks from ResultStage 0 (MapPartitionsRDD[1] at parquet at NativeMethodAccessorImpl.java:0) (first 15 tasks are for partitions Vector(0))
[2023-07-14 15:59:41,171] {spark_submit.py:488} INFO - 23/07/14 15:59:41 INFO TaskSchedulerImpl: Adding task set 0.0 with 1 tasks resource profile 0
[2023-07-14 15:59:41,870] {spark_submit.py:488} INFO - 23/07/14 15:59:41 INFO StandaloneSchedulerBackend$StandaloneDriverEndpoint: Registered executor NettyRpcEndpointRef(spark-client://Executor) (10.128.0.6:48566) with ID 0,  ResourceProfileId 0
[2023-07-14 15:59:42,040] {spark_submit.py:488} INFO - 23/07/14 15:59:42 INFO BlockManagerMasterEndpoint: Registering block manager 10.128.0.6:36219 with 434.4 MiB RAM, BlockManagerId(0, 10.128.0.6, 36219, None)
[2023-07-14 15:59:42,280] {spark_submit.py:488} INFO - 23/07/14 15:59:42 INFO TaskSetManager: Starting task 0.0 in stage 0.0 (TID 0) (10.128.0.6, executor 0, partition 0, PROCESS_LOCAL, 7534 bytes)
[2023-07-14 15:59:43,057] {spark_submit.py:488} INFO - 23/07/14 15:59:43 INFO BlockManagerInfo: Added broadcast_0_piece0 in memory on 10.128.0.6:36219 (size: 37.1 KiB, free: 434.4 MiB)
[2023-07-14 15:59:44,666] {spark_submit.py:488} INFO - 23/07/14 15:59:44 INFO TaskSetManager: Finished task 0.0 in stage 0.0 (TID 0) in 2417 ms on 10.128.0.6 (executor 0) (1/1)
[2023-07-14 15:59:44,679] {spark_submit.py:488} INFO - 23/07/14 15:59:44 INFO TaskSchedulerImpl: Removed TaskSet 0.0, whose tasks have all completed, from pool
[2023-07-14 15:59:44,733] {spark_submit.py:488} INFO - 23/07/14 15:59:44 INFO DAGScheduler: ResultStage 0 (parquet at NativeMethodAccessorImpl.java:0) finished in 4.094 s
[2023-07-14 15:59:44,756] {spark_submit.py:488} INFO - 23/07/14 15:59:44 INFO DAGScheduler: Job 0 is finished. Cancelling potential speculative or zombie tasks for this job
[2023-07-14 15:59:44,763] {spark_submit.py:488} INFO - 23/07/14 15:59:44 INFO TaskSchedulerImpl: Killing all running tasks in stage 0: Stage finished
[2023-07-14 15:59:44,789] {spark_submit.py:488} INFO - 23/07/14 15:59:44 INFO DAGScheduler: Job 0 finished: parquet at NativeMethodAccessorImpl.java:0, took 4.342903 s
[2023-07-14 15:59:47,859] {spark_submit.py:488} INFO - 23/07/14 15:59:47 INFO BlockManagerInfo: Removed broadcast_0_piece0 on cloud-virtual-machine.us-central1-a.c.bagas-project-386212.internal:35259 in memory (size: 37.1 KiB, free: 434.4 MiB)
[2023-07-14 15:59:47,897] {spark_submit.py:488} INFO - 23/07/14 15:59:47 INFO BlockManagerInfo: Removed broadcast_0_piece0 on 10.128.0.6:36219 in memory (size: 37.1 KiB, free: 434.4 MiB)
[2023-07-14 15:59:50,564] {spark_submit.py:488} INFO - 23/07/14 15:59:50 INFO FileSourceStrategy: Pushed Filters:
[2023-07-14 15:59:50,567] {spark_submit.py:488} INFO - 23/07/14 15:59:50 INFO FileSourceStrategy: Post-Scan Filters:
[2023-07-14 15:59:51,545] {spark_submit.py:488} INFO - 23/07/14 15:59:51 INFO CodeGenerator: Code generated in 574.185055 ms
[2023-07-14 15:59:51,609] {spark_submit.py:488} INFO - 23/07/14 15:59:51 INFO MemoryStore: Block broadcast_1 stored as values in memory (estimated size 201.8 KiB, free 434.2 MiB)
[2023-07-14 15:59:51,641] {spark_submit.py:488} INFO - 23/07/14 15:59:51 INFO MemoryStore: Block broadcast_1_piece0 stored as bytes in memory (estimated size 35.2 KiB, free 434.2 MiB)
[2023-07-14 15:59:51,643] {spark_submit.py:488} INFO - 23/07/14 15:59:51 INFO BlockManagerInfo: Added broadcast_1_piece0 in memory on cloud-virtual-machine.us-central1-a.c.bagas-project-386212.internal:35259 (size: 35.2 KiB, free: 434.4 MiB)
[2023-07-14 15:59:51,648] {spark_submit.py:488} INFO - 23/07/14 15:59:51 INFO SparkContext: Created broadcast 1 from showString at NativeMethodAccessorImpl.java:0
[2023-07-14 15:59:51,671] {spark_submit.py:488} INFO - 23/07/14 15:59:51 INFO FileSourceScanExec: Planning scan with bin packing, max size: 7419885 bytes, open cost is considered as scanning 4194304 bytes.
[2023-07-14 15:59:51,765] {spark_submit.py:488} INFO - 23/07/14 15:59:51 INFO SparkContext: Starting job: showString at NativeMethodAccessorImpl.java:0
[2023-07-14 15:59:51,768] {spark_submit.py:488} INFO - 23/07/14 15:59:51 INFO DAGScheduler: Got job 1 (showString at NativeMethodAccessorImpl.java:0) with 1 output partitions
[2023-07-14 15:59:51,769] {spark_submit.py:488} INFO - 23/07/14 15:59:51 INFO DAGScheduler: Final stage: ResultStage 1 (showString at NativeMethodAccessorImpl.java:0)
[2023-07-14 15:59:51,769] {spark_submit.py:488} INFO - 23/07/14 15:59:51 INFO DAGScheduler: Parents of final stage: List()
[2023-07-14 15:59:51,769] {spark_submit.py:488} INFO - 23/07/14 15:59:51 INFO DAGScheduler: Missing parents: List()
[2023-07-14 15:59:51,773] {spark_submit.py:488} INFO - 23/07/14 15:59:51 INFO DAGScheduler: Submitting ResultStage 1 (MapPartitionsRDD[5] at showString at NativeMethodAccessorImpl.java:0), which has no missing parents
[2023-07-14 15:59:51,826] {spark_submit.py:488} INFO - 23/07/14 15:59:51 INFO MemoryStore: Block broadcast_2 stored as values in memory (estimated size 18.3 KiB, free 434.2 MiB)
[2023-07-14 15:59:51,839] {spark_submit.py:488} INFO - 23/07/14 15:59:51 INFO MemoryStore: Block broadcast_2_piece0 stored as bytes in memory (estimated size 7.3 KiB, free 434.1 MiB)
[2023-07-14 15:59:51,841] {spark_submit.py:488} INFO - 23/07/14 15:59:51 INFO BlockManagerInfo: Added broadcast_2_piece0 in memory on cloud-virtual-machine.us-central1-a.c.bagas-project-386212.internal:35259 (size: 7.3 KiB, free: 434.4 MiB)
[2023-07-14 15:59:51,842] {spark_submit.py:488} INFO - 23/07/14 15:59:51 INFO SparkContext: Created broadcast 2 from broadcast at DAGScheduler.scala:1535
[2023-07-14 15:59:51,844] {spark_submit.py:488} INFO - 23/07/14 15:59:51 INFO DAGScheduler: Submitting 1 missing tasks from ResultStage 1 (MapPartitionsRDD[5] at showString at NativeMethodAccessorImpl.java:0) (first 15 tasks are for partitions Vector(0))
[2023-07-14 15:59:51,844] {spark_submit.py:488} INFO - 23/07/14 15:59:51 INFO TaskSchedulerImpl: Adding task set 1.0 with 1 tasks resource profile 0
[2023-07-14 15:59:51,850] {spark_submit.py:488} INFO - 23/07/14 15:59:51 INFO TaskSetManager: Starting task 0.0 in stage 1.0 (TID 1) (10.128.0.6, executor 0, partition 0, PROCESS_LOCAL, 7958 bytes)
[2023-07-14 15:59:51,936] {spark_submit.py:488} INFO - 23/07/14 15:59:51 INFO BlockManagerInfo: Added broadcast_2_piece0 in memory on 10.128.0.6:36219 (size: 7.3 KiB, free: 434.4 MiB)
[2023-07-14 15:59:53,039] {spark_submit.py:488} INFO - 23/07/14 15:59:53 INFO BlockManagerInfo: Added broadcast_1_piece0 in memory on 10.128.0.6:36219 (size: 35.2 KiB, free: 434.4 MiB)
[2023-07-14 15:59:55,317] {spark_submit.py:488} INFO - 23/07/14 15:59:55 INFO TaskSetManager: Finished task 0.0 in stage 1.0 (TID 1) in 3471 ms on 10.128.0.6 (executor 0) (1/1)
[2023-07-14 15:59:55,318] {spark_submit.py:488} INFO - 23/07/14 15:59:55 INFO TaskSchedulerImpl: Removed TaskSet 1.0, whose tasks have all completed, from pool
[2023-07-14 15:59:55,320] {spark_submit.py:488} INFO - 23/07/14 15:59:55 INFO DAGScheduler: ResultStage 1 (showString at NativeMethodAccessorImpl.java:0) finished in 3.540 s
[2023-07-14 15:59:55,322] {spark_submit.py:488} INFO - 23/07/14 15:59:55 INFO DAGScheduler: Job 1 is finished. Cancelling potential speculative or zombie tasks for this job
[2023-07-14 15:59:55,322] {spark_submit.py:488} INFO - 23/07/14 15:59:55 INFO TaskSchedulerImpl: Killing all running tasks in stage 1: Stage finished
[2023-07-14 15:59:55,324] {spark_submit.py:488} INFO - 23/07/14 15:59:55 INFO DAGScheduler: Job 1 finished: showString at NativeMethodAccessorImpl.java:0, took 3.557254 s
[2023-07-14 15:59:55,417] {spark_submit.py:488} INFO - 23/07/14 15:59:55 INFO CodeGenerator: Code generated in 42.915434 ms
[2023-07-14 15:59:55,484] {spark_submit.py:488} INFO - +--------------------+-------------------+-------------------+------------+------------+-------+----------------------+
[2023-07-14 15:59:55,484] {spark_submit.py:488} INFO - |dispatching_base_num|    pickup_datetime|   dropOff_datetime|PUlocationID|DOlocationID|SR_Flag|Affiliated_base_number|
[2023-07-14 15:59:55,484] {spark_submit.py:488} INFO - +--------------------+-------------------+-------------------+------------+------------+-------+----------------------+
[2023-07-14 15:59:55,484] {spark_submit.py:488} INFO - |              B00013|2021-02-01 00:01:00|2021-02-01 01:33:00|        null|        null|   null|                B00014|
[2023-07-14 15:59:55,484] {spark_submit.py:488} INFO - |     B00021         |2021-02-01 00:55:40|2021-02-01 01:06:20|       173.0|        82.0|   null|       B00021         |
[2023-07-14 15:59:55,484] {spark_submit.py:488} INFO - |     B00021         |2021-02-01 00:14:03|2021-02-01 00:28:37|       173.0|        56.0|   null|       B00021         |
[2023-07-14 15:59:55,484] {spark_submit.py:488} INFO - |     B00021         |2021-02-01 00:27:48|2021-02-01 00:35:45|        82.0|       129.0|   null|       B00021         |
[2023-07-14 15:59:55,484] {spark_submit.py:488} INFO - |              B00037|2021-02-01 00:12:50|2021-02-01 00:26:38|        null|       225.0|   null|                B00037|
[2023-07-14 15:59:55,484] {spark_submit.py:488} INFO - |              B00037|2021-02-01 00:00:37|2021-02-01 00:09:35|        null|        61.0|   null|                B00037|
[2023-07-14 15:59:55,484] {spark_submit.py:488} INFO - |              B00112|2021-02-01 00:30:25|2021-02-01 00:57:23|        null|        26.0|   null|                B00112|
[2023-07-14 15:59:55,485] {spark_submit.py:488} INFO - |              B00149|2021-02-01 00:43:16|2021-02-01 01:03:16|        null|        72.0|   null|                B00149|
[2023-07-14 15:59:55,485] {spark_submit.py:488} INFO - |              B00221|2021-02-01 00:20:45|2021-02-01 00:21:15|        null|       244.0|   null|                B00221|
[2023-07-14 15:59:55,485] {spark_submit.py:488} INFO - |              B00225|2021-02-01 00:23:27|2021-02-01 00:55:46|        null|       169.0|   null|                B00225|
[2023-07-14 15:59:55,485] {spark_submit.py:488} INFO - +--------------------+-------------------+-------------------+------------+------------+-------+----------------------+
[2023-07-14 15:59:55,485] {spark_submit.py:488} INFO - only showing top 10 rows
[2023-07-14 15:59:55,485] {spark_submit.py:488} INFO - 
[2023-07-14 15:59:55,618] {spark_submit.py:488} INFO - 23/07/14 15:59:55 INFO SparkContext: Invoking stop() from shutdown hook
[2023-07-14 15:59:55,619] {spark_submit.py:488} INFO - 23/07/14 15:59:55 INFO SparkContext: SparkContext is stopping with exitCode 0.
[2023-07-14 15:59:55,640] {spark_submit.py:488} INFO - 23/07/14 15:59:55 INFO SparkUI: Stopped Spark web UI at http://cloud-virtual-machine.us-central1-a.c.bagas-project-386212.internal:4041
[2023-07-14 15:59:55,656] {spark_submit.py:488} INFO - 23/07/14 15:59:55 INFO StandaloneSchedulerBackend: Shutting down all executors
[2023-07-14 15:59:55,661] {spark_submit.py:488} INFO - 23/07/14 15:59:55 INFO StandaloneSchedulerBackend$StandaloneDriverEndpoint: Asking each executor to shut down
[2023-07-14 15:59:55,726] {spark_submit.py:488} INFO - 23/07/14 15:59:55 INFO MapOutputTrackerMasterEndpoint: MapOutputTrackerMasterEndpoint stopped!
[2023-07-14 15:59:55,752] {spark_submit.py:488} INFO - 23/07/14 15:59:55 INFO MemoryStore: MemoryStore cleared
[2023-07-14 15:59:55,756] {spark_submit.py:488} INFO - 23/07/14 15:59:55 INFO BlockManager: BlockManager stopped
[2023-07-14 15:59:55,783] {spark_submit.py:488} INFO - 23/07/14 15:59:55 INFO BlockManagerMaster: BlockManagerMaster stopped
[2023-07-14 15:59:55,805] {spark_submit.py:488} INFO - 23/07/14 15:59:55 INFO OutputCommitCoordinator$OutputCommitCoordinatorEndpoint: OutputCommitCoordinator stopped!
[2023-07-14 15:59:55,839] {spark_submit.py:488} INFO - 23/07/14 15:59:55 INFO SparkContext: Successfully stopped SparkContext
[2023-07-14 15:59:55,840] {spark_submit.py:488} INFO - 23/07/14 15:59:55 INFO ShutdownHookManager: Shutdown hook called
[2023-07-14 15:59:55,840] {spark_submit.py:488} INFO - 23/07/14 15:59:55 INFO ShutdownHookManager: Deleting directory /tmp/spark-ef771a09-5824-4508-8914-d304d96946ee
[2023-07-14 15:59:55,846] {spark_submit.py:488} INFO - 23/07/14 15:59:55 INFO ShutdownHookManager: Deleting directory /tmp/spark-f6fd3914-c182-4f92-b44e-13b0906e2b19
[2023-07-14 15:59:55,851] {spark_submit.py:488} INFO - 23/07/14 15:59:55 INFO ShutdownHookManager: Deleting directory /tmp/spark-f6fd3914-c182-4f92-b44e-13b0906e2b19/pyspark-6f272721-fb3e-48f5-ad90-8ef58b218dbb
[2023-07-14 15:59:55,945] {taskinstance.py:1288} INFO - Marking task as SUCCESS. dag_id=dagAlif, task_id=spark_submit, execution_date=20230713T010000, start_date=20230714T155921, end_date=20230714T155955
[2023-07-14 15:59:55,984] {local_task_job.py:154} INFO - Task exited with return code 0
[2023-07-14 15:59:56,013] {local_task_job.py:264} INFO - 1 downstream tasks scheduled from follow-on schedule check
