[2023-07-15 01:03:43,014] {taskinstance.py:1043} INFO - Dependencies all met for <TaskInstance: dagAlif.spark_submit scheduled__2023-07-14T01:00:00+00:00 [queued]>
[2023-07-15 01:03:43,022] {taskinstance.py:1043} INFO - Dependencies all met for <TaskInstance: dagAlif.spark_submit scheduled__2023-07-14T01:00:00+00:00 [queued]>
[2023-07-15 01:03:43,023] {taskinstance.py:1249} INFO - 
--------------------------------------------------------------------------------
[2023-07-15 01:03:43,023] {taskinstance.py:1250} INFO - Starting attempt 1 of 1
[2023-07-15 01:03:43,023] {taskinstance.py:1251} INFO - 
--------------------------------------------------------------------------------
[2023-07-15 01:03:43,036] {taskinstance.py:1270} INFO - Executing <Task(SparkSubmitOperator): spark_submit> on 2023-07-14 01:00:00+00:00
[2023-07-15 01:03:43,041] {standard_task_runner.py:52} INFO - Started process 2659 to run task
[2023-07-15 01:03:43,056] {standard_task_runner.py:79} INFO - Running: ['airflow', 'tasks', 'run', 'dagAlif', 'spark_submit', 'scheduled__2023-07-14T01:00:00+00:00', '--job-id', '209', '--raw', '--subdir', 'DAGS_FOLDER/dagAlif.py', '--cfg-path', '/tmp/tmp9n1xzolm', '--error-file', '/tmp/tmp31n9cynu']
[2023-07-15 01:03:43,060] {standard_task_runner.py:80} INFO - Job 209: Subtask spark_submit
[2023-07-15 01:03:43,120] {logging_mixin.py:109} INFO - Running <TaskInstance: dagAlif.spark_submit scheduled__2023-07-14T01:00:00+00:00 [running]> on host cloud-virtual-machine
[2023-07-15 01:03:43,171] {taskinstance.py:1448} INFO - Exporting the following env vars:
AIRFLOW_CTX_DAG_OWNER=airflow
AIRFLOW_CTX_DAG_ID=dagAlif
AIRFLOW_CTX_TASK_ID=spark_submit
AIRFLOW_CTX_EXECUTION_DATE=2023-07-14T01:00:00+00:00
AIRFLOW_CTX_DAG_RUN_ID=scheduled__2023-07-14T01:00:00+00:00
[2023-07-15 01:03:43,177] {base.py:79} INFO - Using connection to: id: spark-standalone. Host: spark://cloud-virtual-machine.us-central1-a.c.bagas-project-386212.internal, Port: 7077, Schema: , Login: , Password: None, extra: {}
[2023-07-15 01:03:43,179] {spark_submit.py:335} INFO - Spark-Submit cmd: spark-submit --master spark://cloud-virtual-machine.us-central1-a.c.bagas-project-386212.internal:7077 --name arrow-spark /home/dev/airflow/spark-code/project_5_alif.py
[2023-07-15 01:03:47,979] {spark_submit.py:488} INFO - 23/07/15 01:03:47 INFO SparkContext: Running Spark version 3.4.0
[2023-07-15 01:03:48,112] {spark_submit.py:488} INFO - 23/07/15 01:03:48 WARN NativeCodeLoader: Unable to load native-hadoop library for your platform... using builtin-java classes where applicable
[2023-07-15 01:03:48,301] {spark_submit.py:488} INFO - 23/07/15 01:03:48 INFO ResourceUtils: ==============================================================
[2023-07-15 01:03:48,302] {spark_submit.py:488} INFO - 23/07/15 01:03:48 INFO ResourceUtils: No custom resources configured for spark.driver.
[2023-07-15 01:03:48,302] {spark_submit.py:488} INFO - 23/07/15 01:03:48 INFO ResourceUtils: ==============================================================
[2023-07-15 01:03:48,303] {spark_submit.py:488} INFO - 23/07/15 01:03:48 INFO SparkContext: Submitted application: project_5_alif
[2023-07-15 01:03:48,351] {spark_submit.py:488} INFO - 23/07/15 01:03:48 INFO ResourceProfile: Default ResourceProfile created, executor resources: Map(memory -> name: memory, amount: 1024, script: , vendor: , offHeap -> name: offHeap, amount: 0, script: , vendor: ), task resources: Map(cpus -> name: cpus, amount: 1.0)
[2023-07-15 01:03:48,377] {spark_submit.py:488} INFO - 23/07/15 01:03:48 INFO ResourceProfile: Limiting resource is cpu
[2023-07-15 01:03:48,379] {spark_submit.py:488} INFO - 23/07/15 01:03:48 INFO ResourceProfileManager: Added ResourceProfile id: 0
[2023-07-15 01:03:48,495] {spark_submit.py:488} INFO - 23/07/15 01:03:48 INFO SecurityManager: Changing view acls to: dev
[2023-07-15 01:03:48,496] {spark_submit.py:488} INFO - 23/07/15 01:03:48 INFO SecurityManager: Changing modify acls to: dev
[2023-07-15 01:03:48,497] {spark_submit.py:488} INFO - 23/07/15 01:03:48 INFO SecurityManager: Changing view acls groups to:
[2023-07-15 01:03:48,498] {spark_submit.py:488} INFO - 23/07/15 01:03:48 INFO SecurityManager: Changing modify acls groups to:
[2023-07-15 01:03:48,499] {spark_submit.py:488} INFO - 23/07/15 01:03:48 INFO SecurityManager: SecurityManager: authentication disabled; ui acls disabled; users with view permissions: dev; groups with view permissions: EMPTY; users with modify permissions: dev; groups with modify permissions: EMPTY
[2023-07-15 01:03:49,007] {spark_submit.py:488} INFO - 23/07/15 01:03:49 INFO Utils: Successfully started service 'sparkDriver' on port 33995.
[2023-07-15 01:03:49,070] {spark_submit.py:488} INFO - 23/07/15 01:03:49 INFO SparkEnv: Registering MapOutputTracker
[2023-07-15 01:03:49,141] {spark_submit.py:488} INFO - 23/07/15 01:03:49 INFO SparkEnv: Registering BlockManagerMaster
[2023-07-15 01:03:49,185] {spark_submit.py:488} INFO - 23/07/15 01:03:49 INFO BlockManagerMasterEndpoint: Using org.apache.spark.storage.DefaultTopologyMapper for getting topology information
[2023-07-15 01:03:49,189] {spark_submit.py:488} INFO - 23/07/15 01:03:49 INFO BlockManagerMasterEndpoint: BlockManagerMasterEndpoint up
[2023-07-15 01:03:49,194] {spark_submit.py:488} INFO - 23/07/15 01:03:49 INFO SparkEnv: Registering BlockManagerMasterHeartbeat
[2023-07-15 01:03:49,242] {spark_submit.py:488} INFO - 23/07/15 01:03:49 INFO DiskBlockManager: Created local directory at /tmp/blockmgr-8a62422e-7404-44ce-9c15-b377b110bc8e
[2023-07-15 01:03:49,278] {spark_submit.py:488} INFO - 23/07/15 01:03:49 INFO MemoryStore: MemoryStore started with capacity 434.4 MiB
[2023-07-15 01:03:49,318] {spark_submit.py:488} INFO - 23/07/15 01:03:49 INFO SparkEnv: Registering OutputCommitCoordinator
[2023-07-15 01:03:49,660] {spark_submit.py:488} INFO - 23/07/15 01:03:49 INFO JettyUtils: Start Jetty 0.0.0.0:4040 for SparkUI
[2023-07-15 01:03:49,797] {spark_submit.py:488} INFO - 23/07/15 01:03:49 INFO Utils: Successfully started service 'SparkUI' on port 4040.
[2023-07-15 01:03:50,101] {spark_submit.py:488} INFO - 23/07/15 01:03:50 INFO StandaloneAppClient$ClientEndpoint: Connecting to master spark://cloud-virtual-machine.us-central1-a.c.bagas-project-386212.internal:7077...
[2023-07-15 01:03:50,195] {spark_submit.py:488} INFO - 23/07/15 01:03:50 WARN StandaloneAppClient$ClientEndpoint: Failed to connect to master cloud-virtual-machine.us-central1-a.c.bagas-project-386212.internal:7077
[2023-07-15 01:03:50,195] {spark_submit.py:488} INFO - org.apache.spark.SparkException: Exception thrown in awaitResult:
[2023-07-15 01:03:50,195] {spark_submit.py:488} INFO - at org.apache.spark.util.ThreadUtils$.awaitResult(ThreadUtils.scala:322)
[2023-07-15 01:03:50,195] {spark_submit.py:488} INFO - at org.apache.spark.rpc.RpcTimeout.awaitResult(RpcTimeout.scala:75)
[2023-07-15 01:03:50,195] {spark_submit.py:488} INFO - at org.apache.spark.rpc.RpcEnv.setupEndpointRefByURI(RpcEnv.scala:102)
[2023-07-15 01:03:50,195] {spark_submit.py:488} INFO - at org.apache.spark.rpc.RpcEnv.setupEndpointRef(RpcEnv.scala:110)
[2023-07-15 01:03:50,195] {spark_submit.py:488} INFO - at org.apache.spark.deploy.client.StandaloneAppClient$ClientEndpoint$$anon$1.run(StandaloneAppClient.scala:108)
[2023-07-15 01:03:50,195] {spark_submit.py:488} INFO - at java.base/java.util.concurrent.Executors$RunnableAdapter.call(Executors.java:515)
[2023-07-15 01:03:50,196] {spark_submit.py:488} INFO - at java.base/java.util.concurrent.FutureTask.run(FutureTask.java:264)
[2023-07-15 01:03:50,196] {spark_submit.py:488} INFO - at java.base/java.util.concurrent.ThreadPoolExecutor.runWorker(ThreadPoolExecutor.java:1128)
[2023-07-15 01:03:50,196] {spark_submit.py:488} INFO - at java.base/java.util.concurrent.ThreadPoolExecutor$Worker.run(ThreadPoolExecutor.java:628)
[2023-07-15 01:03:50,196] {spark_submit.py:488} INFO - at java.base/java.lang.Thread.run(Thread.java:829)
[2023-07-15 01:03:50,196] {spark_submit.py:488} INFO - Caused by: java.io.IOException: Failed to connect to cloud-virtual-machine.us-central1-a.c.bagas-project-386212.internal:7077
[2023-07-15 01:03:50,196] {spark_submit.py:488} INFO - at org.apache.spark.network.client.TransportClientFactory.createClient(TransportClientFactory.java:284)
[2023-07-15 01:03:50,196] {spark_submit.py:488} INFO - at org.apache.spark.network.client.TransportClientFactory.createClient(TransportClientFactory.java:214)
[2023-07-15 01:03:50,196] {spark_submit.py:488} INFO - at org.apache.spark.network.client.TransportClientFactory.createClient(TransportClientFactory.java:226)
[2023-07-15 01:03:50,196] {spark_submit.py:488} INFO - at org.apache.spark.rpc.netty.NettyRpcEnv.createClient(NettyRpcEnv.scala:204)
[2023-07-15 01:03:50,196] {spark_submit.py:488} INFO - at org.apache.spark.rpc.netty.Outbox$$anon$1.call(Outbox.scala:202)
[2023-07-15 01:03:50,196] {spark_submit.py:488} INFO - at org.apache.spark.rpc.netty.Outbox$$anon$1.call(Outbox.scala:198)
[2023-07-15 01:03:50,196] {spark_submit.py:488} INFO - ... 4 more
[2023-07-15 01:03:50,196] {spark_submit.py:488} INFO - Caused by: java.net.UnknownHostException: cloud-virtual-machine.us-central1-a.c.bagas-project-386212.internal
[2023-07-15 01:03:50,196] {spark_submit.py:488} INFO - at java.base/java.net.InetAddress$CachedAddresses.get(InetAddress.java:797)
[2023-07-15 01:03:50,196] {spark_submit.py:488} INFO - at java.base/java.net.InetAddress.getAllByName0(InetAddress.java:1533)
[2023-07-15 01:03:50,196] {spark_submit.py:488} INFO - at java.base/java.net.InetAddress.getAllByName(InetAddress.java:1386)
[2023-07-15 01:03:50,196] {spark_submit.py:488} INFO - at java.base/java.net.InetAddress.getAllByName(InetAddress.java:1307)
[2023-07-15 01:03:50,196] {spark_submit.py:488} INFO - at java.base/java.net.InetAddress.getByName(InetAddress.java:1257)
[2023-07-15 01:03:50,196] {spark_submit.py:488} INFO - at io.netty.util.internal.SocketUtils$8.run(SocketUtils.java:156)
[2023-07-15 01:03:50,196] {spark_submit.py:488} INFO - at io.netty.util.internal.SocketUtils$8.run(SocketUtils.java:153)
[2023-07-15 01:03:50,196] {spark_submit.py:488} INFO - at java.base/java.security.AccessController.doPrivileged(Native Method)
[2023-07-15 01:03:50,196] {spark_submit.py:488} INFO - at io.netty.util.internal.SocketUtils.addressByName(SocketUtils.java:153)
[2023-07-15 01:03:50,196] {spark_submit.py:488} INFO - at io.netty.resolver.DefaultNameResolver.doResolve(DefaultNameResolver.java:41)
[2023-07-15 01:03:50,196] {spark_submit.py:488} INFO - at io.netty.resolver.SimpleNameResolver.resolve(SimpleNameResolver.java:61)
[2023-07-15 01:03:50,196] {spark_submit.py:488} INFO - at io.netty.resolver.SimpleNameResolver.resolve(SimpleNameResolver.java:53)
[2023-07-15 01:03:50,196] {spark_submit.py:488} INFO - at io.netty.resolver.InetSocketAddressResolver.doResolve(InetSocketAddressResolver.java:55)
[2023-07-15 01:03:50,196] {spark_submit.py:488} INFO - at io.netty.resolver.InetSocketAddressResolver.doResolve(InetSocketAddressResolver.java:31)
[2023-07-15 01:03:50,196] {spark_submit.py:488} INFO - at io.netty.resolver.AbstractAddressResolver.resolve(AbstractAddressResolver.java:106)
[2023-07-15 01:03:50,197] {spark_submit.py:488} INFO - at io.netty.bootstrap.Bootstrap.doResolveAndConnect0(Bootstrap.java:206)
[2023-07-15 01:03:50,197] {spark_submit.py:488} INFO - at io.netty.bootstrap.Bootstrap.access$000(Bootstrap.java:46)
[2023-07-15 01:03:50,197] {spark_submit.py:488} INFO - at io.netty.bootstrap.Bootstrap$1.operationComplete(Bootstrap.java:180)
[2023-07-15 01:03:50,197] {spark_submit.py:488} INFO - at io.netty.bootstrap.Bootstrap$1.operationComplete(Bootstrap.java:166)
[2023-07-15 01:03:50,197] {spark_submit.py:488} INFO - at io.netty.util.concurrent.DefaultPromise.notifyListener0(DefaultPromise.java:590)
[2023-07-15 01:03:50,197] {spark_submit.py:488} INFO - at io.netty.util.concurrent.DefaultPromise.notifyListenersNow(DefaultPromise.java:557)
[2023-07-15 01:03:50,197] {spark_submit.py:488} INFO - at io.netty.util.concurrent.DefaultPromise.notifyListeners(DefaultPromise.java:492)
[2023-07-15 01:03:50,197] {spark_submit.py:488} INFO - at io.netty.util.concurrent.DefaultPromise.setValue0(DefaultPromise.java:636)
[2023-07-15 01:03:50,197] {spark_submit.py:488} INFO - at io.netty.util.concurrent.DefaultPromise.setSuccess0(DefaultPromise.java:625)
[2023-07-15 01:03:50,197] {spark_submit.py:488} INFO - at io.netty.util.concurrent.DefaultPromise.trySuccess(DefaultPromise.java:105)
[2023-07-15 01:03:50,197] {spark_submit.py:488} INFO - at io.netty.channel.DefaultChannelPromise.trySuccess(DefaultChannelPromise.java:84)
[2023-07-15 01:03:50,197] {spark_submit.py:488} INFO - at io.netty.channel.AbstractChannel$AbstractUnsafe.safeSetSuccess(AbstractChannel.java:990)
[2023-07-15 01:03:50,197] {spark_submit.py:488} INFO - at io.netty.channel.AbstractChannel$AbstractUnsafe.register0(AbstractChannel.java:516)
[2023-07-15 01:03:50,197] {spark_submit.py:488} INFO - at io.netty.channel.AbstractChannel$AbstractUnsafe.access$200(AbstractChannel.java:429)
[2023-07-15 01:03:50,197] {spark_submit.py:488} INFO - at io.netty.channel.AbstractChannel$AbstractUnsafe$1.run(AbstractChannel.java:486)
[2023-07-15 01:03:50,197] {spark_submit.py:488} INFO - at io.netty.util.concurrent.AbstractEventExecutor.runTask(AbstractEventExecutor.java:174)
[2023-07-15 01:03:50,197] {spark_submit.py:488} INFO - at io.netty.util.concurrent.AbstractEventExecutor.safeExecute(AbstractEventExecutor.java:167)
[2023-07-15 01:03:50,198] {spark_submit.py:488} INFO - at io.netty.util.concurrent.SingleThreadEventExecutor.runAllTasks(SingleThreadEventExecutor.java:470)
[2023-07-15 01:03:50,198] {spark_submit.py:488} INFO - at io.netty.channel.nio.NioEventLoop.run(NioEventLoop.java:569)
[2023-07-15 01:03:50,198] {spark_submit.py:488} INFO - at io.netty.util.concurrent.SingleThreadEventExecutor$4.run(SingleThreadEventExecutor.java:997)
[2023-07-15 01:03:50,203] {spark_submit.py:488} INFO - at io.netty.util.internal.ThreadExecutorMap$2.run(ThreadExecutorMap.java:74)
[2023-07-15 01:03:50,204] {spark_submit.py:488} INFO - at io.netty.util.concurrent.FastThreadLocalRunnable.run(FastThreadLocalRunnable.java:30)
[2023-07-15 01:03:50,204] {spark_submit.py:488} INFO - ... 1 more
[2023-07-15 01:04:10,100] {spark_submit.py:488} INFO - 23/07/15 01:04:10 INFO StandaloneAppClient$ClientEndpoint: Connecting to master spark://cloud-virtual-machine.us-central1-a.c.bagas-project-386212.internal:7077...
[2023-07-15 01:04:10,115] {spark_submit.py:488} INFO - 23/07/15 01:04:10 WARN StandaloneAppClient$ClientEndpoint: Failed to connect to master cloud-virtual-machine.us-central1-a.c.bagas-project-386212.internal:7077
[2023-07-15 01:04:10,115] {spark_submit.py:488} INFO - org.apache.spark.SparkException: Exception thrown in awaitResult:
[2023-07-15 01:04:10,115] {spark_submit.py:488} INFO - at org.apache.spark.util.ThreadUtils$.awaitResult(ThreadUtils.scala:322)
[2023-07-15 01:04:10,115] {spark_submit.py:488} INFO - at org.apache.spark.rpc.RpcTimeout.awaitResult(RpcTimeout.scala:75)
[2023-07-15 01:04:10,115] {spark_submit.py:488} INFO - at org.apache.spark.rpc.RpcEnv.setupEndpointRefByURI(RpcEnv.scala:102)
[2023-07-15 01:04:10,115] {spark_submit.py:488} INFO - at org.apache.spark.rpc.RpcEnv.setupEndpointRef(RpcEnv.scala:110)
[2023-07-15 01:04:10,115] {spark_submit.py:488} INFO - at org.apache.spark.deploy.client.StandaloneAppClient$ClientEndpoint$$anon$1.run(StandaloneAppClient.scala:108)
[2023-07-15 01:04:10,115] {spark_submit.py:488} INFO - at java.base/java.util.concurrent.Executors$RunnableAdapter.call(Executors.java:515)
[2023-07-15 01:04:10,116] {spark_submit.py:488} INFO - at java.base/java.util.concurrent.FutureTask.run(FutureTask.java:264)
[2023-07-15 01:04:10,116] {spark_submit.py:488} INFO - at java.base/java.util.concurrent.ThreadPoolExecutor.runWorker(ThreadPoolExecutor.java:1128)
[2023-07-15 01:04:10,116] {spark_submit.py:488} INFO - at java.base/java.util.concurrent.ThreadPoolExecutor$Worker.run(ThreadPoolExecutor.java:628)
[2023-07-15 01:04:10,116] {spark_submit.py:488} INFO - at java.base/java.lang.Thread.run(Thread.java:829)
[2023-07-15 01:04:10,116] {spark_submit.py:488} INFO - Caused by: java.io.IOException: Failed to connect to cloud-virtual-machine.us-central1-a.c.bagas-project-386212.internal:7077
[2023-07-15 01:04:10,116] {spark_submit.py:488} INFO - at org.apache.spark.network.client.TransportClientFactory.createClient(TransportClientFactory.java:284)
[2023-07-15 01:04:10,116] {spark_submit.py:488} INFO - at org.apache.spark.network.client.TransportClientFactory.createClient(TransportClientFactory.java:214)
[2023-07-15 01:04:10,116] {spark_submit.py:488} INFO - at org.apache.spark.network.client.TransportClientFactory.createClient(TransportClientFactory.java:226)
[2023-07-15 01:04:10,116] {spark_submit.py:488} INFO - at org.apache.spark.rpc.netty.NettyRpcEnv.createClient(NettyRpcEnv.scala:204)
[2023-07-15 01:04:10,116] {spark_submit.py:488} INFO - at org.apache.spark.rpc.netty.Outbox$$anon$1.call(Outbox.scala:202)
[2023-07-15 01:04:10,116] {spark_submit.py:488} INFO - at org.apache.spark.rpc.netty.Outbox$$anon$1.call(Outbox.scala:198)
[2023-07-15 01:04:10,116] {spark_submit.py:488} INFO - ... 4 more
[2023-07-15 01:04:10,116] {spark_submit.py:488} INFO - Caused by: java.net.UnknownHostException: cloud-virtual-machine.us-central1-a.c.bagas-project-386212.internal
[2023-07-15 01:04:10,116] {spark_submit.py:488} INFO - at java.base/java.net.InetAddress$CachedAddresses.get(InetAddress.java:797)
[2023-07-15 01:04:10,116] {spark_submit.py:488} INFO - at java.base/java.net.InetAddress.getAllByName0(InetAddress.java:1533)
[2023-07-15 01:04:10,116] {spark_submit.py:488} INFO - at java.base/java.net.InetAddress.getAllByName(InetAddress.java:1386)
[2023-07-15 01:04:10,116] {spark_submit.py:488} INFO - at java.base/java.net.InetAddress.getAllByName(InetAddress.java:1307)
[2023-07-15 01:04:10,116] {spark_submit.py:488} INFO - at java.base/java.net.InetAddress.getByName(InetAddress.java:1257)
[2023-07-15 01:04:10,117] {spark_submit.py:488} INFO - at io.netty.util.internal.SocketUtils$8.run(SocketUtils.java:156)
[2023-07-15 01:04:10,117] {spark_submit.py:488} INFO - at io.netty.util.internal.SocketUtils$8.run(SocketUtils.java:153)
[2023-07-15 01:04:10,117] {spark_submit.py:488} INFO - at java.base/java.security.AccessController.doPrivileged(Native Method)
[2023-07-15 01:04:10,117] {spark_submit.py:488} INFO - at io.netty.util.internal.SocketUtils.addressByName(SocketUtils.java:153)
[2023-07-15 01:04:10,117] {spark_submit.py:488} INFO - at io.netty.resolver.DefaultNameResolver.doResolve(DefaultNameResolver.java:41)
[2023-07-15 01:04:10,117] {spark_submit.py:488} INFO - at io.netty.resolver.SimpleNameResolver.resolve(SimpleNameResolver.java:61)
[2023-07-15 01:04:10,117] {spark_submit.py:488} INFO - at io.netty.resolver.SimpleNameResolver.resolve(SimpleNameResolver.java:53)
[2023-07-15 01:04:10,117] {spark_submit.py:488} INFO - at io.netty.resolver.InetSocketAddressResolver.doResolve(InetSocketAddressResolver.java:55)
[2023-07-15 01:04:10,117] {spark_submit.py:488} INFO - at io.netty.resolver.InetSocketAddressResolver.doResolve(InetSocketAddressResolver.java:31)
[2023-07-15 01:04:10,117] {spark_submit.py:488} INFO - at io.netty.resolver.AbstractAddressResolver.resolve(AbstractAddressResolver.java:106)
[2023-07-15 01:04:10,117] {spark_submit.py:488} INFO - at io.netty.bootstrap.Bootstrap.doResolveAndConnect0(Bootstrap.java:206)
[2023-07-15 01:04:10,117] {spark_submit.py:488} INFO - at io.netty.bootstrap.Bootstrap.access$000(Bootstrap.java:46)
[2023-07-15 01:04:10,117] {spark_submit.py:488} INFO - at io.netty.bootstrap.Bootstrap$1.operationComplete(Bootstrap.java:180)
[2023-07-15 01:04:10,117] {spark_submit.py:488} INFO - at io.netty.bootstrap.Bootstrap$1.operationComplete(Bootstrap.java:166)
[2023-07-15 01:04:10,117] {spark_submit.py:488} INFO - at io.netty.util.concurrent.DefaultPromise.notifyListener0(DefaultPromise.java:590)
[2023-07-15 01:04:10,117] {spark_submit.py:488} INFO - at io.netty.util.concurrent.DefaultPromise.notifyListenersNow(DefaultPromise.java:557)
[2023-07-15 01:04:10,117] {spark_submit.py:488} INFO - at io.netty.util.concurrent.DefaultPromise.notifyListeners(DefaultPromise.java:492)
[2023-07-15 01:04:10,117] {spark_submit.py:488} INFO - at io.netty.util.concurrent.DefaultPromise.setValue0(DefaultPromise.java:636)
[2023-07-15 01:04:10,118] {spark_submit.py:488} INFO - at io.netty.util.concurrent.DefaultPromise.setSuccess0(DefaultPromise.java:625)
[2023-07-15 01:04:10,118] {spark_submit.py:488} INFO - at io.netty.util.concurrent.DefaultPromise.trySuccess(DefaultPromise.java:105)
[2023-07-15 01:04:10,118] {spark_submit.py:488} INFO - at io.netty.channel.DefaultChannelPromise.trySuccess(DefaultChannelPromise.java:84)
[2023-07-15 01:04:10,118] {spark_submit.py:488} INFO - at io.netty.channel.AbstractChannel$AbstractUnsafe.safeSetSuccess(AbstractChannel.java:990)
[2023-07-15 01:04:10,118] {spark_submit.py:488} INFO - at io.netty.channel.AbstractChannel$AbstractUnsafe.register0(AbstractChannel.java:516)
[2023-07-15 01:04:10,118] {spark_submit.py:488} INFO - at io.netty.channel.AbstractChannel$AbstractUnsafe.access$200(AbstractChannel.java:429)
[2023-07-15 01:04:10,118] {spark_submit.py:488} INFO - at io.netty.channel.AbstractChannel$AbstractUnsafe$1.run(AbstractChannel.java:486)
[2023-07-15 01:04:10,118] {spark_submit.py:488} INFO - at io.netty.util.concurrent.AbstractEventExecutor.runTask(AbstractEventExecutor.java:174)
[2023-07-15 01:04:10,118] {spark_submit.py:488} INFO - at io.netty.util.concurrent.AbstractEventExecutor.safeExecute(AbstractEventExecutor.java:167)
[2023-07-15 01:04:10,118] {spark_submit.py:488} INFO - at io.netty.util.concurrent.SingleThreadEventExecutor.runAllTasks(SingleThreadEventExecutor.java:470)
[2023-07-15 01:04:10,118] {spark_submit.py:488} INFO - at io.netty.channel.nio.NioEventLoop.run(NioEventLoop.java:569)
[2023-07-15 01:04:10,118] {spark_submit.py:488} INFO - at io.netty.util.concurrent.SingleThreadEventExecutor$4.run(SingleThreadEventExecutor.java:997)
[2023-07-15 01:04:10,118] {spark_submit.py:488} INFO - at io.netty.util.internal.ThreadExecutorMap$2.run(ThreadExecutorMap.java:74)
[2023-07-15 01:04:10,118] {spark_submit.py:488} INFO - at io.netty.util.concurrent.FastThreadLocalRunnable.run(FastThreadLocalRunnable.java:30)
[2023-07-15 01:04:10,118] {spark_submit.py:488} INFO - ... 1 more
[2023-07-15 01:04:30,101] {spark_submit.py:488} INFO - 23/07/15 01:04:30 INFO StandaloneAppClient$ClientEndpoint: Connecting to master spark://cloud-virtual-machine.us-central1-a.c.bagas-project-386212.internal:7077...
[2023-07-15 01:04:30,113] {spark_submit.py:488} INFO - 23/07/15 01:04:30 WARN StandaloneAppClient$ClientEndpoint: Failed to connect to master cloud-virtual-machine.us-central1-a.c.bagas-project-386212.internal:7077
[2023-07-15 01:04:30,113] {spark_submit.py:488} INFO - org.apache.spark.SparkException: Exception thrown in awaitResult:
[2023-07-15 01:04:30,114] {spark_submit.py:488} INFO - at org.apache.spark.util.ThreadUtils$.awaitResult(ThreadUtils.scala:322)
[2023-07-15 01:04:30,114] {spark_submit.py:488} INFO - at org.apache.spark.rpc.RpcTimeout.awaitResult(RpcTimeout.scala:75)
[2023-07-15 01:04:30,114] {spark_submit.py:488} INFO - at org.apache.spark.rpc.RpcEnv.setupEndpointRefByURI(RpcEnv.scala:102)
[2023-07-15 01:04:30,114] {spark_submit.py:488} INFO - at org.apache.spark.rpc.RpcEnv.setupEndpointRef(RpcEnv.scala:110)
[2023-07-15 01:04:30,114] {spark_submit.py:488} INFO - at org.apache.spark.deploy.client.StandaloneAppClient$ClientEndpoint$$anon$1.run(StandaloneAppClient.scala:108)
[2023-07-15 01:04:30,114] {spark_submit.py:488} INFO - at java.base/java.util.concurrent.Executors$RunnableAdapter.call(Executors.java:515)
[2023-07-15 01:04:30,114] {spark_submit.py:488} INFO - at java.base/java.util.concurrent.FutureTask.run(FutureTask.java:264)
[2023-07-15 01:04:30,114] {spark_submit.py:488} INFO - at java.base/java.util.concurrent.ThreadPoolExecutor.runWorker(ThreadPoolExecutor.java:1128)
[2023-07-15 01:04:30,114] {spark_submit.py:488} INFO - at java.base/java.util.concurrent.ThreadPoolExecutor$Worker.run(ThreadPoolExecutor.java:628)
[2023-07-15 01:04:30,114] {spark_submit.py:488} INFO - at java.base/java.lang.Thread.run(Thread.java:829)
[2023-07-15 01:04:30,114] {spark_submit.py:488} INFO - Caused by: java.io.IOException: Failed to connect to cloud-virtual-machine.us-central1-a.c.bagas-project-386212.internal:7077
[2023-07-15 01:04:30,114] {spark_submit.py:488} INFO - at org.apache.spark.network.client.TransportClientFactory.createClient(TransportClientFactory.java:284)
[2023-07-15 01:04:30,114] {spark_submit.py:488} INFO - at org.apache.spark.network.client.TransportClientFactory.createClient(TransportClientFactory.java:214)
[2023-07-15 01:04:30,114] {spark_submit.py:488} INFO - at org.apache.spark.network.client.TransportClientFactory.createClient(TransportClientFactory.java:226)
[2023-07-15 01:04:30,114] {spark_submit.py:488} INFO - at org.apache.spark.rpc.netty.NettyRpcEnv.createClient(NettyRpcEnv.scala:204)
[2023-07-15 01:04:30,114] {spark_submit.py:488} INFO - at org.apache.spark.rpc.netty.Outbox$$anon$1.call(Outbox.scala:202)
[2023-07-15 01:04:30,114] {spark_submit.py:488} INFO - at org.apache.spark.rpc.netty.Outbox$$anon$1.call(Outbox.scala:198)
[2023-07-15 01:04:30,114] {spark_submit.py:488} INFO - ... 4 more
[2023-07-15 01:04:30,114] {spark_submit.py:488} INFO - Caused by: java.net.UnknownHostException: cloud-virtual-machine.us-central1-a.c.bagas-project-386212.internal
[2023-07-15 01:04:30,114] {spark_submit.py:488} INFO - at java.base/java.net.InetAddress$CachedAddresses.get(InetAddress.java:797)
[2023-07-15 01:04:30,114] {spark_submit.py:488} INFO - at java.base/java.net.InetAddress.getAllByName0(InetAddress.java:1533)
[2023-07-15 01:04:30,114] {spark_submit.py:488} INFO - at java.base/java.net.InetAddress.getAllByName(InetAddress.java:1386)
[2023-07-15 01:04:30,114] {spark_submit.py:488} INFO - at java.base/java.net.InetAddress.getAllByName(InetAddress.java:1307)
[2023-07-15 01:04:30,114] {spark_submit.py:488} INFO - at java.base/java.net.InetAddress.getByName(InetAddress.java:1257)
[2023-07-15 01:04:30,114] {spark_submit.py:488} INFO - at io.netty.util.internal.SocketUtils$8.run(SocketUtils.java:156)
[2023-07-15 01:04:30,114] {spark_submit.py:488} INFO - at io.netty.util.internal.SocketUtils$8.run(SocketUtils.java:153)
[2023-07-15 01:04:30,114] {spark_submit.py:488} INFO - at java.base/java.security.AccessController.doPrivileged(Native Method)
[2023-07-15 01:04:30,114] {spark_submit.py:488} INFO - at io.netty.util.internal.SocketUtils.addressByName(SocketUtils.java:153)
[2023-07-15 01:04:30,114] {spark_submit.py:488} INFO - at io.netty.resolver.DefaultNameResolver.doResolve(DefaultNameResolver.java:41)
[2023-07-15 01:04:30,114] {spark_submit.py:488} INFO - at io.netty.resolver.SimpleNameResolver.resolve(SimpleNameResolver.java:61)
[2023-07-15 01:04:30,114] {spark_submit.py:488} INFO - at io.netty.resolver.SimpleNameResolver.resolve(SimpleNameResolver.java:53)
[2023-07-15 01:04:30,115] {spark_submit.py:488} INFO - at io.netty.resolver.InetSocketAddressResolver.doResolve(InetSocketAddressResolver.java:55)
[2023-07-15 01:04:30,115] {spark_submit.py:488} INFO - at io.netty.resolver.InetSocketAddressResolver.doResolve(InetSocketAddressResolver.java:31)
[2023-07-15 01:04:30,115] {spark_submit.py:488} INFO - at io.netty.resolver.AbstractAddressResolver.resolve(AbstractAddressResolver.java:106)
[2023-07-15 01:04:30,115] {spark_submit.py:488} INFO - at io.netty.bootstrap.Bootstrap.doResolveAndConnect0(Bootstrap.java:206)
[2023-07-15 01:04:30,115] {spark_submit.py:488} INFO - at io.netty.bootstrap.Bootstrap.access$000(Bootstrap.java:46)
[2023-07-15 01:04:30,115] {spark_submit.py:488} INFO - at io.netty.bootstrap.Bootstrap$1.operationComplete(Bootstrap.java:180)
[2023-07-15 01:04:30,115] {spark_submit.py:488} INFO - at io.netty.bootstrap.Bootstrap$1.operationComplete(Bootstrap.java:166)
[2023-07-15 01:04:30,115] {spark_submit.py:488} INFO - at io.netty.util.concurrent.DefaultPromise.notifyListener0(DefaultPromise.java:590)
[2023-07-15 01:04:30,115] {spark_submit.py:488} INFO - at io.netty.util.concurrent.DefaultPromise.notifyListenersNow(DefaultPromise.java:557)
[2023-07-15 01:04:30,115] {spark_submit.py:488} INFO - at io.netty.util.concurrent.DefaultPromise.notifyListeners(DefaultPromise.java:492)
[2023-07-15 01:04:30,115] {spark_submit.py:488} INFO - at io.netty.util.concurrent.DefaultPromise.setValue0(DefaultPromise.java:636)
[2023-07-15 01:04:30,115] {spark_submit.py:488} INFO - at io.netty.util.concurrent.DefaultPromise.setSuccess0(DefaultPromise.java:625)
[2023-07-15 01:04:30,115] {spark_submit.py:488} INFO - at io.netty.util.concurrent.DefaultPromise.trySuccess(DefaultPromise.java:105)
[2023-07-15 01:04:30,115] {spark_submit.py:488} INFO - at io.netty.channel.DefaultChannelPromise.trySuccess(DefaultChannelPromise.java:84)
[2023-07-15 01:04:30,115] {spark_submit.py:488} INFO - at io.netty.channel.AbstractChannel$AbstractUnsafe.safeSetSuccess(AbstractChannel.java:990)
[2023-07-15 01:04:30,115] {spark_submit.py:488} INFO - at io.netty.channel.AbstractChannel$AbstractUnsafe.register0(AbstractChannel.java:516)
[2023-07-15 01:04:30,115] {spark_submit.py:488} INFO - at io.netty.channel.AbstractChannel$AbstractUnsafe.access$200(AbstractChannel.java:429)
[2023-07-15 01:04:30,115] {spark_submit.py:488} INFO - at io.netty.channel.AbstractChannel$AbstractUnsafe$1.run(AbstractChannel.java:486)
[2023-07-15 01:04:30,115] {spark_submit.py:488} INFO - at io.netty.util.concurrent.AbstractEventExecutor.runTask(AbstractEventExecutor.java:174)
[2023-07-15 01:04:30,115] {spark_submit.py:488} INFO - at io.netty.util.concurrent.AbstractEventExecutor.safeExecute(AbstractEventExecutor.java:167)
[2023-07-15 01:04:30,115] {spark_submit.py:488} INFO - at io.netty.util.concurrent.SingleThreadEventExecutor.runAllTasks(SingleThreadEventExecutor.java:470)
[2023-07-15 01:04:30,115] {spark_submit.py:488} INFO - at io.netty.channel.nio.NioEventLoop.run(NioEventLoop.java:569)
[2023-07-15 01:04:30,115] {spark_submit.py:488} INFO - at io.netty.util.concurrent.SingleThreadEventExecutor$4.run(SingleThreadEventExecutor.java:997)
[2023-07-15 01:04:30,115] {spark_submit.py:488} INFO - at io.netty.util.internal.ThreadExecutorMap$2.run(ThreadExecutorMap.java:74)
[2023-07-15 01:04:30,115] {spark_submit.py:488} INFO - at io.netty.util.concurrent.FastThreadLocalRunnable.run(FastThreadLocalRunnable.java:30)
[2023-07-15 01:04:30,115] {spark_submit.py:488} INFO - ... 1 more
[2023-07-15 01:04:50,102] {spark_submit.py:488} INFO - 23/07/15 01:04:50 ERROR StandaloneSchedulerBackend: Application has been killed. Reason: All masters are unresponsive! Giving up.
[2023-07-15 01:04:50,104] {spark_submit.py:488} INFO - 23/07/15 01:04:50 WARN StandaloneSchedulerBackend: Application ID is not initialized yet.
[2023-07-15 01:04:50,130] {spark_submit.py:488} INFO - 23/07/15 01:04:50 INFO Utils: Successfully started service 'org.apache.spark.network.netty.NettyBlockTransferService' on port 32857.
[2023-07-15 01:04:50,130] {spark_submit.py:488} INFO - 23/07/15 01:04:50 INFO NettyBlockTransferService: Server created on cloud-virtual-machine:32857
[2023-07-15 01:04:50,130] {spark_submit.py:488} INFO - 23/07/15 01:04:50 INFO BlockManager: Using org.apache.spark.storage.RandomBlockReplicationPolicy for block replication policy
[2023-07-15 01:04:50,144] {spark_submit.py:488} INFO - 23/07/15 01:04:50 INFO BlockManagerMaster: Registering BlockManager BlockManagerId(driver, cloud-virtual-machine, 32857, None)
[2023-07-15 01:04:50,150] {spark_submit.py:488} INFO - 23/07/15 01:04:50 INFO BlockManagerMasterEndpoint: Registering block manager cloud-virtual-machine:32857 with 434.4 MiB RAM, BlockManagerId(driver, cloud-virtual-machine, 32857, None)
[2023-07-15 01:04:50,153] {spark_submit.py:488} INFO - 23/07/15 01:04:50 INFO BlockManagerMaster: Registered BlockManager BlockManagerId(driver, cloud-virtual-machine, 32857, None)
[2023-07-15 01:04:50,156] {spark_submit.py:488} INFO - 23/07/15 01:04:50 INFO BlockManager: Initialized BlockManager: BlockManagerId(driver, cloud-virtual-machine, 32857, None)
[2023-07-15 01:04:50,706] {spark_submit.py:488} INFO - 23/07/15 01:04:50 INFO StandaloneSchedulerBackend: SchedulerBackend is ready for scheduling beginning after reached minRegisteredResourcesRatio: 0.0
[2023-07-15 01:04:50,773] {spark_submit.py:488} INFO - /opt/spark/python/lib/pyspark.zip/pyspark/context.py:317: FutureWarning: Python 3.7 support is deprecated in Spark 3.4.
[2023-07-15 01:04:50,774] {spark_submit.py:488} INFO - warnings.warn("Python 3.7 support is deprecated in Spark 3.4.", FutureWarning)
[2023-07-15 01:04:51,629] {spark_submit.py:488} INFO - 23/07/15 01:04:51 INFO SparkContext: SparkContext is stopping with exitCode 0.
[2023-07-15 01:04:51,677] {spark_submit.py:488} INFO - 23/07/15 01:04:51 INFO SparkUI: Stopped Spark web UI at http://cloud-virtual-machine:4040
[2023-07-15 01:04:51,694] {spark_submit.py:488} INFO - 23/07/15 01:04:51 INFO SharedState: Setting hive.metastore.warehouse.dir ('null') to the value of spark.sql.warehouse.dir.
[2023-07-15 01:04:51,694] {spark_submit.py:488} INFO - 23/07/15 01:04:51 INFO StandaloneSchedulerBackend: Shutting down all executors
[2023-07-15 01:04:51,708] {spark_submit.py:488} INFO - 23/07/15 01:04:51 INFO StandaloneSchedulerBackend$StandaloneDriverEndpoint: Asking each executor to shut down
[2023-07-15 01:04:51,716] {spark_submit.py:488} INFO - 23/07/15 01:04:51 WARN StandaloneAppClient$ClientEndpoint: Drop UnregisterApplication(null) because has not yet connected to master
[2023-07-15 01:04:51,741] {spark_submit.py:488} INFO - 23/07/15 01:04:51 INFO SharedState: Warehouse path is 'file:/home/dev/spark-warehouse'.
[2023-07-15 01:04:51,748] {spark_submit.py:488} INFO - 23/07/15 01:04:51 INFO MapOutputTrackerMasterEndpoint: MapOutputTrackerMasterEndpoint stopped!
[2023-07-15 01:04:51,803] {spark_submit.py:488} INFO - 23/07/15 01:04:51 INFO MemoryStore: MemoryStore cleared
[2023-07-15 01:04:51,804] {spark_submit.py:488} INFO - 23/07/15 01:04:51 INFO BlockManager: BlockManager stopped
[2023-07-15 01:04:51,831] {spark_submit.py:488} INFO - 23/07/15 01:04:51 INFO BlockManagerMaster: BlockManagerMaster stopped
[2023-07-15 01:04:51,835] {spark_submit.py:488} INFO - 23/07/15 01:04:51 INFO OutputCommitCoordinator$OutputCommitCoordinatorEndpoint: OutputCommitCoordinator stopped!
[2023-07-15 01:04:51,873] {spark_submit.py:488} INFO - 23/07/15 01:04:51 INFO SparkContext: Successfully stopped SparkContext
[2023-07-15 01:04:52,031] {spark_submit.py:488} INFO - Traceback (most recent call last):
[2023-07-15 01:04:52,031] {spark_submit.py:488} INFO - File "/home/dev/airflow/spark-code/project_5_alif.py", line 8, in <module>
[2023-07-15 01:04:52,032] {spark_submit.py:488} INFO - df= spark.read.parquet('/home/dev/airflow/spark-code/Project-5/fhv_tripdata_2021-02.parquet')
[2023-07-15 01:04:52,032] {spark_submit.py:488} INFO - File "/opt/spark/python/lib/pyspark.zip/pyspark/sql/session.py", line 1515, in read
[2023-07-15 01:04:52,032] {spark_submit.py:488} INFO - File "/opt/spark/python/lib/pyspark.zip/pyspark/sql/readwriter.py", line 69, in __init__
[2023-07-15 01:04:52,032] {spark_submit.py:488} INFO - File "/opt/spark/python/lib/py4j-0.10.9.7-src.zip/py4j/java_gateway.py", line 1323, in __call__
[2023-07-15 01:04:52,033] {spark_submit.py:488} INFO - File "/opt/spark/python/lib/pyspark.zip/pyspark/errors/exceptions/captured.py", line 169, in deco
[2023-07-15 01:04:52,033] {spark_submit.py:488} INFO - File "/opt/spark/python/lib/py4j-0.10.9.7-src.zip/py4j/protocol.py", line 328, in get_return_value
[2023-07-15 01:04:52,036] {spark_submit.py:488} INFO - py4j.protocol.Py4JJavaError: An error occurred while calling o23.read.
[2023-07-15 01:04:52,036] {spark_submit.py:488} INFO - : java.lang.IllegalStateException: LiveListenerBus is stopped.
[2023-07-15 01:04:52,036] {spark_submit.py:488} INFO - at org.apache.spark.scheduler.LiveListenerBus.addToQueue(LiveListenerBus.scala:98)
[2023-07-15 01:04:52,036] {spark_submit.py:488} INFO - at org.apache.spark.scheduler.LiveListenerBus.addToStatusQueue(LiveListenerBus.scala:81)
[2023-07-15 01:04:52,036] {spark_submit.py:488} INFO - at org.apache.spark.sql.internal.SharedState.<init>(SharedState.scala:115)
[2023-07-15 01:04:52,036] {spark_submit.py:488} INFO - at org.apache.spark.sql.SparkSession.$anonfun$sharedState$1(SparkSession.scala:144)
[2023-07-15 01:04:52,036] {spark_submit.py:488} INFO - at scala.Option.getOrElse(Option.scala:189)
[2023-07-15 01:04:52,036] {spark_submit.py:488} INFO - at org.apache.spark.sql.SparkSession.sharedState$lzycompute(SparkSession.scala:144)
[2023-07-15 01:04:52,036] {spark_submit.py:488} INFO - at org.apache.spark.sql.SparkSession.sharedState(SparkSession.scala:143)
[2023-07-15 01:04:52,037] {spark_submit.py:488} INFO - at org.apache.spark.sql.SparkSession.$anonfun$sessionState$2(SparkSession.scala:163)
[2023-07-15 01:04:52,037] {spark_submit.py:488} INFO - at scala.Option.getOrElse(Option.scala:189)
[2023-07-15 01:04:52,037] {spark_submit.py:488} INFO - at org.apache.spark.sql.SparkSession.sessionState$lzycompute(SparkSession.scala:161)
[2023-07-15 01:04:52,037] {spark_submit.py:488} INFO - at org.apache.spark.sql.SparkSession.sessionState(SparkSession.scala:158)
[2023-07-15 01:04:52,037] {spark_submit.py:488} INFO - at org.apache.spark.sql.DataFrameReader.<init>(DataFrameReader.scala:699)
[2023-07-15 01:04:52,037] {spark_submit.py:488} INFO - at org.apache.spark.sql.SparkSession.read(SparkSession.scala:710)
[2023-07-15 01:04:52,037] {spark_submit.py:488} INFO - at java.base/jdk.internal.reflect.NativeMethodAccessorImpl.invoke0(Native Method)
[2023-07-15 01:04:52,037] {spark_submit.py:488} INFO - at java.base/jdk.internal.reflect.NativeMethodAccessorImpl.invoke(NativeMethodAccessorImpl.java:62)
[2023-07-15 01:04:52,037] {spark_submit.py:488} INFO - at java.base/jdk.internal.reflect.DelegatingMethodAccessorImpl.invoke(DelegatingMethodAccessorImpl.java:43)
[2023-07-15 01:04:52,037] {spark_submit.py:488} INFO - at java.base/java.lang.reflect.Method.invoke(Method.java:566)
[2023-07-15 01:04:52,037] {spark_submit.py:488} INFO - at py4j.reflection.MethodInvoker.invoke(MethodInvoker.java:244)
[2023-07-15 01:04:52,037] {spark_submit.py:488} INFO - at py4j.reflection.ReflectionEngine.invoke(ReflectionEngine.java:374)
[2023-07-15 01:04:52,037] {spark_submit.py:488} INFO - at py4j.Gateway.invoke(Gateway.java:282)
[2023-07-15 01:04:52,037] {spark_submit.py:488} INFO - at py4j.commands.AbstractCommand.invokeMethod(AbstractCommand.java:132)
[2023-07-15 01:04:52,037] {spark_submit.py:488} INFO - at py4j.commands.CallCommand.execute(CallCommand.java:79)
[2023-07-15 01:04:52,037] {spark_submit.py:488} INFO - at py4j.ClientServerConnection.waitForCommands(ClientServerConnection.java:182)
[2023-07-15 01:04:52,037] {spark_submit.py:488} INFO - at py4j.ClientServerConnection.run(ClientServerConnection.java:106)
[2023-07-15 01:04:52,038] {spark_submit.py:488} INFO - at java.base/java.lang.Thread.run(Thread.java:829)
[2023-07-15 01:04:52,038] {spark_submit.py:488} INFO - 
[2023-07-15 01:04:52,192] {spark_submit.py:488} INFO - 23/07/15 01:04:52 INFO ShutdownHookManager: Shutdown hook called
[2023-07-15 01:04:52,195] {spark_submit.py:488} INFO - 23/07/15 01:04:52 INFO ShutdownHookManager: Deleting directory /tmp/spark-b7489da3-1d9f-4231-8fea-6e2c5b0da098/pyspark-6dfdc6d7-89dc-442c-9155-254240527731
[2023-07-15 01:04:52,200] {spark_submit.py:488} INFO - 23/07/15 01:04:52 INFO ShutdownHookManager: Deleting directory /tmp/spark-7aac0128-f522-4ac0-ace7-57dfcd766733
[2023-07-15 01:04:52,205] {spark_submit.py:488} INFO - 23/07/15 01:04:52 INFO ShutdownHookManager: Deleting directory /tmp/spark-b7489da3-1d9f-4231-8fea-6e2c5b0da098
[2023-07-15 01:04:52,290] {taskinstance.py:1774} ERROR - Task failed with exception
Traceback (most recent call last):
  File "/usr/local/lib/python3.6/dist-packages/airflow/providers/apache/spark/operators/spark_submit.py", line 157, in execute
    self._hook.submit(self._application)
  File "/usr/local/lib/python3.6/dist-packages/airflow/providers/apache/spark/hooks/spark_submit.py", line 420, in submit
    f"Cannot execute: {self._mask_cmd(spark_submit_cmd)}. Error code is: {returncode}."
airflow.exceptions.AirflowException: Cannot execute: spark-submit --master spark://cloud-virtual-machine.us-central1-a.c.bagas-project-386212.internal:7077 --name arrow-spark /home/dev/airflow/spark-code/project_5_alif.py. Error code is: 1.
[2023-07-15 01:04:52,296] {taskinstance.py:1288} INFO - Marking task as FAILED. dag_id=dagAlif, task_id=spark_submit, execution_date=20230714T010000, start_date=20230715T010343, end_date=20230715T010452
[2023-07-15 01:04:52,314] {standard_task_runner.py:98} ERROR - Failed to execute job 209 for task spark_submit (Cannot execute: spark-submit --master spark://cloud-virtual-machine.us-central1-a.c.bagas-project-386212.internal:7077 --name arrow-spark /home/dev/airflow/spark-code/project_5_alif.py. Error code is: 1.; 2659)
[2023-07-15 01:04:52,347] {local_task_job.py:154} INFO - Task exited with return code 1
[2023-07-15 01:04:52,374] {local_task_job.py:264} INFO - 0 downstream tasks scheduled from follow-on schedule check
