[2023-07-17 01:04:11,769] {taskinstance.py:1043} INFO - Dependencies all met for <TaskInstance: dagAlif.spark_submit scheduled__2023-07-16T01:00:00+00:00 [queued]>
[2023-07-17 01:04:11,782] {taskinstance.py:1043} INFO - Dependencies all met for <TaskInstance: dagAlif.spark_submit scheduled__2023-07-16T01:00:00+00:00 [queued]>
[2023-07-17 01:04:11,782] {taskinstance.py:1249} INFO - 
--------------------------------------------------------------------------------
[2023-07-17 01:04:11,782] {taskinstance.py:1250} INFO - Starting attempt 1 of 1
[2023-07-17 01:04:11,783] {taskinstance.py:1251} INFO - 
--------------------------------------------------------------------------------
[2023-07-17 01:04:11,809] {taskinstance.py:1270} INFO - Executing <Task(SparkSubmitOperator): spark_submit> on 2023-07-16 01:00:00+00:00
[2023-07-17 01:04:11,818] {standard_task_runner.py:52} INFO - Started process 21164 to run task
[2023-07-17 01:04:11,824] {standard_task_runner.py:79} INFO - Running: ['airflow', 'tasks', 'run', 'dagAlif', 'spark_submit', 'scheduled__2023-07-16T01:00:00+00:00', '--job-id', '352', '--raw', '--subdir', 'DAGS_FOLDER/dagAlif.py', '--cfg-path', '/tmp/tmp7azrhzfv', '--error-file', '/tmp/tmp6dnoemqj']
[2023-07-17 01:04:11,832] {standard_task_runner.py:80} INFO - Job 352: Subtask spark_submit
[2023-07-17 01:04:11,943] {logging_mixin.py:109} INFO - Running <TaskInstance: dagAlif.spark_submit scheduled__2023-07-16T01:00:00+00:00 [running]> on host cloud-virtual-machine.us-central1-a.c.bagas-project-386212.internal
[2023-07-17 01:04:12,033] {taskinstance.py:1448} INFO - Exporting the following env vars:
AIRFLOW_CTX_DAG_OWNER=airflow
AIRFLOW_CTX_DAG_ID=dagAlif
AIRFLOW_CTX_TASK_ID=spark_submit
AIRFLOW_CTX_EXECUTION_DATE=2023-07-16T01:00:00+00:00
AIRFLOW_CTX_DAG_RUN_ID=scheduled__2023-07-16T01:00:00+00:00
[2023-07-17 01:04:12,044] {base.py:79} INFO - Using connection to: id: spark-standalone. Host: spark://cloud-virtual-machine.us-central1-a.c.bagas-project-386212.internal, Port: 7077, Schema: , Login: , Password: None, extra: {}
[2023-07-17 01:04:12,047] {spark_submit.py:335} INFO - Spark-Submit cmd: spark-submit --master spark://cloud-virtual-machine.us-central1-a.c.bagas-project-386212.internal:7077 --name arrow-spark /home/dev/airflow/spark-code/project_5_alif.py
[2023-07-17 01:04:20,662] {spark_submit.py:488} INFO - 23/07/17 01:04:20 INFO SparkContext: Running Spark version 3.4.0
[2023-07-17 01:04:20,973] {spark_submit.py:488} INFO - 23/07/17 01:04:20 WARN NativeCodeLoader: Unable to load native-hadoop library for your platform... using builtin-java classes where applicable
[2023-07-17 01:04:21,314] {spark_submit.py:488} INFO - 23/07/17 01:04:21 INFO ResourceUtils: ==============================================================
[2023-07-17 01:04:21,315] {spark_submit.py:488} INFO - 23/07/17 01:04:21 INFO ResourceUtils: No custom resources configured for spark.driver.
[2023-07-17 01:04:21,316] {spark_submit.py:488} INFO - 23/07/17 01:04:21 INFO ResourceUtils: ==============================================================
[2023-07-17 01:04:21,323] {spark_submit.py:488} INFO - 23/07/17 01:04:21 INFO SparkContext: Submitted application: project_5_alif
[2023-07-17 01:04:21,421] {spark_submit.py:488} INFO - 23/07/17 01:04:21 INFO ResourceProfile: Default ResourceProfile created, executor resources: Map(memory -> name: memory, amount: 1024, script: , vendor: , offHeap -> name: offHeap, amount: 0, script: , vendor: ), task resources: Map(cpus -> name: cpus, amount: 1.0)
[2023-07-17 01:04:21,495] {spark_submit.py:488} INFO - 23/07/17 01:04:21 INFO ResourceProfile: Limiting resource is cpu
[2023-07-17 01:04:21,497] {spark_submit.py:488} INFO - 23/07/17 01:04:21 INFO ResourceProfileManager: Added ResourceProfile id: 0
[2023-07-17 01:04:21,745] {spark_submit.py:488} INFO - 23/07/17 01:04:21 INFO SecurityManager: Changing view acls to: dev
[2023-07-17 01:04:21,747] {spark_submit.py:488} INFO - 23/07/17 01:04:21 INFO SecurityManager: Changing modify acls to: dev
[2023-07-17 01:04:21,747] {spark_submit.py:488} INFO - 23/07/17 01:04:21 INFO SecurityManager: Changing view acls groups to:
[2023-07-17 01:04:21,749] {spark_submit.py:488} INFO - 23/07/17 01:04:21 INFO SecurityManager: Changing modify acls groups to:
[2023-07-17 01:04:21,757] {spark_submit.py:488} INFO - 23/07/17 01:04:21 INFO SecurityManager: SecurityManager: authentication disabled; ui acls disabled; users with view permissions: dev; groups with view permissions: EMPTY; users with modify permissions: dev; groups with modify permissions: EMPTY
[2023-07-17 01:04:22,743] {spark_submit.py:488} INFO - 23/07/17 01:04:22 INFO Utils: Successfully started service 'sparkDriver' on port 35063.
[2023-07-17 01:04:22,884] {spark_submit.py:488} INFO - 23/07/17 01:04:22 INFO SparkEnv: Registering MapOutputTracker
[2023-07-17 01:04:23,026] {spark_submit.py:488} INFO - 23/07/17 01:04:23 INFO SparkEnv: Registering BlockManagerMaster
[2023-07-17 01:04:23,112] {spark_submit.py:488} INFO - 23/07/17 01:04:23 INFO BlockManagerMasterEndpoint: Using org.apache.spark.storage.DefaultTopologyMapper for getting topology information
[2023-07-17 01:04:23,114] {spark_submit.py:488} INFO - 23/07/17 01:04:23 INFO BlockManagerMasterEndpoint: BlockManagerMasterEndpoint up
[2023-07-17 01:04:23,130] {spark_submit.py:488} INFO - 23/07/17 01:04:23 INFO SparkEnv: Registering BlockManagerMasterHeartbeat
[2023-07-17 01:04:23,214] {spark_submit.py:488} INFO - 23/07/17 01:04:23 INFO DiskBlockManager: Created local directory at /tmp/blockmgr-4528de4a-52e8-42c8-99ef-2b67b51189da
[2023-07-17 01:04:23,289] {spark_submit.py:488} INFO - 23/07/17 01:04:23 INFO MemoryStore: MemoryStore started with capacity 434.4 MiB
[2023-07-17 01:04:23,360] {spark_submit.py:488} INFO - 23/07/17 01:04:23 INFO SparkEnv: Registering OutputCommitCoordinator
[2023-07-17 01:04:24,085] {spark_submit.py:488} INFO - 23/07/17 01:04:24 INFO JettyUtils: Start Jetty 0.0.0.0:4040 for SparkUI
[2023-07-17 01:04:24,362] {spark_submit.py:488} INFO - 23/07/17 01:04:24 INFO Utils: Successfully started service 'SparkUI' on port 4040.
[2023-07-17 01:04:25,006] {spark_submit.py:488} INFO - 23/07/17 01:04:24 INFO StandaloneAppClient$ClientEndpoint: Connecting to master spark://cloud-virtual-machine.us-central1-a.c.bagas-project-386212.internal:7077...
[2023-07-17 01:04:25,183] {spark_submit.py:488} INFO - 23/07/17 01:04:25 INFO TransportClientFactory: Successfully created connection to cloud-virtual-machine.us-central1-a.c.bagas-project-386212.internal/10.128.0.6:7077 after 101 ms (0 ms spent in bootstraps)
[2023-07-17 01:04:25,430] {spark_submit.py:488} INFO - 23/07/17 01:04:25 INFO StandaloneSchedulerBackend: Connected to Spark cluster with app ID app-20230717010425-0138
[2023-07-17 01:04:25,476] {spark_submit.py:488} INFO - 23/07/17 01:04:25 INFO StandaloneAppClient$ClientEndpoint: Executor added: app-20230717010425-0138/0 on worker-20230715022533-10.128.0.6-37073 (10.128.0.6:37073) with 1 core(s)
[2023-07-17 01:04:25,485] {spark_submit.py:488} INFO - 23/07/17 01:04:25 INFO StandaloneSchedulerBackend: Granted executor ID app-20230717010425-0138/0 on hostPort 10.128.0.6:37073 with 1 core(s), 1024.0 MiB RAM
[2023-07-17 01:04:25,490] {spark_submit.py:488} INFO - 23/07/17 01:04:25 INFO Utils: Successfully started service 'org.apache.spark.network.netty.NettyBlockTransferService' on port 46623.
[2023-07-17 01:04:25,492] {spark_submit.py:488} INFO - 23/07/17 01:04:25 INFO NettyBlockTransferService: Server created on cloud-virtual-machine.us-central1-a.c.bagas-project-386212.internal:46623
[2023-07-17 01:04:25,496] {spark_submit.py:488} INFO - 23/07/17 01:04:25 INFO BlockManager: Using org.apache.spark.storage.RandomBlockReplicationPolicy for block replication policy
[2023-07-17 01:04:25,578] {spark_submit.py:488} INFO - 23/07/17 01:04:25 INFO BlockManagerMaster: Registering BlockManager BlockManagerId(driver, cloud-virtual-machine.us-central1-a.c.bagas-project-386212.internal, 46623, None)
[2023-07-17 01:04:25,587] {spark_submit.py:488} INFO - 23/07/17 01:04:25 INFO BlockManagerMasterEndpoint: Registering block manager cloud-virtual-machine.us-central1-a.c.bagas-project-386212.internal:46623 with 434.4 MiB RAM, BlockManagerId(driver, cloud-virtual-machine.us-central1-a.c.bagas-project-386212.internal, 46623, None)
[2023-07-17 01:04:25,595] {spark_submit.py:488} INFO - 23/07/17 01:04:25 INFO BlockManagerMaster: Registered BlockManager BlockManagerId(driver, cloud-virtual-machine.us-central1-a.c.bagas-project-386212.internal, 46623, None)
[2023-07-17 01:04:25,598] {spark_submit.py:488} INFO - 23/07/17 01:04:25 INFO BlockManager: Initialized BlockManager: BlockManagerId(driver, cloud-virtual-machine.us-central1-a.c.bagas-project-386212.internal, 46623, None)
[2023-07-17 01:04:25,757] {spark_submit.py:488} INFO - 23/07/17 01:04:25 INFO StandaloneAppClient$ClientEndpoint: Executor updated: app-20230717010425-0138/0 is now RUNNING
[2023-07-17 01:04:27,624] {spark_submit.py:488} INFO - 23/07/17 01:04:27 INFO StandaloneSchedulerBackend: SchedulerBackend is ready for scheduling beginning after reached minRegisteredResourcesRatio: 0.0
[2023-07-17 01:04:27,899] {spark_submit.py:488} INFO - /opt/spark/python/lib/pyspark.zip/pyspark/context.py:317: FutureWarning: Python 3.7 support is deprecated in Spark 3.4.
[2023-07-17 01:04:27,899] {spark_submit.py:488} INFO - warnings.warn("Python 3.7 support is deprecated in Spark 3.4.", FutureWarning)
[2023-07-17 01:04:29,922] {spark_submit.py:488} INFO - 23/07/17 01:04:29 INFO SharedState: Setting hive.metastore.warehouse.dir ('null') to the value of spark.sql.warehouse.dir.
[2023-07-17 01:04:30,012] {spark_submit.py:488} INFO - 23/07/17 01:04:30 INFO SharedState: Warehouse path is 'file:/home/dev/spark-warehouse'.
[2023-07-17 01:04:39,103] {spark_submit.py:488} INFO - 23/07/17 01:04:39 INFO InMemoryFileIndex: It took 406 ms to list leaf files for 1 paths.
[2023-07-17 01:04:43,137] {spark_submit.py:488} INFO - 23/07/17 01:04:43 INFO SparkContext: Starting job: parquet at NativeMethodAccessorImpl.java:0
[2023-07-17 01:04:43,282] {spark_submit.py:488} INFO - 23/07/17 01:04:43 INFO DAGScheduler: Got job 0 (parquet at NativeMethodAccessorImpl.java:0) with 1 output partitions
[2023-07-17 01:04:43,288] {spark_submit.py:488} INFO - 23/07/17 01:04:43 INFO DAGScheduler: Final stage: ResultStage 0 (parquet at NativeMethodAccessorImpl.java:0)
[2023-07-17 01:04:43,291] {spark_submit.py:488} INFO - 23/07/17 01:04:43 INFO DAGScheduler: Parents of final stage: List()
[2023-07-17 01:04:43,301] {spark_submit.py:488} INFO - 23/07/17 01:04:43 INFO DAGScheduler: Missing parents: List()
[2023-07-17 01:04:43,376] {spark_submit.py:488} INFO - 23/07/17 01:04:43 INFO DAGScheduler: Submitting ResultStage 0 (MapPartitionsRDD[1] at parquet at NativeMethodAccessorImpl.java:0), which has no missing parents
[2023-07-17 01:04:43,919] {spark_submit.py:488} INFO - 23/07/17 01:04:43 INFO MemoryStore: Block broadcast_0 stored as values in memory (estimated size 103.2 KiB, free 434.3 MiB)
[2023-07-17 01:04:44,189] {spark_submit.py:488} INFO - 23/07/17 01:04:44 INFO MemoryStore: Block broadcast_0_piece0 stored as bytes in memory (estimated size 37.1 KiB, free 434.3 MiB)
[2023-07-17 01:04:44,196] {spark_submit.py:488} INFO - 23/07/17 01:04:44 INFO BlockManagerInfo: Added broadcast_0_piece0 in memory on cloud-virtual-machine.us-central1-a.c.bagas-project-386212.internal:46623 (size: 37.1 KiB, free: 434.4 MiB)
[2023-07-17 01:04:44,224] {spark_submit.py:488} INFO - 23/07/17 01:04:44 INFO SparkContext: Created broadcast 0 from broadcast at DAGScheduler.scala:1535
[2023-07-17 01:04:44,380] {spark_submit.py:488} INFO - 23/07/17 01:04:44 INFO DAGScheduler: Submitting 1 missing tasks from ResultStage 0 (MapPartitionsRDD[1] at parquet at NativeMethodAccessorImpl.java:0) (first 15 tasks are for partitions Vector(0))
[2023-07-17 01:04:44,391] {spark_submit.py:488} INFO - 23/07/17 01:04:44 INFO TaskSchedulerImpl: Adding task set 0.0 with 1 tasks resource profile 0
[2023-07-17 01:04:45,576] {spark_submit.py:488} INFO - 23/07/17 01:04:45 INFO StandaloneSchedulerBackend$StandaloneDriverEndpoint: Registered executor NettyRpcEndpointRef(spark-client://Executor) (10.128.0.6:49224) with ID 0,  ResourceProfileId 0
[2023-07-17 01:04:45,890] {spark_submit.py:488} INFO - 23/07/17 01:04:45 INFO BlockManagerMasterEndpoint: Registering block manager 10.128.0.6:39035 with 434.4 MiB RAM, BlockManagerId(0, 10.128.0.6, 39035, None)
[2023-07-17 01:04:46,241] {spark_submit.py:488} INFO - 23/07/17 01:04:46 INFO TaskSetManager: Starting task 0.0 in stage 0.0 (TID 0) (10.128.0.6, executor 0, partition 0, PROCESS_LOCAL, 7534 bytes)
[2023-07-17 01:04:47,337] {spark_submit.py:488} INFO - 23/07/17 01:04:47 INFO BlockManagerInfo: Added broadcast_0_piece0 in memory on 10.128.0.6:39035 (size: 37.1 KiB, free: 434.4 MiB)
[2023-07-17 01:04:50,003] {spark_submit.py:488} INFO - 23/07/17 01:04:50 INFO TaskSetManager: Finished task 0.0 in stage 0.0 (TID 0) in 3835 ms on 10.128.0.6 (executor 0) (1/1)
[2023-07-17 01:04:50,024] {spark_submit.py:488} INFO - 23/07/17 01:04:50 INFO TaskSchedulerImpl: Removed TaskSet 0.0, whose tasks have all completed, from pool
[2023-07-17 01:04:50,050] {spark_submit.py:488} INFO - 23/07/17 01:04:50 INFO DAGScheduler: ResultStage 0 (parquet at NativeMethodAccessorImpl.java:0) finished in 6.523 s
[2023-07-17 01:04:50,081] {spark_submit.py:488} INFO - 23/07/17 01:04:50 INFO DAGScheduler: Job 0 is finished. Cancelling potential speculative or zombie tasks for this job
[2023-07-17 01:04:50,083] {spark_submit.py:488} INFO - 23/07/17 01:04:50 INFO TaskSchedulerImpl: Killing all running tasks in stage 0: Stage finished
[2023-07-17 01:04:50,103] {spark_submit.py:488} INFO - 23/07/17 01:04:50 INFO DAGScheduler: Job 0 finished: parquet at NativeMethodAccessorImpl.java:0, took 6.954101 s
[2023-07-17 01:04:52,696] {spark_submit.py:488} INFO - 23/07/17 01:04:52 INFO BlockManagerInfo: Removed broadcast_0_piece0 on cloud-virtual-machine.us-central1-a.c.bagas-project-386212.internal:46623 in memory (size: 37.1 KiB, free: 434.4 MiB)
[2023-07-17 01:04:52,770] {spark_submit.py:488} INFO - 23/07/17 01:04:52 INFO BlockManagerInfo: Removed broadcast_0_piece0 on 10.128.0.6:39035 in memory (size: 37.1 KiB, free: 434.4 MiB)
[2023-07-17 01:04:59,359] {spark_submit.py:488} INFO - 23/07/17 01:04:59 INFO FileSourceStrategy: Pushed Filters:
[2023-07-17 01:04:59,362] {spark_submit.py:488} INFO - 23/07/17 01:04:59 INFO FileSourceStrategy: Post-Scan Filters:
[2023-07-17 01:05:01,270] {spark_submit.py:488} INFO - 23/07/17 01:05:01 INFO CodeGenerator: Code generated in 1024.056377 ms
[2023-07-17 01:05:01,410] {spark_submit.py:488} INFO - 23/07/17 01:05:01 INFO MemoryStore: Block broadcast_1 stored as values in memory (estimated size 201.8 KiB, free 434.2 MiB)
[2023-07-17 01:05:01,475] {spark_submit.py:488} INFO - 23/07/17 01:05:01 INFO MemoryStore: Block broadcast_1_piece0 stored as bytes in memory (estimated size 35.2 KiB, free 434.2 MiB)
[2023-07-17 01:05:01,477] {spark_submit.py:488} INFO - 23/07/17 01:05:01 INFO BlockManagerInfo: Added broadcast_1_piece0 in memory on cloud-virtual-machine.us-central1-a.c.bagas-project-386212.internal:46623 (size: 35.2 KiB, free: 434.4 MiB)
[2023-07-17 01:05:01,488] {spark_submit.py:488} INFO - 23/07/17 01:05:01 INFO SparkContext: Created broadcast 1 from showString at NativeMethodAccessorImpl.java:0
[2023-07-17 01:05:01,531] {spark_submit.py:488} INFO - 23/07/17 01:05:01 INFO FileSourceScanExec: Planning scan with bin packing, max size: 7419885 bytes, open cost is considered as scanning 4194304 bytes.
[2023-07-17 01:05:01,765] {spark_submit.py:488} INFO - 23/07/17 01:05:01 INFO SparkContext: Starting job: showString at NativeMethodAccessorImpl.java:0
[2023-07-17 01:05:01,768] {spark_submit.py:488} INFO - 23/07/17 01:05:01 INFO DAGScheduler: Got job 1 (showString at NativeMethodAccessorImpl.java:0) with 1 output partitions
[2023-07-17 01:05:01,768] {spark_submit.py:488} INFO - 23/07/17 01:05:01 INFO DAGScheduler: Final stage: ResultStage 1 (showString at NativeMethodAccessorImpl.java:0)
[2023-07-17 01:05:01,768] {spark_submit.py:488} INFO - 23/07/17 01:05:01 INFO DAGScheduler: Parents of final stage: List()
[2023-07-17 01:05:01,768] {spark_submit.py:488} INFO - 23/07/17 01:05:01 INFO DAGScheduler: Missing parents: List()
[2023-07-17 01:05:01,775] {spark_submit.py:488} INFO - 23/07/17 01:05:01 INFO DAGScheduler: Submitting ResultStage 1 (MapPartitionsRDD[5] at showString at NativeMethodAccessorImpl.java:0), which has no missing parents
[2023-07-17 01:05:01,878] {spark_submit.py:488} INFO - 23/07/17 01:05:01 INFO MemoryStore: Block broadcast_2 stored as values in memory (estimated size 18.3 KiB, free 434.2 MiB)
[2023-07-17 01:05:01,895] {spark_submit.py:488} INFO - 23/07/17 01:05:01 INFO MemoryStore: Block broadcast_2_piece0 stored as bytes in memory (estimated size 7.3 KiB, free 434.1 MiB)
[2023-07-17 01:05:01,906] {spark_submit.py:488} INFO - 23/07/17 01:05:01 INFO BlockManagerInfo: Added broadcast_2_piece0 in memory on cloud-virtual-machine.us-central1-a.c.bagas-project-386212.internal:46623 (size: 7.3 KiB, free: 434.4 MiB)
[2023-07-17 01:05:01,909] {spark_submit.py:488} INFO - 23/07/17 01:05:01 INFO SparkContext: Created broadcast 2 from broadcast at DAGScheduler.scala:1535
[2023-07-17 01:05:01,934] {spark_submit.py:488} INFO - 23/07/17 01:05:01 INFO DAGScheduler: Submitting 1 missing tasks from ResultStage 1 (MapPartitionsRDD[5] at showString at NativeMethodAccessorImpl.java:0) (first 15 tasks are for partitions Vector(0))
[2023-07-17 01:05:01,937] {spark_submit.py:488} INFO - 23/07/17 01:05:01 INFO TaskSchedulerImpl: Adding task set 1.0 with 1 tasks resource profile 0
[2023-07-17 01:05:01,958] {spark_submit.py:488} INFO - 23/07/17 01:05:01 INFO TaskSetManager: Starting task 0.0 in stage 1.0 (TID 1) (10.128.0.6, executor 0, partition 0, PROCESS_LOCAL, 7958 bytes)
[2023-07-17 01:05:02,326] {spark_submit.py:488} INFO - 23/07/17 01:05:02 INFO BlockManagerInfo: Added broadcast_2_piece0 in memory on 10.128.0.6:39035 (size: 7.3 KiB, free: 434.4 MiB)
[2023-07-17 01:05:04,433] {spark_submit.py:488} INFO - 23/07/17 01:05:04 INFO BlockManagerInfo: Added broadcast_1_piece0 in memory on 10.128.0.6:39035 (size: 35.2 KiB, free: 434.4 MiB)
[2023-07-17 01:05:07,292] {spark_submit.py:488} INFO - 23/07/17 01:05:07 INFO TaskSetManager: Finished task 0.0 in stage 1.0 (TID 1) in 5345 ms on 10.128.0.6 (executor 0) (1/1)
[2023-07-17 01:05:07,296] {spark_submit.py:488} INFO - 23/07/17 01:05:07 INFO TaskSchedulerImpl: Removed TaskSet 1.0, whose tasks have all completed, from pool
[2023-07-17 01:05:07,303] {spark_submit.py:488} INFO - 23/07/17 01:05:07 INFO DAGScheduler: ResultStage 1 (showString at NativeMethodAccessorImpl.java:0) finished in 5.513 s
[2023-07-17 01:05:07,303] {spark_submit.py:488} INFO - 23/07/17 01:05:07 INFO DAGScheduler: Job 1 is finished. Cancelling potential speculative or zombie tasks for this job
[2023-07-17 01:05:07,303] {spark_submit.py:488} INFO - 23/07/17 01:05:07 INFO TaskSchedulerImpl: Killing all running tasks in stage 1: Stage finished
[2023-07-17 01:05:07,303] {spark_submit.py:488} INFO - 23/07/17 01:05:07 INFO DAGScheduler: Job 1 finished: showString at NativeMethodAccessorImpl.java:0, took 5.536938 s
[2023-07-17 01:05:07,573] {spark_submit.py:488} INFO - 23/07/17 01:05:07 INFO CodeGenerator: Code generated in 146.536547 ms
[2023-07-17 01:05:07,653] {spark_submit.py:488} INFO - +--------------------+-------------------+-------------------+------------+------------+-------+----------------------+
[2023-07-17 01:05:07,654] {spark_submit.py:488} INFO - |dispatching_base_num|    pickup_datetime|   dropOff_datetime|PUlocationID|DOlocationID|SR_Flag|Affiliated_base_number|
[2023-07-17 01:05:07,654] {spark_submit.py:488} INFO - +--------------------+-------------------+-------------------+------------+------------+-------+----------------------+
[2023-07-17 01:05:07,654] {spark_submit.py:488} INFO - |              B00013|2021-02-01 00:01:00|2021-02-01 01:33:00|        null|        null|   null|                B00014|
[2023-07-17 01:05:07,658] {spark_submit.py:488} INFO - |     B00021         |2021-02-01 00:55:40|2021-02-01 01:06:20|       173.0|        82.0|   null|       B00021         |
[2023-07-17 01:05:07,658] {spark_submit.py:488} INFO - |     B00021         |2021-02-01 00:14:03|2021-02-01 00:28:37|       173.0|        56.0|   null|       B00021         |
[2023-07-17 01:05:07,658] {spark_submit.py:488} INFO - |     B00021         |2021-02-01 00:27:48|2021-02-01 00:35:45|        82.0|       129.0|   null|       B00021         |
[2023-07-17 01:05:07,658] {spark_submit.py:488} INFO - |              B00037|2021-02-01 00:12:50|2021-02-01 00:26:38|        null|       225.0|   null|                B00037|
[2023-07-17 01:05:07,658] {spark_submit.py:488} INFO - |              B00037|2021-02-01 00:00:37|2021-02-01 00:09:35|        null|        61.0|   null|                B00037|
[2023-07-17 01:05:07,659] {spark_submit.py:488} INFO - |              B00112|2021-02-01 00:30:25|2021-02-01 00:57:23|        null|        26.0|   null|                B00112|
[2023-07-17 01:05:07,659] {spark_submit.py:488} INFO - |              B00149|2021-02-01 00:43:16|2021-02-01 01:03:16|        null|        72.0|   null|                B00149|
[2023-07-17 01:05:07,659] {spark_submit.py:488} INFO - |              B00221|2021-02-01 00:20:45|2021-02-01 00:21:15|        null|       244.0|   null|                B00221|
[2023-07-17 01:05:07,659] {spark_submit.py:488} INFO - |              B00225|2021-02-01 00:23:27|2021-02-01 00:55:46|        null|       169.0|   null|                B00225|
[2023-07-17 01:05:07,659] {spark_submit.py:488} INFO - +--------------------+-------------------+-------------------+------------+------------+-------+----------------------+
[2023-07-17 01:05:07,659] {spark_submit.py:488} INFO - only showing top 10 rows
[2023-07-17 01:05:07,659] {spark_submit.py:488} INFO - 
[2023-07-17 01:05:08,186] {spark_submit.py:488} INFO - 23/07/17 01:05:08 INFO FileSourceStrategy: Pushed Filters: IsNotNull(pickup_datetime)
[2023-07-17 01:05:08,186] {spark_submit.py:488} INFO - 23/07/17 01:05:08 INFO FileSourceStrategy: Post-Scan Filters: isnotnull(pickup_datetime#1),StartsWith(cast(pickup_datetime#1 as string), 2021-02-15)
[2023-07-17 01:05:08,693] {spark_submit.py:488} INFO - 23/07/17 01:05:08 INFO CodeGenerator: Code generated in 92.655002 ms
[2023-07-17 01:05:08,719] {spark_submit.py:488} INFO - 23/07/17 01:05:08 INFO MemoryStore: Block broadcast_3 stored as values in memory (estimated size 200.9 KiB, free 433.9 MiB)
[2023-07-17 01:05:08,754] {spark_submit.py:488} INFO - 23/07/17 01:05:08 INFO MemoryStore: Block broadcast_3_piece0 stored as bytes in memory (estimated size 34.9 KiB, free 433.9 MiB)
[2023-07-17 01:05:08,758] {spark_submit.py:488} INFO - 23/07/17 01:05:08 INFO BlockManagerInfo: Added broadcast_3_piece0 in memory on cloud-virtual-machine.us-central1-a.c.bagas-project-386212.internal:46623 (size: 34.9 KiB, free: 434.3 MiB)
[2023-07-17 01:05:08,778] {spark_submit.py:488} INFO - 23/07/17 01:05:08 INFO SparkContext: Created broadcast 3 from count at NativeMethodAccessorImpl.java:0
[2023-07-17 01:05:08,778] {spark_submit.py:488} INFO - 23/07/17 01:05:08 INFO FileSourceScanExec: Planning scan with bin packing, max size: 7419885 bytes, open cost is considered as scanning 4194304 bytes.
[2023-07-17 01:05:08,843] {spark_submit.py:488} INFO - 23/07/17 01:05:08 INFO DAGScheduler: Registering RDD 9 (count at NativeMethodAccessorImpl.java:0) as input to shuffle 0
[2023-07-17 01:05:08,856] {spark_submit.py:488} INFO - 23/07/17 01:05:08 INFO DAGScheduler: Got map stage job 2 (count at NativeMethodAccessorImpl.java:0) with 2 output partitions
[2023-07-17 01:05:08,857] {spark_submit.py:488} INFO - 23/07/17 01:05:08 INFO DAGScheduler: Final stage: ShuffleMapStage 2 (count at NativeMethodAccessorImpl.java:0)
[2023-07-17 01:05:08,857] {spark_submit.py:488} INFO - 23/07/17 01:05:08 INFO DAGScheduler: Parents of final stage: List()
[2023-07-17 01:05:08,866] {spark_submit.py:488} INFO - 23/07/17 01:05:08 INFO DAGScheduler: Missing parents: List()
[2023-07-17 01:05:08,875] {spark_submit.py:488} INFO - 23/07/17 01:05:08 INFO DAGScheduler: Submitting ShuffleMapStage 2 (MapPartitionsRDD[9] at count at NativeMethodAccessorImpl.java:0), which has no missing parents
[2023-07-17 01:05:08,963] {spark_submit.py:488} INFO - 23/07/17 01:05:08 INFO MemoryStore: Block broadcast_4 stored as values in memory (estimated size 18.2 KiB, free 433.9 MiB)
[2023-07-17 01:05:08,977] {spark_submit.py:488} INFO - 23/07/17 01:05:08 INFO MemoryStore: Block broadcast_4_piece0 stored as bytes in memory (estimated size 8.5 KiB, free 433.9 MiB)
[2023-07-17 01:05:08,985] {spark_submit.py:488} INFO - 23/07/17 01:05:08 INFO BlockManagerInfo: Added broadcast_4_piece0 in memory on cloud-virtual-machine.us-central1-a.c.bagas-project-386212.internal:46623 (size: 8.5 KiB, free: 434.3 MiB)
[2023-07-17 01:05:08,986] {spark_submit.py:488} INFO - 23/07/17 01:05:08 INFO SparkContext: Created broadcast 4 from broadcast at DAGScheduler.scala:1535
[2023-07-17 01:05:08,992] {spark_submit.py:488} INFO - 23/07/17 01:05:08 INFO DAGScheduler: Submitting 2 missing tasks from ShuffleMapStage 2 (MapPartitionsRDD[9] at count at NativeMethodAccessorImpl.java:0) (first 15 tasks are for partitions Vector(0, 1))
[2023-07-17 01:05:08,992] {spark_submit.py:488} INFO - 23/07/17 01:05:08 INFO TaskSchedulerImpl: Adding task set 2.0 with 2 tasks resource profile 0
[2023-07-17 01:05:08,998] {spark_submit.py:488} INFO - 23/07/17 01:05:08 INFO TaskSetManager: Starting task 0.0 in stage 2.0 (TID 2) (10.128.0.6, executor 0, partition 0, PROCESS_LOCAL, 7947 bytes)
[2023-07-17 01:05:09,085] {spark_submit.py:488} INFO - 23/07/17 01:05:09 INFO BlockManagerInfo: Added broadcast_4_piece0 in memory on 10.128.0.6:39035 (size: 8.5 KiB, free: 434.4 MiB)
[2023-07-17 01:05:09,666] {spark_submit.py:488} INFO - 23/07/17 01:05:09 INFO BlockManagerInfo: Added broadcast_3_piece0 in memory on 10.128.0.6:39035 (size: 34.9 KiB, free: 434.3 MiB)
[2023-07-17 01:05:12,688] {spark_submit.py:488} INFO - 23/07/17 01:05:12 INFO TaskSetManager: Starting task 1.0 in stage 2.0 (TID 3) (10.128.0.6, executor 0, partition 1, PROCESS_LOCAL, 7947 bytes)
[2023-07-17 01:05:12,711] {spark_submit.py:488} INFO - 23/07/17 01:05:12 INFO TaskSetManager: Finished task 0.0 in stage 2.0 (TID 2) in 3713 ms on 10.128.0.6 (executor 0) (1/2)
[2023-07-17 01:05:12,855] {spark_submit.py:488} INFO - 23/07/17 01:05:12 INFO TaskSetManager: Finished task 1.0 in stage 2.0 (TID 3) in 164 ms on 10.128.0.6 (executor 0) (2/2)
[2023-07-17 01:05:12,864] {spark_submit.py:488} INFO - 23/07/17 01:05:12 INFO DAGScheduler: ShuffleMapStage 2 (count at NativeMethodAccessorImpl.java:0) finished in 3.978 s
[2023-07-17 01:05:12,865] {spark_submit.py:488} INFO - 23/07/17 01:05:12 INFO DAGScheduler: looking for newly runnable stages
[2023-07-17 01:05:12,867] {spark_submit.py:488} INFO - 23/07/17 01:05:12 INFO DAGScheduler: running: Set()
[2023-07-17 01:05:12,868] {spark_submit.py:488} INFO - 23/07/17 01:05:12 INFO DAGScheduler: waiting: Set()
[2023-07-17 01:05:12,870] {spark_submit.py:488} INFO - 23/07/17 01:05:12 INFO DAGScheduler: failed: Set()
[2023-07-17 01:05:12,872] {spark_submit.py:488} INFO - 23/07/17 01:05:12 INFO TaskSchedulerImpl: Removed TaskSet 2.0, whose tasks have all completed, from pool
[2023-07-17 01:05:13,111] {spark_submit.py:488} INFO - 23/07/17 01:05:13 INFO CodeGenerator: Code generated in 72.776161 ms
[2023-07-17 01:05:13,282] {spark_submit.py:488} INFO - 23/07/17 01:05:13 INFO SparkContext: Starting job: count at NativeMethodAccessorImpl.java:0
[2023-07-17 01:05:13,299] {spark_submit.py:488} INFO - 23/07/17 01:05:13 INFO DAGScheduler: Got job 3 (count at NativeMethodAccessorImpl.java:0) with 1 output partitions
[2023-07-17 01:05:13,300] {spark_submit.py:488} INFO - 23/07/17 01:05:13 INFO DAGScheduler: Final stage: ResultStage 4 (count at NativeMethodAccessorImpl.java:0)
[2023-07-17 01:05:13,300] {spark_submit.py:488} INFO - 23/07/17 01:05:13 INFO DAGScheduler: Parents of final stage: List(ShuffleMapStage 3)
[2023-07-17 01:05:13,301] {spark_submit.py:488} INFO - 23/07/17 01:05:13 INFO DAGScheduler: Missing parents: List()
[2023-07-17 01:05:13,306] {spark_submit.py:488} INFO - 23/07/17 01:05:13 INFO DAGScheduler: Submitting ResultStage 4 (MapPartitionsRDD[12] at count at NativeMethodAccessorImpl.java:0), which has no missing parents
[2023-07-17 01:05:13,350] {spark_submit.py:488} INFO - 23/07/17 01:05:13 INFO MemoryStore: Block broadcast_5 stored as values in memory (estimated size 12.1 KiB, free 433.9 MiB)
[2023-07-17 01:05:13,378] {spark_submit.py:488} INFO - 23/07/17 01:05:13 INFO MemoryStore: Block broadcast_5_piece0 stored as bytes in memory (estimated size 5.8 KiB, free 433.9 MiB)
[2023-07-17 01:05:13,387] {spark_submit.py:488} INFO - 23/07/17 01:05:13 INFO BlockManagerInfo: Added broadcast_5_piece0 in memory on cloud-virtual-machine.us-central1-a.c.bagas-project-386212.internal:46623 (size: 5.8 KiB, free: 434.3 MiB)
[2023-07-17 01:05:13,393] {spark_submit.py:488} INFO - 23/07/17 01:05:13 INFO SparkContext: Created broadcast 5 from broadcast at DAGScheduler.scala:1535
[2023-07-17 01:05:13,397] {spark_submit.py:488} INFO - 23/07/17 01:05:13 INFO DAGScheduler: Submitting 1 missing tasks from ResultStage 4 (MapPartitionsRDD[12] at count at NativeMethodAccessorImpl.java:0) (first 15 tasks are for partitions Vector(0))
[2023-07-17 01:05:13,397] {spark_submit.py:488} INFO - 23/07/17 01:05:13 INFO TaskSchedulerImpl: Adding task set 4.0 with 1 tasks resource profile 0
[2023-07-17 01:05:13,431] {spark_submit.py:488} INFO - 23/07/17 01:05:13 INFO TaskSetManager: Starting task 0.0 in stage 4.0 (TID 4) (10.128.0.6, executor 0, partition 0, NODE_LOCAL, 7367 bytes)
[2023-07-17 01:05:13,543] {spark_submit.py:488} INFO - 23/07/17 01:05:13 INFO BlockManagerInfo: Added broadcast_5_piece0 in memory on 10.128.0.6:39035 (size: 5.8 KiB, free: 434.3 MiB)
[2023-07-17 01:05:13,656] {spark_submit.py:488} INFO - 23/07/17 01:05:13 INFO MapOutputTrackerMasterEndpoint: Asked to send map output locations for shuffle 0 to 10.128.0.6:49224
[2023-07-17 01:05:14,225] {spark_submit.py:488} INFO - 23/07/17 01:05:14 INFO TaskSetManager: Finished task 0.0 in stage 4.0 (TID 4) in 803 ms on 10.128.0.6 (executor 0) (1/1)
[2023-07-17 01:05:14,226] {spark_submit.py:488} INFO - 23/07/17 01:05:14 INFO TaskSchedulerImpl: Removed TaskSet 4.0, whose tasks have all completed, from pool
[2023-07-17 01:05:14,231] {spark_submit.py:488} INFO - 23/07/17 01:05:14 INFO DAGScheduler: ResultStage 4 (count at NativeMethodAccessorImpl.java:0) finished in 0.887 s
[2023-07-17 01:05:14,231] {spark_submit.py:488} INFO - 23/07/17 01:05:14 INFO DAGScheduler: Job 3 is finished. Cancelling potential speculative or zombie tasks for this job
[2023-07-17 01:05:14,231] {spark_submit.py:488} INFO - 23/07/17 01:05:14 INFO TaskSchedulerImpl: Killing all running tasks in stage 4: Stage finished
[2023-07-17 01:05:14,233] {spark_submit.py:488} INFO - 23/07/17 01:05:14 INFO DAGScheduler: Job 3 finished: count at NativeMethodAccessorImpl.java:0, took 0.950334 s
[2023-07-17 01:05:14,246] {spark_submit.py:488} INFO - 
[2023-07-17 01:05:14,246] {spark_submit.py:488} INFO - How many taxi trips on February 15 = 34814
[2023-07-17 01:05:14,246] {spark_submit.py:488} INFO - 
[2023-07-17 01:05:14,930] {spark_submit.py:488} INFO - 23/07/17 01:05:14 INFO FileSourceStrategy: Pushed Filters:
[2023-07-17 01:05:14,931] {spark_submit.py:488} INFO - 23/07/17 01:05:14 INFO FileSourceStrategy: Post-Scan Filters:
[2023-07-17 01:05:15,596] {spark_submit.py:488} INFO - 23/07/17 01:05:15 INFO CodeGenerator: Code generated in 321.458761 ms
[2023-07-17 01:05:15,619] {spark_submit.py:488} INFO - 23/07/17 01:05:15 INFO MemoryStore: Block broadcast_6 stored as values in memory (estimated size 200.9 KiB, free 433.7 MiB)
[2023-07-17 01:05:15,655] {spark_submit.py:488} INFO - 23/07/17 01:05:15 INFO MemoryStore: Block broadcast_6_piece0 stored as bytes in memory (estimated size 34.9 KiB, free 433.6 MiB)
[2023-07-17 01:05:15,657] {spark_submit.py:488} INFO - 23/07/17 01:05:15 INFO BlockManagerInfo: Added broadcast_6_piece0 in memory on cloud-virtual-machine.us-central1-a.c.bagas-project-386212.internal:46623 (size: 34.9 KiB, free: 434.3 MiB)
[2023-07-17 01:05:15,665] {spark_submit.py:488} INFO - 23/07/17 01:05:15 INFO SparkContext: Created broadcast 6 from showString at NativeMethodAccessorImpl.java:0
[2023-07-17 01:05:15,672] {spark_submit.py:488} INFO - 23/07/17 01:05:15 INFO FileSourceScanExec: Planning scan with bin packing, max size: 7419885 bytes, open cost is considered as scanning 4194304 bytes.
[2023-07-17 01:05:15,904] {spark_submit.py:488} INFO - 23/07/17 01:05:15 INFO DAGScheduler: Registering RDD 16 (showString at NativeMethodAccessorImpl.java:0) as input to shuffle 1
[2023-07-17 01:05:15,904] {spark_submit.py:488} INFO - 23/07/17 01:05:15 INFO DAGScheduler: Got map stage job 4 (showString at NativeMethodAccessorImpl.java:0) with 2 output partitions
[2023-07-17 01:05:15,904] {spark_submit.py:488} INFO - 23/07/17 01:05:15 INFO DAGScheduler: Final stage: ShuffleMapStage 5 (showString at NativeMethodAccessorImpl.java:0)
[2023-07-17 01:05:15,904] {spark_submit.py:488} INFO - 23/07/17 01:05:15 INFO DAGScheduler: Parents of final stage: List()
[2023-07-17 01:05:15,904] {spark_submit.py:488} INFO - 23/07/17 01:05:15 INFO DAGScheduler: Missing parents: List()
[2023-07-17 01:05:15,920] {spark_submit.py:488} INFO - 23/07/17 01:05:15 INFO DAGScheduler: Submitting ShuffleMapStage 5 (MapPartitionsRDD[16] at showString at NativeMethodAccessorImpl.java:0), which has no missing parents
[2023-07-17 01:05:15,930] {spark_submit.py:488} INFO - 23/07/17 01:05:15 INFO BlockManagerInfo: Removed broadcast_5_piece0 on 10.128.0.6:39035 in memory (size: 5.8 KiB, free: 434.3 MiB)
[2023-07-17 01:05:15,948] {spark_submit.py:488} INFO - 23/07/17 01:05:15 INFO BlockManagerInfo: Removed broadcast_5_piece0 on cloud-virtual-machine.us-central1-a.c.bagas-project-386212.internal:46623 in memory (size: 5.8 KiB, free: 434.3 MiB)
[2023-07-17 01:05:15,956] {spark_submit.py:488} INFO - 23/07/17 01:05:15 INFO MemoryStore: Block broadcast_7 stored as values in memory (estimated size 40.9 KiB, free 433.6 MiB)
[2023-07-17 01:05:15,965] {spark_submit.py:488} INFO - 23/07/17 01:05:15 INFO MemoryStore: Block broadcast_7_piece0 stored as bytes in memory (estimated size 18.8 KiB, free 433.6 MiB)
[2023-07-17 01:05:15,969] {spark_submit.py:488} INFO - 23/07/17 01:05:15 INFO BlockManagerInfo: Added broadcast_7_piece0 in memory on cloud-virtual-machine.us-central1-a.c.bagas-project-386212.internal:46623 (size: 18.8 KiB, free: 434.3 MiB)
[2023-07-17 01:05:15,977] {spark_submit.py:488} INFO - 23/07/17 01:05:15 INFO SparkContext: Created broadcast 7 from broadcast at DAGScheduler.scala:1535
[2023-07-17 01:05:15,979] {spark_submit.py:488} INFO - 23/07/17 01:05:15 INFO DAGScheduler: Submitting 2 missing tasks from ShuffleMapStage 5 (MapPartitionsRDD[16] at showString at NativeMethodAccessorImpl.java:0) (first 15 tasks are for partitions Vector(0, 1))
[2023-07-17 01:05:15,979] {spark_submit.py:488} INFO - 23/07/17 01:05:15 INFO TaskSchedulerImpl: Adding task set 5.0 with 2 tasks resource profile 0
[2023-07-17 01:05:16,002] {spark_submit.py:488} INFO - 23/07/17 01:05:16 INFO TaskSetManager: Starting task 0.0 in stage 5.0 (TID 5) (10.128.0.6, executor 0, partition 0, PROCESS_LOCAL, 7947 bytes)
[2023-07-17 01:05:16,091] {spark_submit.py:488} INFO - 23/07/17 01:05:16 INFO BlockManagerInfo: Added broadcast_7_piece0 in memory on 10.128.0.6:39035 (size: 18.8 KiB, free: 434.3 MiB)
[2023-07-17 01:05:16,126] {spark_submit.py:488} INFO - 23/07/17 01:05:16 INFO BlockManagerInfo: Removed broadcast_3_piece0 on 10.128.0.6:39035 in memory (size: 34.9 KiB, free: 434.3 MiB)
[2023-07-17 01:05:16,142] {spark_submit.py:488} INFO - 23/07/17 01:05:16 INFO BlockManagerInfo: Removed broadcast_3_piece0 on cloud-virtual-machine.us-central1-a.c.bagas-project-386212.internal:46623 in memory (size: 34.9 KiB, free: 434.3 MiB)
[2023-07-17 01:05:16,208] {spark_submit.py:488} INFO - 23/07/17 01:05:16 INFO BlockManagerInfo: Removed broadcast_2_piece0 on cloud-virtual-machine.us-central1-a.c.bagas-project-386212.internal:46623 in memory (size: 7.3 KiB, free: 434.3 MiB)
[2023-07-17 01:05:16,242] {spark_submit.py:488} INFO - 23/07/17 01:05:16 INFO BlockManagerInfo: Removed broadcast_2_piece0 on 10.128.0.6:39035 in memory (size: 7.3 KiB, free: 434.3 MiB)
[2023-07-17 01:05:16,292] {spark_submit.py:488} INFO - 23/07/17 01:05:16 INFO BlockManagerInfo: Removed broadcast_1_piece0 on cloud-virtual-machine.us-central1-a.c.bagas-project-386212.internal:46623 in memory (size: 35.2 KiB, free: 434.3 MiB)
[2023-07-17 01:05:16,319] {spark_submit.py:488} INFO - 23/07/17 01:05:16 INFO BlockManagerInfo: Removed broadcast_1_piece0 on 10.128.0.6:39035 in memory (size: 35.2 KiB, free: 434.4 MiB)
[2023-07-17 01:05:16,440] {spark_submit.py:488} INFO - 23/07/17 01:05:16 INFO BlockManagerInfo: Removed broadcast_4_piece0 on cloud-virtual-machine.us-central1-a.c.bagas-project-386212.internal:46623 in memory (size: 8.5 KiB, free: 434.3 MiB)
[2023-07-17 01:05:16,450] {spark_submit.py:488} INFO - 23/07/17 01:05:16 INFO BlockManagerInfo: Removed broadcast_4_piece0 on 10.128.0.6:39035 in memory (size: 8.5 KiB, free: 434.4 MiB)
[2023-07-17 01:05:17,531] {spark_submit.py:488} INFO - 23/07/17 01:05:17 INFO BlockManagerInfo: Added broadcast_6_piece0 in memory on 10.128.0.6:39035 (size: 34.9 KiB, free: 434.3 MiB)
[2023-07-17 01:05:19,977] {spark_submit.py:488} INFO - 23/07/17 01:05:19 INFO TaskSetManager: Starting task 1.0 in stage 5.0 (TID 6) (10.128.0.6, executor 0, partition 1, PROCESS_LOCAL, 7947 bytes)
[2023-07-17 01:05:19,978] {spark_submit.py:488} INFO - 23/07/17 01:05:19 INFO TaskSetManager: Finished task 0.0 in stage 5.0 (TID 5) in 3976 ms on 10.128.0.6 (executor 0) (1/2)
[2023-07-17 01:05:20,208] {spark_submit.py:488} INFO - 23/07/17 01:05:20 INFO TaskSetManager: Finished task 1.0 in stage 5.0 (TID 6) in 228 ms on 10.128.0.6 (executor 0) (2/2)
[2023-07-17 01:05:20,209] {spark_submit.py:488} INFO - 23/07/17 01:05:20 INFO TaskSchedulerImpl: Removed TaskSet 5.0, whose tasks have all completed, from pool
[2023-07-17 01:05:20,209] {spark_submit.py:488} INFO - 23/07/17 01:05:20 INFO DAGScheduler: ShuffleMapStage 5 (showString at NativeMethodAccessorImpl.java:0) finished in 4.283 s
[2023-07-17 01:05:20,209] {spark_submit.py:488} INFO - 23/07/17 01:05:20 INFO DAGScheduler: looking for newly runnable stages
[2023-07-17 01:05:20,209] {spark_submit.py:488} INFO - 23/07/17 01:05:20 INFO DAGScheduler: running: Set()
[2023-07-17 01:05:20,209] {spark_submit.py:488} INFO - 23/07/17 01:05:20 INFO DAGScheduler: waiting: Set()
[2023-07-17 01:05:20,209] {spark_submit.py:488} INFO - 23/07/17 01:05:20 INFO DAGScheduler: failed: Set()
[2023-07-17 01:05:20,287] {spark_submit.py:488} INFO - 23/07/17 01:05:20 INFO ShufflePartitionsUtil: For shuffle(1), advisory target size: 67108864, actual target size 1048576, minimum partition size: 1048576
[2023-07-17 01:05:20,364] {spark_submit.py:488} INFO - 23/07/17 01:05:20 INFO HashAggregateExec: spark.sql.codegen.aggregate.map.twolevel.enabled is set to true, but current version of codegened fast hashmap does not support this aggregate.
[2023-07-17 01:05:20,503] {spark_submit.py:488} INFO - 23/07/17 01:05:20 INFO CodeGenerator: Code generated in 105.3384 ms
[2023-07-17 01:05:20,581] {spark_submit.py:488} INFO - 23/07/17 01:05:20 INFO SparkContext: Starting job: showString at NativeMethodAccessorImpl.java:0
[2023-07-17 01:05:20,592] {spark_submit.py:488} INFO - 23/07/17 01:05:20 INFO DAGScheduler: Got job 5 (showString at NativeMethodAccessorImpl.java:0) with 1 output partitions
[2023-07-17 01:05:20,592] {spark_submit.py:488} INFO - 23/07/17 01:05:20 INFO DAGScheduler: Final stage: ResultStage 7 (showString at NativeMethodAccessorImpl.java:0)
[2023-07-17 01:05:20,592] {spark_submit.py:488} INFO - 23/07/17 01:05:20 INFO DAGScheduler: Parents of final stage: List(ShuffleMapStage 6)
[2023-07-17 01:05:20,593] {spark_submit.py:488} INFO - 23/07/17 01:05:20 INFO DAGScheduler: Missing parents: List()
[2023-07-17 01:05:20,599] {spark_submit.py:488} INFO - 23/07/17 01:05:20 INFO DAGScheduler: Submitting ResultStage 7 (MapPartitionsRDD[19] at showString at NativeMethodAccessorImpl.java:0), which has no missing parents
[2023-07-17 01:05:20,650] {spark_submit.py:488} INFO - 23/07/17 01:05:20 INFO MemoryStore: Block broadcast_8 stored as values in memory (estimated size 39.7 KiB, free 434.1 MiB)
[2023-07-17 01:05:20,658] {spark_submit.py:488} INFO - 23/07/17 01:05:20 INFO MemoryStore: Block broadcast_8_piece0 stored as bytes in memory (estimated size 18.8 KiB, free 434.1 MiB)
[2023-07-17 01:05:20,660] {spark_submit.py:488} INFO - 23/07/17 01:05:20 INFO BlockManagerInfo: Added broadcast_8_piece0 in memory on cloud-virtual-machine.us-central1-a.c.bagas-project-386212.internal:46623 (size: 18.8 KiB, free: 434.3 MiB)
[2023-07-17 01:05:20,667] {spark_submit.py:488} INFO - 23/07/17 01:05:20 INFO SparkContext: Created broadcast 8 from broadcast at DAGScheduler.scala:1535
[2023-07-17 01:05:20,670] {spark_submit.py:488} INFO - 23/07/17 01:05:20 INFO DAGScheduler: Submitting 1 missing tasks from ResultStage 7 (MapPartitionsRDD[19] at showString at NativeMethodAccessorImpl.java:0) (first 15 tasks are for partitions Vector(0))
[2023-07-17 01:05:20,672] {spark_submit.py:488} INFO - 23/07/17 01:05:20 INFO TaskSchedulerImpl: Adding task set 7.0 with 1 tasks resource profile 0
[2023-07-17 01:05:20,679] {spark_submit.py:488} INFO - 23/07/17 01:05:20 INFO TaskSetManager: Starting task 0.0 in stage 7.0 (TID 7) (10.128.0.6, executor 0, partition 0, NODE_LOCAL, 7367 bytes)
[2023-07-17 01:05:20,726] {spark_submit.py:488} INFO - 23/07/17 01:05:20 INFO BlockManagerInfo: Added broadcast_8_piece0 in memory on 10.128.0.6:39035 (size: 18.8 KiB, free: 434.3 MiB)
[2023-07-17 01:05:20,877] {spark_submit.py:488} INFO - 23/07/17 01:05:20 INFO MapOutputTrackerMasterEndpoint: Asked to send map output locations for shuffle 1 to 10.128.0.6:49224
[2023-07-17 01:05:21,183] {spark_submit.py:488} INFO - 23/07/17 01:05:21 INFO TaskSetManager: Finished task 0.0 in stage 7.0 (TID 7) in 499 ms on 10.128.0.6 (executor 0) (1/1)
[2023-07-17 01:05:21,184] {spark_submit.py:488} INFO - 23/07/17 01:05:21 INFO TaskSchedulerImpl: Removed TaskSet 7.0, whose tasks have all completed, from pool
[2023-07-17 01:05:21,191] {spark_submit.py:488} INFO - 23/07/17 01:05:21 INFO DAGScheduler: ResultStage 7 (showString at NativeMethodAccessorImpl.java:0) finished in 0.558 s
[2023-07-17 01:05:21,192] {spark_submit.py:488} INFO - 23/07/17 01:05:21 INFO DAGScheduler: Job 5 is finished. Cancelling potential speculative or zombie tasks for this job
[2023-07-17 01:05:21,192] {spark_submit.py:488} INFO - 23/07/17 01:05:21 INFO TaskSchedulerImpl: Killing all running tasks in stage 7: Stage finished
[2023-07-17 01:05:21,192] {spark_submit.py:488} INFO - 23/07/17 01:05:21 INFO DAGScheduler: Job 5 finished: showString at NativeMethodAccessorImpl.java:0, took 0.602344 s
[2023-07-17 01:05:21,252] {spark_submit.py:488} INFO - 23/07/17 01:05:21 INFO CodeGenerator: Code generated in 53.158534 ms
[2023-07-17 01:05:21,269] {spark_submit.py:488} INFO - +-----------+-------------------+
[2023-07-17 01:05:21,269] {spark_submit.py:488} INFO - |pickup_date|  max_trip_distance|
[2023-07-17 01:05:21,269] {spark_submit.py:488} INFO - +-----------+-------------------+
[2023-07-17 01:05:21,269] {spark_submit.py:488} INFO - | 2021-02-18|2021-02-18 23:59:57|
[2023-07-17 01:05:21,269] {spark_submit.py:488} INFO - | 2021-02-13|2021-02-13 23:59:57|
[2023-07-17 01:05:21,269] {spark_submit.py:488} INFO - | 2021-02-10|2021-02-10 23:59:52|
[2023-07-17 01:05:21,269] {spark_submit.py:488} INFO - | 2021-02-07|2021-02-07 23:59:58|
[2023-07-17 01:05:21,269] {spark_submit.py:488} INFO - | 2021-02-22|2021-02-22 23:59:49|
[2023-07-17 01:05:21,269] {spark_submit.py:488} INFO - | 2021-02-17|2021-02-17 23:59:59|
[2023-07-17 01:05:21,269] {spark_submit.py:488} INFO - | 2021-02-28|2021-02-28 23:59:55|
[2023-07-17 01:05:21,269] {spark_submit.py:488} INFO - | 2021-02-16|2021-02-16 23:59:56|
[2023-07-17 01:05:21,269] {spark_submit.py:488} INFO - | 2021-02-21|2021-02-21 23:59:58|
[2023-07-17 01:05:21,269] {spark_submit.py:488} INFO - | 2021-02-20|2021-02-20 23:59:58|
[2023-07-17 01:05:21,269] {spark_submit.py:488} INFO - | 2021-02-05|2021-02-05 23:59:59|
[2023-07-17 01:05:21,269] {spark_submit.py:488} INFO - | 2021-02-14|2021-02-14 23:59:58|
[2023-07-17 01:05:21,270] {spark_submit.py:488} INFO - | 2021-02-24|2021-02-24 23:59:38|
[2023-07-17 01:05:21,270] {spark_submit.py:488} INFO - | 2021-02-15|2021-02-15 23:59:46|
[2023-07-17 01:05:21,270] {spark_submit.py:488} INFO - | 2021-02-01|2021-02-01 23:59:24|
[2023-07-17 01:05:21,270] {spark_submit.py:488} INFO - | 2021-02-23|2021-02-23 23:59:59|
[2023-07-17 01:05:21,270] {spark_submit.py:488} INFO - | 2021-02-19|2021-02-19 23:59:59|
[2023-07-17 01:05:21,270] {spark_submit.py:488} INFO - | 2021-02-04|2021-02-04 23:59:55|
[2023-07-17 01:05:21,270] {spark_submit.py:488} INFO - | 2021-02-06|2021-02-06 23:59:57|
[2023-07-17 01:05:21,270] {spark_submit.py:488} INFO - | 2021-02-12|2021-02-12 23:59:59|
[2023-07-17 01:05:21,270] {spark_submit.py:488} INFO - +-----------+-------------------+
[2023-07-17 01:05:21,270] {spark_submit.py:488} INFO - only showing top 20 rows
[2023-07-17 01:05:21,270] {spark_submit.py:488} INFO - 
[2023-07-17 01:05:21,778] {spark_submit.py:488} INFO - 23/07/17 01:05:21 INFO FileSourceStrategy: Pushed Filters:
[2023-07-17 01:05:21,778] {spark_submit.py:488} INFO - 23/07/17 01:05:21 INFO FileSourceStrategy: Post-Scan Filters:
[2023-07-17 01:05:22,080] {spark_submit.py:488} INFO - 23/07/17 01:05:22 INFO CodeGenerator: Code generated in 173.394421 ms
[2023-07-17 01:05:22,093] {spark_submit.py:488} INFO - 23/07/17 01:05:22 INFO MemoryStore: Block broadcast_9 stored as values in memory (estimated size 200.9 KiB, free 433.9 MiB)
[2023-07-17 01:05:22,129] {spark_submit.py:488} INFO - 23/07/17 01:05:22 INFO MemoryStore: Block broadcast_9_piece0 stored as bytes in memory (estimated size 34.9 KiB, free 433.8 MiB)
[2023-07-17 01:05:22,130] {spark_submit.py:488} INFO - 23/07/17 01:05:22 INFO BlockManagerInfo: Added broadcast_9_piece0 in memory on cloud-virtual-machine.us-central1-a.c.bagas-project-386212.internal:46623 (size: 34.9 KiB, free: 434.3 MiB)
[2023-07-17 01:05:22,132] {spark_submit.py:488} INFO - 23/07/17 01:05:22 INFO SparkContext: Created broadcast 9 from showString at NativeMethodAccessorImpl.java:0
[2023-07-17 01:05:22,141] {spark_submit.py:488} INFO - 23/07/17 01:05:22 INFO FileSourceScanExec: Planning scan with bin packing, max size: 7419885 bytes, open cost is considered as scanning 4194304 bytes.
[2023-07-17 01:05:22,179] {spark_submit.py:488} INFO - 23/07/17 01:05:22 INFO DAGScheduler: Registering RDD 23 (showString at NativeMethodAccessorImpl.java:0) as input to shuffle 2
[2023-07-17 01:05:22,179] {spark_submit.py:488} INFO - 23/07/17 01:05:22 INFO DAGScheduler: Got map stage job 6 (showString at NativeMethodAccessorImpl.java:0) with 2 output partitions
[2023-07-17 01:05:22,180] {spark_submit.py:488} INFO - 23/07/17 01:05:22 INFO DAGScheduler: Final stage: ShuffleMapStage 8 (showString at NativeMethodAccessorImpl.java:0)
[2023-07-17 01:05:22,180] {spark_submit.py:488} INFO - 23/07/17 01:05:22 INFO DAGScheduler: Parents of final stage: List()
[2023-07-17 01:05:22,180] {spark_submit.py:488} INFO - 23/07/17 01:05:22 INFO DAGScheduler: Missing parents: List()
[2023-07-17 01:05:22,186] {spark_submit.py:488} INFO - 23/07/17 01:05:22 INFO DAGScheduler: Submitting ShuffleMapStage 8 (MapPartitionsRDD[23] at showString at NativeMethodAccessorImpl.java:0), which has no missing parents
[2023-07-17 01:05:22,203] {spark_submit.py:488} INFO - 23/07/17 01:05:22 INFO MemoryStore: Block broadcast_10 stored as values in memory (estimated size 37.0 KiB, free 433.8 MiB)
[2023-07-17 01:05:22,212] {spark_submit.py:488} INFO - 23/07/17 01:05:22 INFO MemoryStore: Block broadcast_10_piece0 stored as bytes in memory (estimated size 16.9 KiB, free 433.8 MiB)
[2023-07-17 01:05:22,218] {spark_submit.py:488} INFO - 23/07/17 01:05:22 INFO BlockManagerInfo: Added broadcast_10_piece0 in memory on cloud-virtual-machine.us-central1-a.c.bagas-project-386212.internal:46623 (size: 16.9 KiB, free: 434.3 MiB)
[2023-07-17 01:05:22,218] {spark_submit.py:488} INFO - 23/07/17 01:05:22 INFO SparkContext: Created broadcast 10 from broadcast at DAGScheduler.scala:1535
[2023-07-17 01:05:22,218] {spark_submit.py:488} INFO - 23/07/17 01:05:22 INFO DAGScheduler: Submitting 2 missing tasks from ShuffleMapStage 8 (MapPartitionsRDD[23] at showString at NativeMethodAccessorImpl.java:0) (first 15 tasks are for partitions Vector(0, 1))
[2023-07-17 01:05:22,225] {spark_submit.py:488} INFO - 23/07/17 01:05:22 INFO TaskSchedulerImpl: Adding task set 8.0 with 2 tasks resource profile 0
[2023-07-17 01:05:22,230] {spark_submit.py:488} INFO - 23/07/17 01:05:22 INFO TaskSetManager: Starting task 0.0 in stage 8.0 (TID 8) (10.128.0.6, executor 0, partition 0, PROCESS_LOCAL, 7947 bytes)
[2023-07-17 01:05:22,279] {spark_submit.py:488} INFO - 23/07/17 01:05:22 INFO BlockManagerInfo: Added broadcast_10_piece0 in memory on 10.128.0.6:39035 (size: 16.9 KiB, free: 434.3 MiB)
[2023-07-17 01:05:22,802] {spark_submit.py:488} INFO - 23/07/17 01:05:22 INFO BlockManagerInfo: Added broadcast_9_piece0 in memory on 10.128.0.6:39035 (size: 34.9 KiB, free: 434.3 MiB)
[2023-07-17 01:05:24,729] {spark_submit.py:488} INFO - 23/07/17 01:05:24 INFO TaskSetManager: Starting task 1.0 in stage 8.0 (TID 9) (10.128.0.6, executor 0, partition 1, PROCESS_LOCAL, 7947 bytes)
[2023-07-17 01:05:24,729] {spark_submit.py:488} INFO - 23/07/17 01:05:24 INFO TaskSetManager: Finished task 0.0 in stage 8.0 (TID 8) in 2501 ms on 10.128.0.6 (executor 0) (1/2)
[2023-07-17 01:05:24,952] {spark_submit.py:488} INFO - 23/07/17 01:05:24 INFO TaskSetManager: Finished task 1.0 in stage 8.0 (TID 9) in 227 ms on 10.128.0.6 (executor 0) (2/2)
[2023-07-17 01:05:24,953] {spark_submit.py:488} INFO - 23/07/17 01:05:24 INFO TaskSchedulerImpl: Removed TaskSet 8.0, whose tasks have all completed, from pool
[2023-07-17 01:05:24,955] {spark_submit.py:488} INFO - 23/07/17 01:05:24 INFO DAGScheduler: ShuffleMapStage 8 (showString at NativeMethodAccessorImpl.java:0) finished in 2.763 s
[2023-07-17 01:05:24,956] {spark_submit.py:488} INFO - 23/07/17 01:05:24 INFO DAGScheduler: looking for newly runnable stages
[2023-07-17 01:05:24,956] {spark_submit.py:488} INFO - 23/07/17 01:05:24 INFO DAGScheduler: running: Set()
[2023-07-17 01:05:24,956] {spark_submit.py:488} INFO - 23/07/17 01:05:24 INFO DAGScheduler: waiting: Set()
[2023-07-17 01:05:24,956] {spark_submit.py:488} INFO - 23/07/17 01:05:24 INFO DAGScheduler: failed: Set()
[2023-07-17 01:05:24,973] {spark_submit.py:488} INFO - 23/07/17 01:05:24 INFO ShufflePartitionsUtil: For shuffle(2), advisory target size: 67108864, actual target size 1048576, minimum partition size: 1048576
[2023-07-17 01:05:25,112] {spark_submit.py:488} INFO - 23/07/17 01:05:25 INFO CodeGenerator: Code generated in 61.210337 ms
[2023-07-17 01:05:25,122] {spark_submit.py:488} INFO - 23/07/17 01:05:25 INFO HashAggregateExec: spark.sql.codegen.aggregate.map.twolevel.enabled is set to true, but current version of codegened fast hashmap does not support this aggregate.
[2023-07-17 01:05:25,222] {spark_submit.py:488} INFO - 23/07/17 01:05:25 INFO CodeGenerator: Code generated in 81.538787 ms
[2023-07-17 01:05:25,432] {spark_submit.py:488} INFO - 23/07/17 01:05:25 INFO SparkContext: Starting job: showString at NativeMethodAccessorImpl.java:0
[2023-07-17 01:05:25,433] {spark_submit.py:488} INFO - 23/07/17 01:05:25 INFO DAGScheduler: Got job 7 (showString at NativeMethodAccessorImpl.java:0) with 1 output partitions
[2023-07-17 01:05:25,433] {spark_submit.py:488} INFO - 23/07/17 01:05:25 INFO DAGScheduler: Final stage: ResultStage 10 (showString at NativeMethodAccessorImpl.java:0)
[2023-07-17 01:05:25,433] {spark_submit.py:488} INFO - 23/07/17 01:05:25 INFO DAGScheduler: Parents of final stage: List(ShuffleMapStage 9)
[2023-07-17 01:05:25,433] {spark_submit.py:488} INFO - 23/07/17 01:05:25 INFO DAGScheduler: Missing parents: List()
[2023-07-17 01:05:25,440] {spark_submit.py:488} INFO - 23/07/17 01:05:25 INFO DAGScheduler: Submitting ResultStage 10 (MapPartitionsRDD[27] at showString at NativeMethodAccessorImpl.java:0), which has no missing parents
[2023-07-17 01:05:25,489] {spark_submit.py:488} INFO - 23/07/17 01:05:25 INFO MemoryStore: Block broadcast_11 stored as values in memory (estimated size 37.7 KiB, free 433.7 MiB)
[2023-07-17 01:05:25,490] {spark_submit.py:488} INFO - 23/07/17 01:05:25 INFO MemoryStore: Block broadcast_11_piece0 stored as bytes in memory (estimated size 17.8 KiB, free 433.7 MiB)
[2023-07-17 01:05:25,492] {spark_submit.py:488} INFO - 23/07/17 01:05:25 INFO BlockManagerInfo: Added broadcast_11_piece0 in memory on cloud-virtual-machine.us-central1-a.c.bagas-project-386212.internal:46623 (size: 17.8 KiB, free: 434.3 MiB)
[2023-07-17 01:05:25,508] {spark_submit.py:488} INFO - 23/07/17 01:05:25 INFO SparkContext: Created broadcast 11 from broadcast at DAGScheduler.scala:1535
[2023-07-17 01:05:25,508] {spark_submit.py:488} INFO - 23/07/17 01:05:25 INFO DAGScheduler: Submitting 1 missing tasks from ResultStage 10 (MapPartitionsRDD[27] at showString at NativeMethodAccessorImpl.java:0) (first 15 tasks are for partitions Vector(0))
[2023-07-17 01:05:25,509] {spark_submit.py:488} INFO - 23/07/17 01:05:25 INFO TaskSchedulerImpl: Adding task set 10.0 with 1 tasks resource profile 0
[2023-07-17 01:05:25,512] {spark_submit.py:488} INFO - 23/07/17 01:05:25 INFO TaskSetManager: Starting task 0.0 in stage 10.0 (TID 10) (10.128.0.6, executor 0, partition 0, NODE_LOCAL, 7367 bytes)
[2023-07-17 01:05:25,563] {spark_submit.py:488} INFO - 23/07/17 01:05:25 INFO BlockManagerInfo: Added broadcast_11_piece0 in memory on 10.128.0.6:39035 (size: 17.8 KiB, free: 434.3 MiB)
[2023-07-17 01:05:25,918] {spark_submit.py:488} INFO - 23/07/17 01:05:25 INFO MapOutputTrackerMasterEndpoint: Asked to send map output locations for shuffle 2 to 10.128.0.6:49224
[2023-07-17 01:05:26,235] {spark_submit.py:488} INFO - 23/07/17 01:05:26 INFO TaskSetManager: Finished task 0.0 in stage 10.0 (TID 10) in 725 ms on 10.128.0.6 (executor 0) (1/1)
[2023-07-17 01:05:26,242] {spark_submit.py:488} INFO - 23/07/17 01:05:26 INFO DAGScheduler: ResultStage 10 (showString at NativeMethodAccessorImpl.java:0) finished in 0.767 s
[2023-07-17 01:05:26,242] {spark_submit.py:488} INFO - 23/07/17 01:05:26 INFO DAGScheduler: Job 7 is finished. Cancelling potential speculative or zombie tasks for this job
[2023-07-17 01:05:26,244] {spark_submit.py:488} INFO - 23/07/17 01:05:26 INFO TaskSchedulerImpl: Removed TaskSet 10.0, whose tasks have all completed, from pool
[2023-07-17 01:05:26,250] {spark_submit.py:488} INFO - 23/07/17 01:05:26 INFO TaskSchedulerImpl: Killing all running tasks in stage 10: Stage finished
[2023-07-17 01:05:26,250] {spark_submit.py:488} INFO - 23/07/17 01:05:26 INFO DAGScheduler: Job 7 finished: showString at NativeMethodAccessorImpl.java:0, took 0.816602 s
[2023-07-17 01:05:26,328] {spark_submit.py:488} INFO - 23/07/17 01:05:26 INFO CodeGenerator: Code generated in 45.565894 ms
[2023-07-17 01:05:26,383] {spark_submit.py:488} INFO - 23/07/17 01:05:26 INFO CodeGenerator: Code generated in 36.011357 ms
[2023-07-17 01:05:26,401] {spark_submit.py:488} INFO - +--------------------+-----+
[2023-07-17 01:05:26,401] {spark_submit.py:488} INFO - |dispatching_base_num|count|
[2023-07-17 01:05:26,401] {spark_submit.py:488} INFO - +--------------------+-----+
[2023-07-17 01:05:26,401] {spark_submit.py:488} INFO - |              B00856|35077|
[2023-07-17 01:05:26,401] {spark_submit.py:488} INFO - |              B01312|33089|
[2023-07-17 01:05:26,401] {spark_submit.py:488} INFO - |              B01145|31114|
[2023-07-17 01:05:26,401] {spark_submit.py:488} INFO - |              B02794|30397|
[2023-07-17 01:05:26,401] {spark_submit.py:488} INFO - |              B03016|29794|
[2023-07-17 01:05:26,401] {spark_submit.py:488} INFO - +--------------------+-----+
[2023-07-17 01:05:26,401] {spark_submit.py:488} INFO - 
[2023-07-17 01:05:26,802] {spark_submit.py:488} INFO - 23/07/17 01:05:26 INFO FileSourceStrategy: Pushed Filters: IsNotNull(PUlocationID),IsNotNull(DOlocationID)
[2023-07-17 01:05:26,810] {spark_submit.py:488} INFO - 23/07/17 01:05:26 INFO FileSourceStrategy: Post-Scan Filters: isnotnull(PUlocationID#3),isnotnull(DOlocationID#4)
[2023-07-17 01:05:27,155] {spark_submit.py:488} INFO - 23/07/17 01:05:27 INFO CodeGenerator: Code generated in 151.45174 ms
[2023-07-17 01:05:27,181] {spark_submit.py:488} INFO - 23/07/17 01:05:27 INFO MemoryStore: Block broadcast_12 stored as values in memory (estimated size 201.0 KiB, free 433.5 MiB)
[2023-07-17 01:05:27,222] {spark_submit.py:488} INFO - 23/07/17 01:05:27 INFO MemoryStore: Block broadcast_12_piece0 stored as bytes in memory (estimated size 34.9 KiB, free 433.5 MiB)
[2023-07-17 01:05:27,230] {spark_submit.py:488} INFO - 23/07/17 01:05:27 INFO BlockManagerInfo: Added broadcast_12_piece0 in memory on cloud-virtual-machine.us-central1-a.c.bagas-project-386212.internal:46623 (size: 34.9 KiB, free: 434.2 MiB)
[2023-07-17 01:05:27,235] {spark_submit.py:488} INFO - 23/07/17 01:05:27 INFO SparkContext: Created broadcast 12 from showString at NativeMethodAccessorImpl.java:0
[2023-07-17 01:05:27,242] {spark_submit.py:488} INFO - 23/07/17 01:05:27 INFO FileSourceScanExec: Planning scan with bin packing, max size: 7419885 bytes, open cost is considered as scanning 4194304 bytes.
[2023-07-17 01:05:27,295] {spark_submit.py:488} INFO - 23/07/17 01:05:27 INFO DAGScheduler: Registering RDD 31 (showString at NativeMethodAccessorImpl.java:0) as input to shuffle 3
[2023-07-17 01:05:27,295] {spark_submit.py:488} INFO - 23/07/17 01:05:27 INFO DAGScheduler: Got map stage job 8 (showString at NativeMethodAccessorImpl.java:0) with 2 output partitions
[2023-07-17 01:05:27,295] {spark_submit.py:488} INFO - 23/07/17 01:05:27 INFO DAGScheduler: Final stage: ShuffleMapStage 11 (showString at NativeMethodAccessorImpl.java:0)
[2023-07-17 01:05:27,295] {spark_submit.py:488} INFO - 23/07/17 01:05:27 INFO DAGScheduler: Parents of final stage: List()
[2023-07-17 01:05:27,295] {spark_submit.py:488} INFO - 23/07/17 01:05:27 INFO DAGScheduler: Missing parents: List()
[2023-07-17 01:05:27,299] {spark_submit.py:488} INFO - 23/07/17 01:05:27 INFO DAGScheduler: Submitting ShuffleMapStage 11 (MapPartitionsRDD[31] at showString at NativeMethodAccessorImpl.java:0), which has no missing parents
[2023-07-17 01:05:27,307] {spark_submit.py:488} INFO - 23/07/17 01:05:27 INFO MemoryStore: Block broadcast_13 stored as values in memory (estimated size 41.0 KiB, free 433.4 MiB)
[2023-07-17 01:05:27,330] {spark_submit.py:488} INFO - 23/07/17 01:05:27 INFO MemoryStore: Block broadcast_13_piece0 stored as bytes in memory (estimated size 18.3 KiB, free 433.4 MiB)
[2023-07-17 01:05:27,332] {spark_submit.py:488} INFO - 23/07/17 01:05:27 INFO BlockManagerInfo: Added broadcast_13_piece0 in memory on cloud-virtual-machine.us-central1-a.c.bagas-project-386212.internal:46623 (size: 18.3 KiB, free: 434.2 MiB)
[2023-07-17 01:05:27,334] {spark_submit.py:488} INFO - 23/07/17 01:05:27 INFO SparkContext: Created broadcast 13 from broadcast at DAGScheduler.scala:1535
[2023-07-17 01:05:27,335] {spark_submit.py:488} INFO - 23/07/17 01:05:27 INFO DAGScheduler: Submitting 2 missing tasks from ShuffleMapStage 11 (MapPartitionsRDD[31] at showString at NativeMethodAccessorImpl.java:0) (first 15 tasks are for partitions Vector(0, 1))
[2023-07-17 01:05:27,336] {spark_submit.py:488} INFO - 23/07/17 01:05:27 INFO TaskSchedulerImpl: Adding task set 11.0 with 2 tasks resource profile 0
[2023-07-17 01:05:27,339] {spark_submit.py:488} INFO - 23/07/17 01:05:27 INFO TaskSetManager: Starting task 0.0 in stage 11.0 (TID 11) (10.128.0.6, executor 0, partition 0, PROCESS_LOCAL, 7947 bytes)
[2023-07-17 01:05:27,389] {spark_submit.py:488} INFO - 23/07/17 01:05:27 INFO BlockManagerInfo: Added broadcast_13_piece0 in memory on 10.128.0.6:39035 (size: 18.3 KiB, free: 434.2 MiB)
[2023-07-17 01:05:28,018] {spark_submit.py:488} INFO - 23/07/17 01:05:28 INFO BlockManagerInfo: Added broadcast_12_piece0 in memory on 10.128.0.6:39035 (size: 34.9 KiB, free: 434.2 MiB)
[2023-07-17 01:05:29,549] {spark_submit.py:488} INFO - 23/07/17 01:05:29 INFO TaskSetManager: Starting task 1.0 in stage 11.0 (TID 12) (10.128.0.6, executor 0, partition 1, PROCESS_LOCAL, 7947 bytes)
[2023-07-17 01:05:29,552] {spark_submit.py:488} INFO - 23/07/17 01:05:29 INFO TaskSetManager: Finished task 0.0 in stage 11.0 (TID 11) in 2214 ms on 10.128.0.6 (executor 0) (1/2)
[2023-07-17 01:05:29,743] {spark_submit.py:488} INFO - 23/07/17 01:05:29 INFO TaskSetManager: Finished task 1.0 in stage 11.0 (TID 12) in 192 ms on 10.128.0.6 (executor 0) (2/2)
[2023-07-17 01:05:29,743] {spark_submit.py:488} INFO - 23/07/17 01:05:29 INFO TaskSchedulerImpl: Removed TaskSet 11.0, whose tasks have all completed, from pool
[2023-07-17 01:05:29,743] {spark_submit.py:488} INFO - 23/07/17 01:05:29 INFO DAGScheduler: ShuffleMapStage 11 (showString at NativeMethodAccessorImpl.java:0) finished in 2.441 s
[2023-07-17 01:05:29,743] {spark_submit.py:488} INFO - 23/07/17 01:05:29 INFO DAGScheduler: looking for newly runnable stages
[2023-07-17 01:05:29,743] {spark_submit.py:488} INFO - 23/07/17 01:05:29 INFO DAGScheduler: running: Set()
[2023-07-17 01:05:29,743] {spark_submit.py:488} INFO - 23/07/17 01:05:29 INFO DAGScheduler: waiting: Set()
[2023-07-17 01:05:29,743] {spark_submit.py:488} INFO - 23/07/17 01:05:29 INFO DAGScheduler: failed: Set()
[2023-07-17 01:05:29,769] {spark_submit.py:488} INFO - 23/07/17 01:05:29 INFO ShufflePartitionsUtil: For shuffle(3), advisory target size: 67108864, actual target size 1048576, minimum partition size: 1048576
[2023-07-17 01:05:29,858] {spark_submit.py:488} INFO - 23/07/17 01:05:29 INFO CodeGenerator: Code generated in 29.966823 ms
[2023-07-17 01:05:29,858] {spark_submit.py:488} INFO - 23/07/17 01:05:29 INFO HashAggregateExec: spark.sql.codegen.aggregate.map.twolevel.enabled is set to true, but current version of codegened fast hashmap does not support this aggregate.
[2023-07-17 01:05:29,947] {spark_submit.py:488} INFO - 23/07/17 01:05:29 INFO CodeGenerator: Code generated in 68.671843 ms
[2023-07-17 01:05:30,063] {spark_submit.py:488} INFO - 23/07/17 01:05:30 INFO SparkContext: Starting job: showString at NativeMethodAccessorImpl.java:0
[2023-07-17 01:05:30,063] {spark_submit.py:488} INFO - 23/07/17 01:05:30 INFO DAGScheduler: Got job 9 (showString at NativeMethodAccessorImpl.java:0) with 1 output partitions
[2023-07-17 01:05:30,063] {spark_submit.py:488} INFO - 23/07/17 01:05:30 INFO DAGScheduler: Final stage: ResultStage 13 (showString at NativeMethodAccessorImpl.java:0)
[2023-07-17 01:05:30,063] {spark_submit.py:488} INFO - 23/07/17 01:05:30 INFO DAGScheduler: Parents of final stage: List(ShuffleMapStage 12)
[2023-07-17 01:05:30,063] {spark_submit.py:488} INFO - 23/07/17 01:05:30 INFO DAGScheduler: Missing parents: List()
[2023-07-17 01:05:30,069] {spark_submit.py:488} INFO - 23/07/17 01:05:30 INFO DAGScheduler: Submitting ResultStage 13 (MapPartitionsRDD[35] at showString at NativeMethodAccessorImpl.java:0), which has no missing parents
[2023-07-17 01:05:30,115] {spark_submit.py:488} INFO - 23/07/17 01:05:30 INFO MemoryStore: Block broadcast_14 stored as values in memory (estimated size 41.0 KiB, free 433.4 MiB)
[2023-07-17 01:05:30,122] {spark_submit.py:488} INFO - 23/07/17 01:05:30 INFO MemoryStore: Block broadcast_14_piece0 stored as bytes in memory (estimated size 19.1 KiB, free 433.4 MiB)
[2023-07-17 01:05:30,122] {spark_submit.py:488} INFO - 23/07/17 01:05:30 INFO BlockManagerInfo: Added broadcast_14_piece0 in memory on cloud-virtual-machine.us-central1-a.c.bagas-project-386212.internal:46623 (size: 19.1 KiB, free: 434.2 MiB)
[2023-07-17 01:05:30,122] {spark_submit.py:488} INFO - 23/07/17 01:05:30 INFO SparkContext: Created broadcast 14 from broadcast at DAGScheduler.scala:1535
[2023-07-17 01:05:30,122] {spark_submit.py:488} INFO - 23/07/17 01:05:30 INFO DAGScheduler: Submitting 1 missing tasks from ResultStage 13 (MapPartitionsRDD[35] at showString at NativeMethodAccessorImpl.java:0) (first 15 tasks are for partitions Vector(0))
[2023-07-17 01:05:30,122] {spark_submit.py:488} INFO - 23/07/17 01:05:30 INFO TaskSchedulerImpl: Adding task set 13.0 with 1 tasks resource profile 0
[2023-07-17 01:05:30,129] {spark_submit.py:488} INFO - 23/07/17 01:05:30 INFO TaskSetManager: Starting task 0.0 in stage 13.0 (TID 13) (10.128.0.6, executor 0, partition 0, NODE_LOCAL, 7367 bytes)
[2023-07-17 01:05:30,182] {spark_submit.py:488} INFO - 23/07/17 01:05:30 INFO BlockManagerInfo: Added broadcast_14_piece0 in memory on 10.128.0.6:39035 (size: 19.1 KiB, free: 434.2 MiB)
[2023-07-17 01:05:30,282] {spark_submit.py:488} INFO - 23/07/17 01:05:30 INFO MapOutputTrackerMasterEndpoint: Asked to send map output locations for shuffle 3 to 10.128.0.6:49224
[2023-07-17 01:05:30,650] {spark_submit.py:488} INFO - 23/07/17 01:05:30 INFO TaskSetManager: Finished task 0.0 in stage 13.0 (TID 13) in 520 ms on 10.128.0.6 (executor 0) (1/1)
[2023-07-17 01:05:30,651] {spark_submit.py:488} INFO - 23/07/17 01:05:30 INFO DAGScheduler: ResultStage 13 (showString at NativeMethodAccessorImpl.java:0) finished in 0.551 s
[2023-07-17 01:05:30,651] {spark_submit.py:488} INFO - 23/07/17 01:05:30 INFO DAGScheduler: Job 9 is finished. Cancelling potential speculative or zombie tasks for this job
[2023-07-17 01:05:30,657] {spark_submit.py:488} INFO - 23/07/17 01:05:30 INFO TaskSchedulerImpl: Removed TaskSet 13.0, whose tasks have all completed, from pool
[2023-07-17 01:05:30,657] {spark_submit.py:488} INFO - 23/07/17 01:05:30 INFO TaskSchedulerImpl: Killing all running tasks in stage 13: Stage finished
[2023-07-17 01:05:30,657] {spark_submit.py:488} INFO - 23/07/17 01:05:30 INFO DAGScheduler: Job 9 finished: showString at NativeMethodAccessorImpl.java:0, took 0.595752 s
[2023-07-17 01:05:30,722] {spark_submit.py:488} INFO - 23/07/17 01:05:30 INFO CodeGenerator: Code generated in 48.613679 ms
[2023-07-17 01:05:30,792] {spark_submit.py:488} INFO - 23/07/17 01:05:30 INFO CodeGenerator: Code generated in 41.35227 ms
[2023-07-17 01:05:30,822] {spark_submit.py:488} INFO - +------------+------------+-----+
[2023-07-17 01:05:30,822] {spark_submit.py:488} INFO - |PUlocationID|DOlocationID|count|
[2023-07-17 01:05:30,822] {spark_submit.py:488} INFO - +------------+------------+-----+
[2023-07-17 01:05:30,822] {spark_submit.py:488} INFO - |       206.0|       206.0| 2374|
[2023-07-17 01:05:30,822] {spark_submit.py:488} INFO - |       221.0|       206.0| 2112|
[2023-07-17 01:05:30,822] {spark_submit.py:488} INFO - |       129.0|       129.0| 1902|
[2023-07-17 01:05:30,822] {spark_submit.py:488} INFO - |         7.0|         7.0| 1829|
[2023-07-17 01:05:30,823] {spark_submit.py:488} INFO - |       179.0|       179.0| 1736|
[2023-07-17 01:05:30,823] {spark_submit.py:488} INFO - +------------+------------+-----+
[2023-07-17 01:05:30,823] {spark_submit.py:488} INFO - 
[2023-07-17 01:05:31,155] {spark_submit.py:488} INFO - 23/07/17 01:05:31 INFO SparkContext: Invoking stop() from shutdown hook
[2023-07-17 01:05:31,156] {spark_submit.py:488} INFO - 23/07/17 01:05:31 INFO SparkContext: SparkContext is stopping with exitCode 0.
[2023-07-17 01:05:31,197] {spark_submit.py:488} INFO - 23/07/17 01:05:31 INFO SparkUI: Stopped Spark web UI at http://cloud-virtual-machine.us-central1-a.c.bagas-project-386212.internal:4040
[2023-07-17 01:05:31,316] {spark_submit.py:488} INFO - 23/07/17 01:05:31 INFO StandaloneSchedulerBackend: Shutting down all executors
[2023-07-17 01:05:31,322] {spark_submit.py:488} INFO - 23/07/17 01:05:31 INFO StandaloneSchedulerBackend$StandaloneDriverEndpoint: Asking each executor to shut down
[2023-07-17 01:05:31,423] {spark_submit.py:488} INFO - 23/07/17 01:05:31 INFO MapOutputTrackerMasterEndpoint: MapOutputTrackerMasterEndpoint stopped!
[2023-07-17 01:05:31,570] {spark_submit.py:488} INFO - 23/07/17 01:05:31 INFO MemoryStore: MemoryStore cleared
[2023-07-17 01:05:31,571] {spark_submit.py:488} INFO - 23/07/17 01:05:31 INFO BlockManager: BlockManager stopped
[2023-07-17 01:05:31,586] {spark_submit.py:488} INFO - 23/07/17 01:05:31 INFO BlockManagerMaster: BlockManagerMaster stopped
[2023-07-17 01:05:31,598] {spark_submit.py:488} INFO - 23/07/17 01:05:31 INFO OutputCommitCoordinator$OutputCommitCoordinatorEndpoint: OutputCommitCoordinator stopped!
[2023-07-17 01:05:31,652] {spark_submit.py:488} INFO - 23/07/17 01:05:31 INFO SparkContext: Successfully stopped SparkContext
[2023-07-17 01:05:31,653] {spark_submit.py:488} INFO - 23/07/17 01:05:31 INFO ShutdownHookManager: Shutdown hook called
[2023-07-17 01:05:31,654] {spark_submit.py:488} INFO - 23/07/17 01:05:31 INFO ShutdownHookManager: Deleting directory /tmp/spark-bb961211-ce15-455d-86b8-4490945fce1d
[2023-07-17 01:05:31,666] {spark_submit.py:488} INFO - 23/07/17 01:05:31 INFO ShutdownHookManager: Deleting directory /tmp/spark-764b25cb-a37c-4797-9e74-935e976316fb
[2023-07-17 01:05:31,679] {spark_submit.py:488} INFO - 23/07/17 01:05:31 INFO ShutdownHookManager: Deleting directory /tmp/spark-bb961211-ce15-455d-86b8-4490945fce1d/pyspark-0f83ccff-3583-4e52-96f7-0d05ed492879
[2023-07-17 01:05:31,909] {taskinstance.py:1288} INFO - Marking task as SUCCESS. dag_id=dagAlif, task_id=spark_submit, execution_date=20230716T010000, start_date=20230717T010411, end_date=20230717T010531
[2023-07-17 01:05:31,968] {local_task_job.py:154} INFO - Task exited with return code 0
[2023-07-17 01:05:32,011] {local_task_job.py:264} INFO - 1 downstream tasks scheduled from follow-on schedule check
